[0.390s] DEBUG:colcon:Command line arguments: ['/usr/bin/colcon', 'build', '--symlink-install']
[0.390s] DEBUG:colcon:Parsed command line arguments: Namespace(log_base=None, log_level=None, verb_name='build', build_base='build', install_base='install', merge_install=False, symlink_install=True, test_result_base=None, continue_on_error=False, executor='parallel', parallel_workers=12, event_handlers=None, ignore_user_meta=False, metas=['./colcon.meta'], base_paths=['.'], packages_ignore=None, packages_ignore_regex=None, paths=None, packages_up_to=None, packages_up_to_regex=None, packages_above=None, packages_above_and_dependencies=None, packages_above_depth=None, packages_select_by_dep=None, packages_skip_by_dep=None, packages_skip_up_to=None, packages_select_build_failed=False, packages_skip_build_finished=False, packages_select_test_failures=False, packages_skip_test_passed=False, packages_select=None, packages_skip=None, packages_select_regex=None, packages_skip_regex=None, packages_start=None, packages_end=None, allow_overriding=[], cmake_args=None, cmake_target=None, cmake_target_skip_unavailable=False, cmake_clean_cache=False, cmake_clean_first=False, cmake_force_configure=False, ament_cmake_args=None, catkin_cmake_args=None, catkin_skip_building_tests=False, mixin_files=None, mixin=None, verb_parser=<colcon_mixin.mixin.mixin_argument.MixinArgumentDecorator object at 0x7e892fc55750>, verb_extension=<colcon_core.verb.build.BuildVerb object at 0x7e892fc552a0>, main=<bound method BuildVerb.main of <colcon_core.verb.build.BuildVerb object at 0x7e892fc552a0>>, mixin_verb=('build',))
[0.693s] Level 1:colcon.colcon_core.package_discovery:discover_packages(colcon_meta) check parameters
[0.693s] Level 1:colcon.colcon_core.package_discovery:discover_packages(recursive) check parameters
[0.693s] Level 1:colcon.colcon_core.package_discovery:discover_packages(ignore) check parameters
[0.693s] Level 1:colcon.colcon_core.package_discovery:discover_packages(path) check parameters
[0.693s] Level 1:colcon.colcon_core.package_discovery:discover_packages(colcon_meta) discover
[0.693s] Level 1:colcon.colcon_core.package_discovery:discover_packages(recursive) discover
[0.693s] INFO:colcon.colcon_core.package_discovery:Crawling recursively for packages in '/home/luke/automobile_capstone/src'
[0.693s] Level 1:colcon.colcon_core.package_identification:_identify(.) by extensions ['ignore', 'ignore_ament_install']
[0.693s] Level 1:colcon.colcon_core.package_identification:_identify(.) by extension 'ignore'
[0.693s] Level 1:colcon.colcon_core.package_identification:_identify(.) by extension 'ignore_ament_install'
[0.693s] Level 1:colcon.colcon_core.package_identification:_identify(.) by extensions ['colcon_pkg']
[0.693s] Level 1:colcon.colcon_core.package_identification:_identify(.) by extension 'colcon_pkg'
[0.693s] Level 1:colcon.colcon_core.package_identification:_identify(.) by extensions ['colcon_meta']
[0.694s] Level 1:colcon.colcon_core.package_identification:_identify(.) by extension 'colcon_meta'
[0.694s] Level 1:colcon.colcon_core.package_identification:_identify(.) by extensions ['ros']
[0.694s] Level 1:colcon.colcon_core.package_identification:_identify(.) by extension 'ros'
[0.703s] Level 1:colcon.colcon_core.package_identification:_identify(.) by extensions ['cmake', 'python']
[0.703s] Level 1:colcon.colcon_core.package_identification:_identify(.) by extension 'cmake'
[0.703s] Level 1:colcon.colcon_core.package_identification:_identify(.) by extension 'python'
[0.703s] Level 1:colcon.colcon_core.package_identification:_identify(.) by extensions ['python_setup_py']
[0.703s] Level 1:colcon.colcon_core.package_identification:_identify(.) by extension 'python_setup_py'
[0.703s] Level 1:colcon.colcon_core.package_identification:_identify(build) by extensions ['ignore', 'ignore_ament_install']
[0.703s] Level 1:colcon.colcon_core.package_identification:_identify(build) by extension 'ignore'
[0.703s] Level 1:colcon.colcon_core.package_identification:_identify(build) ignored
[0.703s] Level 1:colcon.colcon_core.package_identification:_identify(camera_perception_pkg) by extensions ['ignore', 'ignore_ament_install']
[0.704s] Level 1:colcon.colcon_core.package_identification:_identify(camera_perception_pkg) by extension 'ignore'
[0.704s] Level 1:colcon.colcon_core.package_identification:_identify(camera_perception_pkg) by extension 'ignore_ament_install'
[0.704s] Level 1:colcon.colcon_core.package_identification:_identify(camera_perception_pkg) by extensions ['colcon_pkg']
[0.704s] Level 1:colcon.colcon_core.package_identification:_identify(camera_perception_pkg) by extension 'colcon_pkg'
[0.704s] Level 1:colcon.colcon_core.package_identification:_identify(camera_perception_pkg) by extensions ['colcon_meta']
[0.704s] Level 1:colcon.colcon_core.package_identification:_identify(camera_perception_pkg) by extension 'colcon_meta'
[0.704s] Level 1:colcon.colcon_core.package_identification:_identify(camera_perception_pkg) by extensions ['ros']
[0.704s] Level 1:colcon.colcon_core.package_identification:_identify(camera_perception_pkg) by extension 'ros'
[0.712s] DEBUG:colcon.colcon_core.package_identification:Package 'camera_perception_pkg' with type 'ros.ament_python' and name 'camera_perception_pkg'
[0.713s] Level 1:colcon.colcon_core.package_identification:_identify(control) by extensions ['ignore', 'ignore_ament_install']
[0.713s] Level 1:colcon.colcon_core.package_identification:_identify(control) by extension 'ignore'
[0.713s] Level 1:colcon.colcon_core.package_identification:_identify(control) by extension 'ignore_ament_install'
[0.713s] Level 1:colcon.colcon_core.package_identification:_identify(control) by extensions ['colcon_pkg']
[0.713s] Level 1:colcon.colcon_core.package_identification:_identify(control) by extension 'colcon_pkg'
[0.713s] Level 1:colcon.colcon_core.package_identification:_identify(control) by extensions ['colcon_meta']
[0.713s] Level 1:colcon.colcon_core.package_identification:_identify(control) by extension 'colcon_meta'
[0.713s] Level 1:colcon.colcon_core.package_identification:_identify(control) by extensions ['ros']
[0.713s] Level 1:colcon.colcon_core.package_identification:_identify(control) by extension 'ros'
[0.713s] Level 1:colcon.colcon_core.package_identification:_identify(control) by extensions ['cmake', 'python']
[0.713s] Level 1:colcon.colcon_core.package_identification:_identify(control) by extension 'cmake'
[0.713s] Level 1:colcon.colcon_core.package_identification:_identify(control) by extension 'python'
[0.713s] Level 1:colcon.colcon_core.package_identification:_identify(control) by extensions ['python_setup_py']
[0.713s] Level 1:colcon.colcon_core.package_identification:_identify(control) by extension 'python_setup_py'
[0.713s] Level 1:colcon.colcon_core.package_identification:_identify(control/check_variable_resistor) by extensions ['ignore', 'ignore_ament_install']
[0.713s] Level 1:colcon.colcon_core.package_identification:_identify(control/check_variable_resistor) by extension 'ignore'
[0.714s] Level 1:colcon.colcon_core.package_identification:_identify(control/check_variable_resistor) by extension 'ignore_ament_install'
[0.714s] Level 1:colcon.colcon_core.package_identification:_identify(control/check_variable_resistor) by extensions ['colcon_pkg']
[0.714s] Level 1:colcon.colcon_core.package_identification:_identify(control/check_variable_resistor) by extension 'colcon_pkg'
[0.714s] Level 1:colcon.colcon_core.package_identification:_identify(control/check_variable_resistor) by extensions ['colcon_meta']
[0.714s] Level 1:colcon.colcon_core.package_identification:_identify(control/check_variable_resistor) by extension 'colcon_meta'
[0.714s] Level 1:colcon.colcon_core.package_identification:_identify(control/check_variable_resistor) by extensions ['ros']
[0.714s] Level 1:colcon.colcon_core.package_identification:_identify(control/check_variable_resistor) by extension 'ros'
[0.714s] Level 1:colcon.colcon_core.package_identification:_identify(control/check_variable_resistor) by extensions ['cmake', 'python']
[0.714s] Level 1:colcon.colcon_core.package_identification:_identify(control/check_variable_resistor) by extension 'cmake'
[0.714s] Level 1:colcon.colcon_core.package_identification:_identify(control/check_variable_resistor) by extension 'python'
[0.714s] Level 1:colcon.colcon_core.package_identification:_identify(control/check_variable_resistor) by extensions ['python_setup_py']
[0.714s] Level 1:colcon.colcon_core.package_identification:_identify(control/check_variable_resistor) by extension 'python_setup_py'
[0.714s] Level 1:colcon.colcon_core.package_identification:_identify(control/driving) by extensions ['ignore', 'ignore_ament_install']
[0.714s] Level 1:colcon.colcon_core.package_identification:_identify(control/driving) by extension 'ignore'
[0.714s] Level 1:colcon.colcon_core.package_identification:_identify(control/driving) by extension 'ignore_ament_install'
[0.714s] Level 1:colcon.colcon_core.package_identification:_identify(control/driving) by extensions ['colcon_pkg']
[0.714s] Level 1:colcon.colcon_core.package_identification:_identify(control/driving) by extension 'colcon_pkg'
[0.714s] Level 1:colcon.colcon_core.package_identification:_identify(control/driving) by extensions ['colcon_meta']
[0.714s] Level 1:colcon.colcon_core.package_identification:_identify(control/driving) by extension 'colcon_meta'
[0.714s] Level 1:colcon.colcon_core.package_identification:_identify(control/driving) by extensions ['ros']
[0.714s] Level 1:colcon.colcon_core.package_identification:_identify(control/driving) by extension 'ros'
[0.714s] Level 1:colcon.colcon_core.package_identification:_identify(control/driving) by extensions ['cmake', 'python']
[0.714s] Level 1:colcon.colcon_core.package_identification:_identify(control/driving) by extension 'cmake'
[0.715s] Level 1:colcon.colcon_core.package_identification:_identify(control/driving) by extension 'python'
[0.715s] Level 1:colcon.colcon_core.package_identification:_identify(control/driving) by extensions ['python_setup_py']
[0.715s] Level 1:colcon.colcon_core.package_identification:_identify(control/driving) by extension 'python_setup_py'
[0.715s] Level 1:colcon.colcon_core.package_identification:_identify(control/motor_test) by extensions ['ignore', 'ignore_ament_install']
[0.715s] Level 1:colcon.colcon_core.package_identification:_identify(control/motor_test) by extension 'ignore'
[0.715s] Level 1:colcon.colcon_core.package_identification:_identify(control/motor_test) by extension 'ignore_ament_install'
[0.715s] Level 1:colcon.colcon_core.package_identification:_identify(control/motor_test) by extensions ['colcon_pkg']
[0.715s] Level 1:colcon.colcon_core.package_identification:_identify(control/motor_test) by extension 'colcon_pkg'
[0.715s] Level 1:colcon.colcon_core.package_identification:_identify(control/motor_test) by extensions ['colcon_meta']
[0.715s] Level 1:colcon.colcon_core.package_identification:_identify(control/motor_test) by extension 'colcon_meta'
[0.715s] Level 1:colcon.colcon_core.package_identification:_identify(control/motor_test) by extensions ['ros']
[0.715s] Level 1:colcon.colcon_core.package_identification:_identify(control/motor_test) by extension 'ros'
[0.715s] Level 1:colcon.colcon_core.package_identification:_identify(control/motor_test) by extensions ['cmake', 'python']
[0.715s] Level 1:colcon.colcon_core.package_identification:_identify(control/motor_test) by extension 'cmake'
[0.715s] Level 1:colcon.colcon_core.package_identification:_identify(control/motor_test) by extension 'python'
[0.715s] Level 1:colcon.colcon_core.package_identification:_identify(control/motor_test) by extensions ['python_setup_py']
[0.715s] Level 1:colcon.colcon_core.package_identification:_identify(control/motor_test) by extension 'python_setup_py'
[0.715s] Level 1:colcon.colcon_core.package_identification:_identify(data_collection) by extensions ['ignore', 'ignore_ament_install']
[0.715s] Level 1:colcon.colcon_core.package_identification:_identify(data_collection) by extension 'ignore'
[0.715s] Level 1:colcon.colcon_core.package_identification:_identify(data_collection) by extension 'ignore_ament_install'
[0.715s] Level 1:colcon.colcon_core.package_identification:_identify(data_collection) by extensions ['colcon_pkg']
[0.716s] Level 1:colcon.colcon_core.package_identification:_identify(data_collection) by extension 'colcon_pkg'
[0.716s] Level 1:colcon.colcon_core.package_identification:_identify(data_collection) by extensions ['colcon_meta']
[0.716s] Level 1:colcon.colcon_core.package_identification:_identify(data_collection) by extension 'colcon_meta'
[0.716s] Level 1:colcon.colcon_core.package_identification:_identify(data_collection) by extensions ['ros']
[0.716s] Level 1:colcon.colcon_core.package_identification:_identify(data_collection) by extension 'ros'
[0.716s] Level 1:colcon.colcon_core.package_identification:_identify(data_collection) by extensions ['cmake', 'python']
[0.716s] Level 1:colcon.colcon_core.package_identification:_identify(data_collection) by extension 'cmake'
[0.716s] Level 1:colcon.colcon_core.package_identification:_identify(data_collection) by extension 'python'
[0.716s] Level 1:colcon.colcon_core.package_identification:_identify(data_collection) by extensions ['python_setup_py']
[0.716s] Level 1:colcon.colcon_core.package_identification:_identify(data_collection) by extension 'python_setup_py'
[0.716s] Level 1:colcon.colcon_core.package_identification:_identify(debug_pkg) by extensions ['ignore', 'ignore_ament_install']
[0.716s] Level 1:colcon.colcon_core.package_identification:_identify(debug_pkg) by extension 'ignore'
[0.716s] Level 1:colcon.colcon_core.package_identification:_identify(debug_pkg) by extension 'ignore_ament_install'
[0.716s] Level 1:colcon.colcon_core.package_identification:_identify(debug_pkg) by extensions ['colcon_pkg']
[0.716s] Level 1:colcon.colcon_core.package_identification:_identify(debug_pkg) by extension 'colcon_pkg'
[0.716s] Level 1:colcon.colcon_core.package_identification:_identify(debug_pkg) by extensions ['colcon_meta']
[0.716s] Level 1:colcon.colcon_core.package_identification:_identify(debug_pkg) by extension 'colcon_meta'
[0.716s] Level 1:colcon.colcon_core.package_identification:_identify(debug_pkg) by extensions ['ros']
[0.716s] Level 1:colcon.colcon_core.package_identification:_identify(debug_pkg) by extension 'ros'
[0.717s] DEBUG:colcon.colcon_core.package_identification:Package 'debug_pkg' with type 'ros.ament_python' and name 'debug_pkg'
[0.717s] Level 1:colcon.colcon_core.package_identification:_identify(decision_making_pkg) by extensions ['ignore', 'ignore_ament_install']
[0.717s] Level 1:colcon.colcon_core.package_identification:_identify(decision_making_pkg) by extension 'ignore'
[0.717s] Level 1:colcon.colcon_core.package_identification:_identify(decision_making_pkg) by extension 'ignore_ament_install'
[0.717s] Level 1:colcon.colcon_core.package_identification:_identify(decision_making_pkg) by extensions ['colcon_pkg']
[0.717s] Level 1:colcon.colcon_core.package_identification:_identify(decision_making_pkg) by extension 'colcon_pkg'
[0.717s] Level 1:colcon.colcon_core.package_identification:_identify(decision_making_pkg) by extensions ['colcon_meta']
[0.717s] Level 1:colcon.colcon_core.package_identification:_identify(decision_making_pkg) by extension 'colcon_meta'
[0.717s] Level 1:colcon.colcon_core.package_identification:_identify(decision_making_pkg) by extensions ['ros']
[0.717s] Level 1:colcon.colcon_core.package_identification:_identify(decision_making_pkg) by extension 'ros'
[0.718s] DEBUG:colcon.colcon_core.package_identification:Package 'decision_making_pkg' with type 'ros.ament_python' and name 'decision_making_pkg'
[0.718s] Level 1:colcon.colcon_core.package_identification:_identify(install) by extensions ['ignore', 'ignore_ament_install']
[0.718s] Level 1:colcon.colcon_core.package_identification:_identify(install) by extension 'ignore'
[0.718s] Level 1:colcon.colcon_core.package_identification:_identify(install) ignored
[0.718s] Level 1:colcon.colcon_core.package_identification:_identify(interfaces_pkg) by extensions ['ignore', 'ignore_ament_install']
[0.718s] Level 1:colcon.colcon_core.package_identification:_identify(interfaces_pkg) by extension 'ignore'
[0.718s] Level 1:colcon.colcon_core.package_identification:_identify(interfaces_pkg) by extension 'ignore_ament_install'
[0.718s] Level 1:colcon.colcon_core.package_identification:_identify(interfaces_pkg) by extensions ['colcon_pkg']
[0.718s] Level 1:colcon.colcon_core.package_identification:_identify(interfaces_pkg) by extension 'colcon_pkg'
[0.718s] Level 1:colcon.colcon_core.package_identification:_identify(interfaces_pkg) by extensions ['colcon_meta']
[0.718s] Level 1:colcon.colcon_core.package_identification:_identify(interfaces_pkg) by extension 'colcon_meta'
[0.718s] Level 1:colcon.colcon_core.package_identification:_identify(interfaces_pkg) by extensions ['ros']
[0.718s] Level 1:colcon.colcon_core.package_identification:_identify(interfaces_pkg) by extension 'ros'
[0.719s] DEBUG:colcon.colcon_core.package_identification:Package 'interfaces_pkg' with type 'ros.ament_cmake' and name 'interfaces_pkg'
[0.719s] Level 1:colcon.colcon_core.package_identification:_identify(lidar_perception_pkg) by extensions ['ignore', 'ignore_ament_install']
[0.719s] Level 1:colcon.colcon_core.package_identification:_identify(lidar_perception_pkg) by extension 'ignore'
[0.719s] Level 1:colcon.colcon_core.package_identification:_identify(lidar_perception_pkg) by extension 'ignore_ament_install'
[0.719s] Level 1:colcon.colcon_core.package_identification:_identify(lidar_perception_pkg) by extensions ['colcon_pkg']
[0.719s] Level 1:colcon.colcon_core.package_identification:_identify(lidar_perception_pkg) by extension 'colcon_pkg'
[0.719s] Level 1:colcon.colcon_core.package_identification:_identify(lidar_perception_pkg) by extensions ['colcon_meta']
[0.719s] Level 1:colcon.colcon_core.package_identification:_identify(lidar_perception_pkg) by extension 'colcon_meta'
[0.719s] Level 1:colcon.colcon_core.package_identification:_identify(lidar_perception_pkg) by extensions ['ros']
[0.719s] Level 1:colcon.colcon_core.package_identification:_identify(lidar_perception_pkg) by extension 'ros'
[0.720s] DEBUG:colcon.colcon_core.package_identification:Package 'lidar_perception_pkg' with type 'ros.ament_python' and name 'lidar_perception_pkg'
[0.720s] Level 1:colcon.colcon_core.package_identification:_identify(log) by extensions ['ignore', 'ignore_ament_install']
[0.720s] Level 1:colcon.colcon_core.package_identification:_identify(log) by extension 'ignore'
[0.720s] Level 1:colcon.colcon_core.package_identification:_identify(log) ignored
[0.720s] Level 1:colcon.colcon_core.package_identification:_identify(serial_communication_pkg) by extensions ['ignore', 'ignore_ament_install']
[0.720s] Level 1:colcon.colcon_core.package_identification:_identify(serial_communication_pkg) by extension 'ignore'
[0.720s] Level 1:colcon.colcon_core.package_identification:_identify(serial_communication_pkg) by extension 'ignore_ament_install'
[0.720s] Level 1:colcon.colcon_core.package_identification:_identify(serial_communication_pkg) by extensions ['colcon_pkg']
[0.720s] Level 1:colcon.colcon_core.package_identification:_identify(serial_communication_pkg) by extension 'colcon_pkg'
[0.720s] Level 1:colcon.colcon_core.package_identification:_identify(serial_communication_pkg) by extensions ['colcon_meta']
[0.720s] Level 1:colcon.colcon_core.package_identification:_identify(serial_communication_pkg) by extension 'colcon_meta'
[0.721s] Level 1:colcon.colcon_core.package_identification:_identify(serial_communication_pkg) by extensions ['ros']
[0.721s] Level 1:colcon.colcon_core.package_identification:_identify(serial_communication_pkg) by extension 'ros'
[0.721s] DEBUG:colcon.colcon_core.package_identification:Package 'serial_communication_pkg' with type 'ros.ament_python' and name 'serial_communication_pkg'
[0.721s] Level 1:colcon.colcon_core.package_discovery:discover_packages(recursive) using defaults
[0.721s] Level 1:colcon.colcon_core.package_discovery:discover_packages(ignore) discover
[0.721s] Level 1:colcon.colcon_core.package_discovery:discover_packages(ignore) using defaults
[0.721s] Level 1:colcon.colcon_core.package_discovery:discover_packages(path) discover
[0.721s] Level 1:colcon.colcon_core.package_discovery:discover_packages(path) using defaults
[0.744s] Level 1:colcon.colcon_core.package_discovery:discover_packages(prefix_path) check parameters
[0.744s] Level 1:colcon.colcon_core.package_discovery:discover_packages(prefix_path) discover
[0.746s] DEBUG:colcon.colcon_installed_package_information.package_discovery:Found 271 installed packages in /opt/ros/humble
[0.748s] Level 1:colcon.colcon_core.package_discovery:discover_packages(prefix_path) using defaults
[0.776s] Level 5:colcon.colcon_core.verb:set package 'camera_perception_pkg' build argument 'cmake_args' from command line to 'None'
[0.776s] Level 5:colcon.colcon_core.verb:set package 'camera_perception_pkg' build argument 'cmake_target' from command line to 'None'
[0.776s] Level 5:colcon.colcon_core.verb:set package 'camera_perception_pkg' build argument 'cmake_target_skip_unavailable' from command line to 'False'
[0.776s] Level 5:colcon.colcon_core.verb:set package 'camera_perception_pkg' build argument 'cmake_clean_cache' from command line to 'False'
[0.776s] Level 5:colcon.colcon_core.verb:set package 'camera_perception_pkg' build argument 'cmake_clean_first' from command line to 'False'
[0.776s] Level 5:colcon.colcon_core.verb:set package 'camera_perception_pkg' build argument 'cmake_force_configure' from command line to 'False'
[0.776s] Level 5:colcon.colcon_core.verb:set package 'camera_perception_pkg' build argument 'ament_cmake_args' from command line to 'None'
[0.776s] Level 5:colcon.colcon_core.verb:set package 'camera_perception_pkg' build argument 'catkin_cmake_args' from command line to 'None'
[0.776s] Level 5:colcon.colcon_core.verb:set package 'camera_perception_pkg' build argument 'catkin_skip_building_tests' from command line to 'False'
[0.776s] DEBUG:colcon.colcon_core.verb:Building package 'camera_perception_pkg' with the following arguments: {'ament_cmake_args': None, 'build_base': '/home/luke/automobile_capstone/src/build/camera_perception_pkg', 'catkin_cmake_args': None, 'catkin_skip_building_tests': False, 'cmake_args': None, 'cmake_clean_cache': False, 'cmake_clean_first': False, 'cmake_force_configure': False, 'cmake_target': None, 'cmake_target_skip_unavailable': False, 'install_base': '/home/luke/automobile_capstone/src/install/camera_perception_pkg', 'merge_install': False, 'path': '/home/luke/automobile_capstone/src/camera_perception_pkg', 'symlink_install': True, 'test_result_base': None}
[0.777s] Level 5:colcon.colcon_core.verb:set package 'debug_pkg' build argument 'cmake_args' from command line to 'None'
[0.777s] Level 5:colcon.colcon_core.verb:set package 'debug_pkg' build argument 'cmake_target' from command line to 'None'
[0.777s] Level 5:colcon.colcon_core.verb:set package 'debug_pkg' build argument 'cmake_target_skip_unavailable' from command line to 'False'
[0.777s] Level 5:colcon.colcon_core.verb:set package 'debug_pkg' build argument 'cmake_clean_cache' from command line to 'False'
[0.777s] Level 5:colcon.colcon_core.verb:set package 'debug_pkg' build argument 'cmake_clean_first' from command line to 'False'
[0.777s] Level 5:colcon.colcon_core.verb:set package 'debug_pkg' build argument 'cmake_force_configure' from command line to 'False'
[0.777s] Level 5:colcon.colcon_core.verb:set package 'debug_pkg' build argument 'ament_cmake_args' from command line to 'None'
[0.777s] Level 5:colcon.colcon_core.verb:set package 'debug_pkg' build argument 'catkin_cmake_args' from command line to 'None'
[0.777s] Level 5:colcon.colcon_core.verb:set package 'debug_pkg' build argument 'catkin_skip_building_tests' from command line to 'False'
[0.777s] DEBUG:colcon.colcon_core.verb:Building package 'debug_pkg' with the following arguments: {'ament_cmake_args': None, 'build_base': '/home/luke/automobile_capstone/src/build/debug_pkg', 'catkin_cmake_args': None, 'catkin_skip_building_tests': False, 'cmake_args': None, 'cmake_clean_cache': False, 'cmake_clean_first': False, 'cmake_force_configure': False, 'cmake_target': None, 'cmake_target_skip_unavailable': False, 'install_base': '/home/luke/automobile_capstone/src/install/debug_pkg', 'merge_install': False, 'path': '/home/luke/automobile_capstone/src/debug_pkg', 'symlink_install': True, 'test_result_base': None}
[0.777s] Level 5:colcon.colcon_core.verb:set package 'decision_making_pkg' build argument 'cmake_args' from command line to 'None'
[0.777s] Level 5:colcon.colcon_core.verb:set package 'decision_making_pkg' build argument 'cmake_target' from command line to 'None'
[0.777s] Level 5:colcon.colcon_core.verb:set package 'decision_making_pkg' build argument 'cmake_target_skip_unavailable' from command line to 'False'
[0.777s] Level 5:colcon.colcon_core.verb:set package 'decision_making_pkg' build argument 'cmake_clean_cache' from command line to 'False'
[0.777s] Level 5:colcon.colcon_core.verb:set package 'decision_making_pkg' build argument 'cmake_clean_first' from command line to 'False'
[0.777s] Level 5:colcon.colcon_core.verb:set package 'decision_making_pkg' build argument 'cmake_force_configure' from command line to 'False'
[0.777s] Level 5:colcon.colcon_core.verb:set package 'decision_making_pkg' build argument 'ament_cmake_args' from command line to 'None'
[0.777s] Level 5:colcon.colcon_core.verb:set package 'decision_making_pkg' build argument 'catkin_cmake_args' from command line to 'None'
[0.777s] Level 5:colcon.colcon_core.verb:set package 'decision_making_pkg' build argument 'catkin_skip_building_tests' from command line to 'False'
[0.777s] DEBUG:colcon.colcon_core.verb:Building package 'decision_making_pkg' with the following arguments: {'ament_cmake_args': None, 'build_base': '/home/luke/automobile_capstone/src/build/decision_making_pkg', 'catkin_cmake_args': None, 'catkin_skip_building_tests': False, 'cmake_args': None, 'cmake_clean_cache': False, 'cmake_clean_first': False, 'cmake_force_configure': False, 'cmake_target': None, 'cmake_target_skip_unavailable': False, 'install_base': '/home/luke/automobile_capstone/src/install/decision_making_pkg', 'merge_install': False, 'path': '/home/luke/automobile_capstone/src/decision_making_pkg', 'symlink_install': True, 'test_result_base': None}
[0.778s] Level 5:colcon.colcon_core.verb:set package 'interfaces_pkg' build argument 'cmake_args' from command line to 'None'
[0.778s] Level 5:colcon.colcon_core.verb:set package 'interfaces_pkg' build argument 'cmake_target' from command line to 'None'
[0.778s] Level 5:colcon.colcon_core.verb:set package 'interfaces_pkg' build argument 'cmake_target_skip_unavailable' from command line to 'False'
[0.778s] Level 5:colcon.colcon_core.verb:set package 'interfaces_pkg' build argument 'cmake_clean_cache' from command line to 'False'
[0.778s] Level 5:colcon.colcon_core.verb:set package 'interfaces_pkg' build argument 'cmake_clean_first' from command line to 'False'
[0.778s] Level 5:colcon.colcon_core.verb:set package 'interfaces_pkg' build argument 'cmake_force_configure' from command line to 'False'
[0.778s] Level 5:colcon.colcon_core.verb:set package 'interfaces_pkg' build argument 'ament_cmake_args' from command line to 'None'
[0.778s] Level 5:colcon.colcon_core.verb:set package 'interfaces_pkg' build argument 'catkin_cmake_args' from command line to 'None'
[0.778s] Level 5:colcon.colcon_core.verb:set package 'interfaces_pkg' build argument 'catkin_skip_building_tests' from command line to 'False'
[0.778s] DEBUG:colcon.colcon_core.verb:Building package 'interfaces_pkg' with the following arguments: {'ament_cmake_args': None, 'build_base': '/home/luke/automobile_capstone/src/build/interfaces_pkg', 'catkin_cmake_args': None, 'catkin_skip_building_tests': False, 'cmake_args': None, 'cmake_clean_cache': False, 'cmake_clean_first': False, 'cmake_force_configure': False, 'cmake_target': None, 'cmake_target_skip_unavailable': False, 'install_base': '/home/luke/automobile_capstone/src/install/interfaces_pkg', 'merge_install': False, 'path': '/home/luke/automobile_capstone/src/interfaces_pkg', 'symlink_install': True, 'test_result_base': None}
[0.778s] Level 5:colcon.colcon_core.verb:set package 'lidar_perception_pkg' build argument 'cmake_args' from command line to 'None'
[0.778s] Level 5:colcon.colcon_core.verb:set package 'lidar_perception_pkg' build argument 'cmake_target' from command line to 'None'
[0.778s] Level 5:colcon.colcon_core.verb:set package 'lidar_perception_pkg' build argument 'cmake_target_skip_unavailable' from command line to 'False'
[0.778s] Level 5:colcon.colcon_core.verb:set package 'lidar_perception_pkg' build argument 'cmake_clean_cache' from command line to 'False'
[0.778s] Level 5:colcon.colcon_core.verb:set package 'lidar_perception_pkg' build argument 'cmake_clean_first' from command line to 'False'
[0.778s] Level 5:colcon.colcon_core.verb:set package 'lidar_perception_pkg' build argument 'cmake_force_configure' from command line to 'False'
[0.778s] Level 5:colcon.colcon_core.verb:set package 'lidar_perception_pkg' build argument 'ament_cmake_args' from command line to 'None'
[0.778s] Level 5:colcon.colcon_core.verb:set package 'lidar_perception_pkg' build argument 'catkin_cmake_args' from command line to 'None'
[0.778s] Level 5:colcon.colcon_core.verb:set package 'lidar_perception_pkg' build argument 'catkin_skip_building_tests' from command line to 'False'
[0.778s] DEBUG:colcon.colcon_core.verb:Building package 'lidar_perception_pkg' with the following arguments: {'ament_cmake_args': None, 'build_base': '/home/luke/automobile_capstone/src/build/lidar_perception_pkg', 'catkin_cmake_args': None, 'catkin_skip_building_tests': False, 'cmake_args': None, 'cmake_clean_cache': False, 'cmake_clean_first': False, 'cmake_force_configure': False, 'cmake_target': None, 'cmake_target_skip_unavailable': False, 'install_base': '/home/luke/automobile_capstone/src/install/lidar_perception_pkg', 'merge_install': False, 'path': '/home/luke/automobile_capstone/src/lidar_perception_pkg', 'symlink_install': True, 'test_result_base': None}
[0.778s] Level 5:colcon.colcon_core.verb:set package 'serial_communication_pkg' build argument 'cmake_args' from command line to 'None'
[0.778s] Level 5:colcon.colcon_core.verb:set package 'serial_communication_pkg' build argument 'cmake_target' from command line to 'None'
[0.778s] Level 5:colcon.colcon_core.verb:set package 'serial_communication_pkg' build argument 'cmake_target_skip_unavailable' from command line to 'False'
[0.779s] Level 5:colcon.colcon_core.verb:set package 'serial_communication_pkg' build argument 'cmake_clean_cache' from command line to 'False'
[0.779s] Level 5:colcon.colcon_core.verb:set package 'serial_communication_pkg' build argument 'cmake_clean_first' from command line to 'False'
[0.779s] Level 5:colcon.colcon_core.verb:set package 'serial_communication_pkg' build argument 'cmake_force_configure' from command line to 'False'
[0.779s] Level 5:colcon.colcon_core.verb:set package 'serial_communication_pkg' build argument 'ament_cmake_args' from command line to 'None'
[0.779s] Level 5:colcon.colcon_core.verb:set package 'serial_communication_pkg' build argument 'catkin_cmake_args' from command line to 'None'
[0.779s] Level 5:colcon.colcon_core.verb:set package 'serial_communication_pkg' build argument 'catkin_skip_building_tests' from command line to 'False'
[0.779s] DEBUG:colcon.colcon_core.verb:Building package 'serial_communication_pkg' with the following arguments: {'ament_cmake_args': None, 'build_base': '/home/luke/automobile_capstone/src/build/serial_communication_pkg', 'catkin_cmake_args': None, 'catkin_skip_building_tests': False, 'cmake_args': None, 'cmake_clean_cache': False, 'cmake_clean_first': False, 'cmake_force_configure': False, 'cmake_target': None, 'cmake_target_skip_unavailable': False, 'install_base': '/home/luke/automobile_capstone/src/install/serial_communication_pkg', 'merge_install': False, 'path': '/home/luke/automobile_capstone/src/serial_communication_pkg', 'symlink_install': True, 'test_result_base': None}
[0.779s] INFO:colcon.colcon_core.executor:Executing jobs using 'parallel' executor
[0.779s] DEBUG:colcon.colcon_parallel_executor.executor.parallel:run_until_complete
[0.780s] INFO:colcon.colcon_ros.task.ament_python.build:Building ROS package in '/home/luke/automobile_capstone/src/camera_perception_pkg' with build type 'ament_python'
[0.780s] Level 1:colcon.colcon_core.shell:create_environment_hook('camera_perception_pkg', 'ament_prefix_path')
[0.783s] INFO:colcon.colcon_core.plugin_system:Skipping extension 'colcon_core.shell.bat': Not used on non-Windows systems
[0.783s] INFO:colcon.colcon_core.shell:Creating environment hook '/home/luke/automobile_capstone/src/install/camera_perception_pkg/share/camera_perception_pkg/hook/ament_prefix_path.ps1'
[0.784s] INFO:colcon.colcon_core.shell:Creating environment descriptor '/home/luke/automobile_capstone/src/install/camera_perception_pkg/share/camera_perception_pkg/hook/ament_prefix_path.dsv'
[0.784s] INFO:colcon.colcon_core.shell:Creating environment hook '/home/luke/automobile_capstone/src/install/camera_perception_pkg/share/camera_perception_pkg/hook/ament_prefix_path.sh'
[0.785s] INFO:colcon.colcon_core.shell:Skip shell extension 'powershell' for command environment: Not usable outside of PowerShell
[0.785s] DEBUG:colcon.colcon_core.shell:Skip shell extension 'dsv' for command environment
[0.787s] INFO:colcon.colcon_ros.task.ament_python.build:Building ROS package in '/home/luke/automobile_capstone/src/debug_pkg' with build type 'ament_python'
[0.787s] Level 1:colcon.colcon_core.shell:create_environment_hook('debug_pkg', 'ament_prefix_path')
[0.787s] INFO:colcon.colcon_core.shell:Creating environment hook '/home/luke/automobile_capstone/src/install/debug_pkg/share/debug_pkg/hook/ament_prefix_path.ps1'
[0.788s] INFO:colcon.colcon_core.shell:Creating environment descriptor '/home/luke/automobile_capstone/src/install/debug_pkg/share/debug_pkg/hook/ament_prefix_path.dsv'
[0.788s] INFO:colcon.colcon_core.shell:Creating environment hook '/home/luke/automobile_capstone/src/install/debug_pkg/share/debug_pkg/hook/ament_prefix_path.sh'
[0.788s] INFO:colcon.colcon_core.shell:Skip shell extension 'powershell' for command environment: Not usable outside of PowerShell
[0.788s] DEBUG:colcon.colcon_core.shell:Skip shell extension 'dsv' for command environment
[0.790s] INFO:colcon.colcon_ros.task.ament_python.build:Building ROS package in '/home/luke/automobile_capstone/src/decision_making_pkg' with build type 'ament_python'
[0.790s] Level 1:colcon.colcon_core.shell:create_environment_hook('decision_making_pkg', 'ament_prefix_path')
[0.790s] INFO:colcon.colcon_core.shell:Creating environment hook '/home/luke/automobile_capstone/src/install/decision_making_pkg/share/decision_making_pkg/hook/ament_prefix_path.ps1'
[0.790s] INFO:colcon.colcon_core.shell:Creating environment descriptor '/home/luke/automobile_capstone/src/install/decision_making_pkg/share/decision_making_pkg/hook/ament_prefix_path.dsv'
[0.791s] INFO:colcon.colcon_core.shell:Creating environment hook '/home/luke/automobile_capstone/src/install/decision_making_pkg/share/decision_making_pkg/hook/ament_prefix_path.sh'
[0.791s] INFO:colcon.colcon_core.shell:Skip shell extension 'powershell' for command environment: Not usable outside of PowerShell
[0.791s] DEBUG:colcon.colcon_core.shell:Skip shell extension 'dsv' for command environment
[0.793s] INFO:colcon.colcon_ros.task.ament_cmake.build:Building ROS package in '/home/luke/automobile_capstone/src/interfaces_pkg' with build type 'ament_cmake'
[0.793s] INFO:colcon.colcon_cmake.task.cmake.build:Building CMake package in '/home/luke/automobile_capstone/src/interfaces_pkg'
[0.794s] INFO:colcon.colcon_core.shell:Skip shell extension 'powershell' for command environment: Not usable outside of PowerShell
[0.794s] DEBUG:colcon.colcon_core.shell:Skip shell extension 'dsv' for command environment
[0.795s] INFO:colcon.colcon_ros.task.ament_python.build:Building ROS package in '/home/luke/automobile_capstone/src/lidar_perception_pkg' with build type 'ament_python'
[0.796s] Level 1:colcon.colcon_core.shell:create_environment_hook('lidar_perception_pkg', 'ament_prefix_path')
[0.796s] INFO:colcon.colcon_core.shell:Creating environment hook '/home/luke/automobile_capstone/src/install/lidar_perception_pkg/share/lidar_perception_pkg/hook/ament_prefix_path.ps1'
[0.796s] INFO:colcon.colcon_core.shell:Creating environment descriptor '/home/luke/automobile_capstone/src/install/lidar_perception_pkg/share/lidar_perception_pkg/hook/ament_prefix_path.dsv'
[0.797s] INFO:colcon.colcon_core.shell:Creating environment hook '/home/luke/automobile_capstone/src/install/lidar_perception_pkg/share/lidar_perception_pkg/hook/ament_prefix_path.sh'
[0.797s] INFO:colcon.colcon_core.shell:Skip shell extension 'powershell' for command environment: Not usable outside of PowerShell
[0.797s] DEBUG:colcon.colcon_core.shell:Skip shell extension 'dsv' for command environment
[0.799s] INFO:colcon.colcon_ros.task.ament_python.build:Building ROS package in '/home/luke/automobile_capstone/src/serial_communication_pkg' with build type 'ament_python'
[0.799s] Level 1:colcon.colcon_core.shell:create_environment_hook('serial_communication_pkg', 'ament_prefix_path')
[0.799s] INFO:colcon.colcon_core.shell:Creating environment hook '/home/luke/automobile_capstone/src/install/serial_communication_pkg/share/serial_communication_pkg/hook/ament_prefix_path.ps1'
[0.799s] INFO:colcon.colcon_core.shell:Creating environment descriptor '/home/luke/automobile_capstone/src/install/serial_communication_pkg/share/serial_communication_pkg/hook/ament_prefix_path.dsv'
[0.800s] INFO:colcon.colcon_core.shell:Creating environment hook '/home/luke/automobile_capstone/src/install/serial_communication_pkg/share/serial_communication_pkg/hook/ament_prefix_path.sh'
[0.800s] INFO:colcon.colcon_core.shell:Skip shell extension 'powershell' for command environment: Not usable outside of PowerShell
[0.800s] DEBUG:colcon.colcon_core.shell:Skip shell extension 'dsv' for command environment
[1.171s] INFO:colcon.colcon_core.task.python.build:Building Python package in '/home/luke/automobile_capstone/src/camera_perception_pkg'
[1.171s] INFO:colcon.colcon_core.shell:Skip shell extension 'powershell' for command environment: Not usable outside of PowerShell
[1.171s] DEBUG:colcon.colcon_core.shell:Skip shell extension 'dsv' for command environment
[1.509s] INFO:colcon.colcon_core.task.python.build:Building Python package in '/home/luke/automobile_capstone/src/debug_pkg'
[1.509s] INFO:colcon.colcon_core.shell:Skip shell extension 'powershell' for command environment: Not usable outside of PowerShell
[1.509s] DEBUG:colcon.colcon_core.shell:Skip shell extension 'dsv' for command environment
[1.728s] INFO:colcon.colcon_core.task.python.build:Building Python package in '/home/luke/automobile_capstone/src/decision_making_pkg'
[1.729s] INFO:colcon.colcon_core.shell:Skip shell extension 'powershell' for command environment: Not usable outside of PowerShell
[1.729s] DEBUG:colcon.colcon_core.shell:Skip shell extension 'dsv' for command environment
[1.733s] DEBUG:colcon.colcon_core.event_handler.log_command:Invoking command in '/home/luke/automobile_capstone/src/build/interfaces_pkg': CMAKE_PREFIX_PATH=/opt/ros/humble /usr/bin/cmake /home/luke/automobile_capstone/src/interfaces_pkg -DAMENT_CMAKE_SYMLINK_INSTALL=1 -DCMAKE_INSTALL_PREFIX=/home/luke/automobile_capstone/src/install/interfaces_pkg
[1.956s] INFO:colcon.colcon_core.task.python.build:Building Python package in '/home/luke/automobile_capstone/src/lidar_perception_pkg'
[1.956s] INFO:colcon.colcon_core.shell:Skip shell extension 'powershell' for command environment: Not usable outside of PowerShell
[1.956s] DEBUG:colcon.colcon_core.shell:Skip shell extension 'dsv' for command environment
[2.204s] INFO:colcon.colcon_core.task.python.build:Building Python package in '/home/luke/automobile_capstone/src/serial_communication_pkg'
[2.204s] INFO:colcon.colcon_core.shell:Skip shell extension 'powershell' for command environment: Not usable outside of PowerShell
[2.204s] DEBUG:colcon.colcon_core.shell:Skip shell extension 'dsv' for command environment
[2.549s] DEBUG:colcon.colcon_core.event_handler.log_command:Invoking command in '/home/luke/automobile_capstone/src/build/camera_perception_pkg': PYTHONPATH=/home/luke/automobile_capstone/src/build/camera_perception_pkg/prefix_override:/usr/lib/python3/dist-packages/colcon_core/task/python/colcon_distutils_commands:/home/luke/automobile_capstone/src/install/camera_perception_pkg/lib/python3.10/site-packages:${PYTHONPATH} /usr/bin/python3 -W ignore:setup.py install is deprecated -W ignore:easy_install command is deprecated setup.py develop --editable --build-directory /home/luke/automobile_capstone/src/build/camera_perception_pkg/build --no-deps symlink_data
[2.552s] DEBUG:colcon.colcon_core.event_handler.log_command:Invoking command in '/home/luke/automobile_capstone/src/build/serial_communication_pkg': PYTHONPATH=/home/luke/automobile_capstone/src/build/serial_communication_pkg/prefix_override:/usr/lib/python3/dist-packages/colcon_core/task/python/colcon_distutils_commands:/home/luke/automobile_capstone/src/install/serial_communication_pkg/lib/python3.10/site-packages:${PYTHONPATH} /usr/bin/python3 -W ignore:setup.py install is deprecated -W ignore:easy_install command is deprecated setup.py develop --editable --build-directory /home/luke/automobile_capstone/src/build/serial_communication_pkg/build --no-deps symlink_data
[2.554s] DEBUG:colcon.colcon_core.event_handler.log_command:Invoking command in '/home/luke/automobile_capstone/src/build/debug_pkg': PYTHONPATH=/home/luke/automobile_capstone/src/build/debug_pkg/prefix_override:/usr/lib/python3/dist-packages/colcon_core/task/python/colcon_distutils_commands:/home/luke/automobile_capstone/src/install/debug_pkg/lib/python3.10/site-packages:${PYTHONPATH} /usr/bin/python3 -W ignore:setup.py install is deprecated -W ignore:easy_install command is deprecated setup.py develop --editable --build-directory /home/luke/automobile_capstone/src/build/debug_pkg/build --no-deps symlink_data
[2.567s] DEBUG:colcon.colcon_core.event_handler.log_command:Invoking command in '/home/luke/automobile_capstone/src/build/decision_making_pkg': PYTHONPATH=/home/luke/automobile_capstone/src/build/decision_making_pkg/prefix_override:/usr/lib/python3/dist-packages/colcon_core/task/python/colcon_distutils_commands:/home/luke/automobile_capstone/src/install/decision_making_pkg/lib/python3.10/site-packages:${PYTHONPATH} /usr/bin/python3 -W ignore:setup.py install is deprecated -W ignore:easy_install command is deprecated setup.py develop --editable --build-directory /home/luke/automobile_capstone/src/build/decision_making_pkg/build --no-deps symlink_data
[2.570s] DEBUG:colcon.colcon_core.event_handler.log_command:Invoking command in '/home/luke/automobile_capstone/src/build/lidar_perception_pkg': PYTHONPATH=/home/luke/automobile_capstone/src/build/lidar_perception_pkg/prefix_override:/usr/lib/python3/dist-packages/colcon_core/task/python/colcon_distutils_commands:/home/luke/automobile_capstone/src/install/lidar_perception_pkg/lib/python3.10/site-packages:${PYTHONPATH} /usr/bin/python3 -W ignore:setup.py install is deprecated -W ignore:easy_install command is deprecated setup.py develop --editable --build-directory /home/luke/automobile_capstone/src/build/lidar_perception_pkg/build --no-deps symlink_data
[2.971s] Level 1:colcon.colcon_core.shell:create_environment_hook('camera_perception_pkg', 'pythonpath_develop')
[2.971s] INFO:colcon.colcon_core.shell:Creating environment hook '/home/luke/automobile_capstone/src/build/camera_perception_pkg/share/camera_perception_pkg/hook/pythonpath_develop.ps1'
[2.972s] DEBUG:colcon.colcon_core.event_handler.log_command:Invoked command in '/home/luke/automobile_capstone/src/build/camera_perception_pkg' returned '0': PYTHONPATH=/home/luke/automobile_capstone/src/build/camera_perception_pkg/prefix_override:/usr/lib/python3/dist-packages/colcon_core/task/python/colcon_distutils_commands:/home/luke/automobile_capstone/src/install/camera_perception_pkg/lib/python3.10/site-packages:${PYTHONPATH} /usr/bin/python3 -W ignore:setup.py install is deprecated -W ignore:easy_install command is deprecated setup.py develop --editable --build-directory /home/luke/automobile_capstone/src/build/camera_perception_pkg/build --no-deps symlink_data
[2.972s] INFO:colcon.colcon_core.shell:Creating environment descriptor '/home/luke/automobile_capstone/src/build/camera_perception_pkg/share/camera_perception_pkg/hook/pythonpath_develop.dsv'
[2.973s] INFO:colcon.colcon_core.shell:Creating environment hook '/home/luke/automobile_capstone/src/build/camera_perception_pkg/share/camera_perception_pkg/hook/pythonpath_develop.sh'
[2.977s] Level 1:colcon.colcon_core.environment:checking '/home/luke/automobile_capstone/src/install/camera_perception_pkg' for CMake module files
[2.978s] Level 1:colcon.colcon_core.environment:checking '/home/luke/automobile_capstone/src/install/camera_perception_pkg' for CMake config files
[2.978s] Level 1:colcon.colcon_core.environment:checking '/home/luke/automobile_capstone/src/install/camera_perception_pkg/lib'
[2.978s] Level 1:colcon.colcon_core.environment:checking '/home/luke/automobile_capstone/src/install/camera_perception_pkg/bin'
[2.978s] Level 1:colcon.colcon_core.environment:checking '/home/luke/automobile_capstone/src/install/camera_perception_pkg/lib/pkgconfig/camera_perception_pkg.pc'
[2.979s] Level 1:colcon.colcon_core.environment:checking '/home/luke/automobile_capstone/src/install/camera_perception_pkg/lib/python3.10/site-packages'
[2.979s] Level 1:colcon.colcon_core.shell:create_environment_hook('camera_perception_pkg', 'pythonpath')
[2.979s] INFO:colcon.colcon_core.shell:Creating environment hook '/home/luke/automobile_capstone/src/install/camera_perception_pkg/share/camera_perception_pkg/hook/pythonpath.ps1'
[2.980s] INFO:colcon.colcon_core.shell:Creating environment descriptor '/home/luke/automobile_capstone/src/install/camera_perception_pkg/share/camera_perception_pkg/hook/pythonpath.dsv'
[2.980s] INFO:colcon.colcon_core.shell:Creating environment hook '/home/luke/automobile_capstone/src/install/camera_perception_pkg/share/camera_perception_pkg/hook/pythonpath.sh'
[2.980s] Level 1:colcon.colcon_core.environment:checking '/home/luke/automobile_capstone/src/install/camera_perception_pkg/bin'
[2.980s] Level 1:colcon.colcon_core.environment:create_environment_scripts_only(camera_perception_pkg)
[2.981s] INFO:colcon.colcon_core.shell:Creating package script '/home/luke/automobile_capstone/src/install/camera_perception_pkg/share/camera_perception_pkg/package.ps1'
[2.982s] INFO:colcon.colcon_core.shell:Creating package descriptor '/home/luke/automobile_capstone/src/install/camera_perception_pkg/share/camera_perception_pkg/package.dsv'
[2.982s] INFO:colcon.colcon_core.shell:Creating package script '/home/luke/automobile_capstone/src/install/camera_perception_pkg/share/camera_perception_pkg/package.sh'
[2.983s] INFO:colcon.colcon_core.shell:Creating package script '/home/luke/automobile_capstone/src/install/camera_perception_pkg/share/camera_perception_pkg/package.bash'
[2.984s] INFO:colcon.colcon_core.shell:Creating package script '/home/luke/automobile_capstone/src/install/camera_perception_pkg/share/camera_perception_pkg/package.zsh'
[2.985s] Level 1:colcon.colcon_core.environment:create_file_with_runtime_dependencies(/home/luke/automobile_capstone/src/install/camera_perception_pkg/share/colcon-core/packages/camera_perception_pkg)
[2.999s] Level 1:colcon.colcon_core.shell:create_environment_hook('lidar_perception_pkg', 'pythonpath_develop')
[2.999s] INFO:colcon.colcon_core.shell:Creating environment hook '/home/luke/automobile_capstone/src/build/lidar_perception_pkg/share/lidar_perception_pkg/hook/pythonpath_develop.ps1'
[2.999s] DEBUG:colcon.colcon_core.event_handler.log_command:Invoked command in '/home/luke/automobile_capstone/src/build/lidar_perception_pkg' returned '0': PYTHONPATH=/home/luke/automobile_capstone/src/build/lidar_perception_pkg/prefix_override:/usr/lib/python3/dist-packages/colcon_core/task/python/colcon_distutils_commands:/home/luke/automobile_capstone/src/install/lidar_perception_pkg/lib/python3.10/site-packages:${PYTHONPATH} /usr/bin/python3 -W ignore:setup.py install is deprecated -W ignore:easy_install command is deprecated setup.py develop --editable --build-directory /home/luke/automobile_capstone/src/build/lidar_perception_pkg/build --no-deps symlink_data
[3.000s] INFO:colcon.colcon_core.shell:Creating environment descriptor '/home/luke/automobile_capstone/src/build/lidar_perception_pkg/share/lidar_perception_pkg/hook/pythonpath_develop.dsv'
[3.000s] INFO:colcon.colcon_core.shell:Creating environment hook '/home/luke/automobile_capstone/src/build/lidar_perception_pkg/share/lidar_perception_pkg/hook/pythonpath_develop.sh'
[3.001s] Level 1:colcon.colcon_core.environment:checking '/home/luke/automobile_capstone/src/install/lidar_perception_pkg' for CMake module files
[3.001s] Level 1:colcon.colcon_core.environment:checking '/home/luke/automobile_capstone/src/install/lidar_perception_pkg' for CMake config files
[3.001s] Level 1:colcon.colcon_core.environment:checking '/home/luke/automobile_capstone/src/install/lidar_perception_pkg/lib'
[3.001s] Level 1:colcon.colcon_core.environment:checking '/home/luke/automobile_capstone/src/install/lidar_perception_pkg/bin'
[3.002s] Level 1:colcon.colcon_core.environment:checking '/home/luke/automobile_capstone/src/install/lidar_perception_pkg/lib/pkgconfig/lidar_perception_pkg.pc'
[3.002s] Level 1:colcon.colcon_core.environment:checking '/home/luke/automobile_capstone/src/install/lidar_perception_pkg/lib/python3.10/site-packages'
[3.002s] Level 1:colcon.colcon_core.shell:create_environment_hook('lidar_perception_pkg', 'pythonpath')
[3.002s] INFO:colcon.colcon_core.shell:Creating environment hook '/home/luke/automobile_capstone/src/install/lidar_perception_pkg/share/lidar_perception_pkg/hook/pythonpath.ps1'
[3.002s] INFO:colcon.colcon_core.shell:Creating environment descriptor '/home/luke/automobile_capstone/src/install/lidar_perception_pkg/share/lidar_perception_pkg/hook/pythonpath.dsv'
[3.003s] INFO:colcon.colcon_core.shell:Creating environment hook '/home/luke/automobile_capstone/src/install/lidar_perception_pkg/share/lidar_perception_pkg/hook/pythonpath.sh'
[3.003s] Level 1:colcon.colcon_core.environment:checking '/home/luke/automobile_capstone/src/install/lidar_perception_pkg/bin'
[3.003s] Level 1:colcon.colcon_core.environment:create_environment_scripts_only(lidar_perception_pkg)
[3.003s] INFO:colcon.colcon_core.shell:Creating package script '/home/luke/automobile_capstone/src/install/lidar_perception_pkg/share/lidar_perception_pkg/package.ps1'
[3.004s] INFO:colcon.colcon_core.shell:Creating package descriptor '/home/luke/automobile_capstone/src/install/lidar_perception_pkg/share/lidar_perception_pkg/package.dsv'
[3.004s] INFO:colcon.colcon_core.shell:Creating package script '/home/luke/automobile_capstone/src/install/lidar_perception_pkg/share/lidar_perception_pkg/package.sh'
[3.004s] INFO:colcon.colcon_core.shell:Creating package script '/home/luke/automobile_capstone/src/install/lidar_perception_pkg/share/lidar_perception_pkg/package.bash'
[3.005s] INFO:colcon.colcon_core.shell:Creating package script '/home/luke/automobile_capstone/src/install/lidar_perception_pkg/share/lidar_perception_pkg/package.zsh'
[3.005s] Level 1:colcon.colcon_core.environment:create_file_with_runtime_dependencies(/home/luke/automobile_capstone/src/install/lidar_perception_pkg/share/colcon-core/packages/lidar_perception_pkg)
[3.006s] Level 1:colcon.colcon_core.shell:create_environment_hook('debug_pkg', 'pythonpath_develop')
[3.006s] INFO:colcon.colcon_core.shell:Creating environment hook '/home/luke/automobile_capstone/src/build/debug_pkg/share/debug_pkg/hook/pythonpath_develop.ps1'
[3.007s] DEBUG:colcon.colcon_core.event_handler.log_command:Invoked command in '/home/luke/automobile_capstone/src/build/debug_pkg' returned '0': PYTHONPATH=/home/luke/automobile_capstone/src/build/debug_pkg/prefix_override:/usr/lib/python3/dist-packages/colcon_core/task/python/colcon_distutils_commands:/home/luke/automobile_capstone/src/install/debug_pkg/lib/python3.10/site-packages:${PYTHONPATH} /usr/bin/python3 -W ignore:setup.py install is deprecated -W ignore:easy_install command is deprecated setup.py develop --editable --build-directory /home/luke/automobile_capstone/src/build/debug_pkg/build --no-deps symlink_data
[3.007s] INFO:colcon.colcon_core.shell:Creating environment descriptor '/home/luke/automobile_capstone/src/build/debug_pkg/share/debug_pkg/hook/pythonpath_develop.dsv'
[3.007s] INFO:colcon.colcon_core.shell:Creating environment hook '/home/luke/automobile_capstone/src/build/debug_pkg/share/debug_pkg/hook/pythonpath_develop.sh'
[3.008s] Level 1:colcon.colcon_core.environment:checking '/home/luke/automobile_capstone/src/install/debug_pkg' for CMake module files
[3.008s] Level 1:colcon.colcon_core.environment:checking '/home/luke/automobile_capstone/src/install/debug_pkg' for CMake config files
[3.008s] Level 1:colcon.colcon_core.environment:checking '/home/luke/automobile_capstone/src/install/debug_pkg/lib'
[3.008s] Level 1:colcon.colcon_core.environment:checking '/home/luke/automobile_capstone/src/install/debug_pkg/bin'
[3.008s] Level 1:colcon.colcon_core.environment:checking '/home/luke/automobile_capstone/src/install/debug_pkg/lib/pkgconfig/debug_pkg.pc'
[3.008s] Level 1:colcon.colcon_core.environment:checking '/home/luke/automobile_capstone/src/install/debug_pkg/lib/python3.10/site-packages'
[3.009s] Level 1:colcon.colcon_core.shell:create_environment_hook('debug_pkg', 'pythonpath')
[3.009s] INFO:colcon.colcon_core.shell:Creating environment hook '/home/luke/automobile_capstone/src/install/debug_pkg/share/debug_pkg/hook/pythonpath.ps1'
[3.009s] INFO:colcon.colcon_core.shell:Creating environment descriptor '/home/luke/automobile_capstone/src/install/debug_pkg/share/debug_pkg/hook/pythonpath.dsv'
[3.009s] INFO:colcon.colcon_core.shell:Creating environment hook '/home/luke/automobile_capstone/src/install/debug_pkg/share/debug_pkg/hook/pythonpath.sh'
[3.010s] Level 1:colcon.colcon_core.environment:checking '/home/luke/automobile_capstone/src/install/debug_pkg/bin'
[3.010s] Level 1:colcon.colcon_core.environment:create_environment_scripts_only(debug_pkg)
[3.010s] INFO:colcon.colcon_core.shell:Creating package script '/home/luke/automobile_capstone/src/install/debug_pkg/share/debug_pkg/package.ps1'
[3.010s] INFO:colcon.colcon_core.shell:Creating package descriptor '/home/luke/automobile_capstone/src/install/debug_pkg/share/debug_pkg/package.dsv'
[3.011s] INFO:colcon.colcon_core.shell:Creating package script '/home/luke/automobile_capstone/src/install/debug_pkg/share/debug_pkg/package.sh'
[3.011s] INFO:colcon.colcon_core.shell:Creating package script '/home/luke/automobile_capstone/src/install/debug_pkg/share/debug_pkg/package.bash'
[3.011s] INFO:colcon.colcon_core.shell:Creating package script '/home/luke/automobile_capstone/src/install/debug_pkg/share/debug_pkg/package.zsh'
[3.011s] Level 1:colcon.colcon_core.environment:create_file_with_runtime_dependencies(/home/luke/automobile_capstone/src/install/debug_pkg/share/colcon-core/packages/debug_pkg)
[3.012s] Level 1:colcon.colcon_core.shell:create_environment_hook('serial_communication_pkg', 'pythonpath_develop')
[3.012s] INFO:colcon.colcon_core.shell:Creating environment hook '/home/luke/automobile_capstone/src/build/serial_communication_pkg/share/serial_communication_pkg/hook/pythonpath_develop.ps1'
[3.013s] DEBUG:colcon.colcon_core.event_handler.log_command:Invoked command in '/home/luke/automobile_capstone/src/build/serial_communication_pkg' returned '0': PYTHONPATH=/home/luke/automobile_capstone/src/build/serial_communication_pkg/prefix_override:/usr/lib/python3/dist-packages/colcon_core/task/python/colcon_distutils_commands:/home/luke/automobile_capstone/src/install/serial_communication_pkg/lib/python3.10/site-packages:${PYTHONPATH} /usr/bin/python3 -W ignore:setup.py install is deprecated -W ignore:easy_install command is deprecated setup.py develop --editable --build-directory /home/luke/automobile_capstone/src/build/serial_communication_pkg/build --no-deps symlink_data
[3.013s] INFO:colcon.colcon_core.shell:Creating environment descriptor '/home/luke/automobile_capstone/src/build/serial_communication_pkg/share/serial_communication_pkg/hook/pythonpath_develop.dsv'
[3.013s] INFO:colcon.colcon_core.shell:Creating environment hook '/home/luke/automobile_capstone/src/build/serial_communication_pkg/share/serial_communication_pkg/hook/pythonpath_develop.sh'
[3.014s] Level 1:colcon.colcon_core.environment:checking '/home/luke/automobile_capstone/src/install/serial_communication_pkg' for CMake module files
[3.014s] Level 1:colcon.colcon_core.environment:checking '/home/luke/automobile_capstone/src/install/serial_communication_pkg' for CMake config files
[3.014s] Level 1:colcon.colcon_core.environment:checking '/home/luke/automobile_capstone/src/install/serial_communication_pkg/lib'
[3.014s] Level 1:colcon.colcon_core.environment:checking '/home/luke/automobile_capstone/src/install/serial_communication_pkg/bin'
[3.015s] Level 1:colcon.colcon_core.environment:checking '/home/luke/automobile_capstone/src/install/serial_communication_pkg/lib/pkgconfig/serial_communication_pkg.pc'
[3.015s] Level 1:colcon.colcon_core.environment:checking '/home/luke/automobile_capstone/src/install/serial_communication_pkg/lib/python3.10/site-packages'
[3.015s] Level 1:colcon.colcon_core.shell:create_environment_hook('serial_communication_pkg', 'pythonpath')
[3.015s] INFO:colcon.colcon_core.shell:Creating environment hook '/home/luke/automobile_capstone/src/install/serial_communication_pkg/share/serial_communication_pkg/hook/pythonpath.ps1'
[3.015s] INFO:colcon.colcon_core.shell:Creating environment descriptor '/home/luke/automobile_capstone/src/install/serial_communication_pkg/share/serial_communication_pkg/hook/pythonpath.dsv'
[3.015s] INFO:colcon.colcon_core.shell:Creating environment hook '/home/luke/automobile_capstone/src/install/serial_communication_pkg/share/serial_communication_pkg/hook/pythonpath.sh'
[3.016s] Level 1:colcon.colcon_core.environment:checking '/home/luke/automobile_capstone/src/install/serial_communication_pkg/bin'
[3.016s] Level 1:colcon.colcon_core.environment:create_environment_scripts_only(serial_communication_pkg)
[3.016s] INFO:colcon.colcon_core.shell:Creating package script '/home/luke/automobile_capstone/src/install/serial_communication_pkg/share/serial_communication_pkg/package.ps1'
[3.017s] INFO:colcon.colcon_core.shell:Creating package descriptor '/home/luke/automobile_capstone/src/install/serial_communication_pkg/share/serial_communication_pkg/package.dsv'
[3.017s] INFO:colcon.colcon_core.shell:Creating package script '/home/luke/automobile_capstone/src/install/serial_communication_pkg/share/serial_communication_pkg/package.sh'
[3.017s] INFO:colcon.colcon_core.shell:Creating package script '/home/luke/automobile_capstone/src/install/serial_communication_pkg/share/serial_communication_pkg/package.bash'
[3.018s] INFO:colcon.colcon_core.shell:Creating package script '/home/luke/automobile_capstone/src/install/serial_communication_pkg/share/serial_communication_pkg/package.zsh'
[3.018s] Level 1:colcon.colcon_core.environment:create_file_with_runtime_dependencies(/home/luke/automobile_capstone/src/install/serial_communication_pkg/share/colcon-core/packages/serial_communication_pkg)
[3.018s] Level 1:colcon.colcon_core.shell:create_environment_hook('decision_making_pkg', 'pythonpath_develop')
[3.019s] INFO:colcon.colcon_core.shell:Creating environment hook '/home/luke/automobile_capstone/src/build/decision_making_pkg/share/decision_making_pkg/hook/pythonpath_develop.ps1'
[3.019s] DEBUG:colcon.colcon_core.event_handler.log_command:Invoked command in '/home/luke/automobile_capstone/src/build/decision_making_pkg' returned '0': PYTHONPATH=/home/luke/automobile_capstone/src/build/decision_making_pkg/prefix_override:/usr/lib/python3/dist-packages/colcon_core/task/python/colcon_distutils_commands:/home/luke/automobile_capstone/src/install/decision_making_pkg/lib/python3.10/site-packages:${PYTHONPATH} /usr/bin/python3 -W ignore:setup.py install is deprecated -W ignore:easy_install command is deprecated setup.py develop --editable --build-directory /home/luke/automobile_capstone/src/build/decision_making_pkg/build --no-deps symlink_data
[3.019s] INFO:colcon.colcon_core.shell:Creating environment descriptor '/home/luke/automobile_capstone/src/build/decision_making_pkg/share/decision_making_pkg/hook/pythonpath_develop.dsv'
[3.019s] INFO:colcon.colcon_core.shell:Creating environment hook '/home/luke/automobile_capstone/src/build/decision_making_pkg/share/decision_making_pkg/hook/pythonpath_develop.sh'
[3.020s] Level 1:colcon.colcon_core.environment:checking '/home/luke/automobile_capstone/src/install/decision_making_pkg' for CMake module files
[3.020s] Level 1:colcon.colcon_core.environment:checking '/home/luke/automobile_capstone/src/install/decision_making_pkg' for CMake config files
[3.020s] Level 1:colcon.colcon_core.environment:checking '/home/luke/automobile_capstone/src/install/decision_making_pkg/lib'
[3.021s] Level 1:colcon.colcon_core.environment:checking '/home/luke/automobile_capstone/src/install/decision_making_pkg/bin'
[3.021s] Level 1:colcon.colcon_core.environment:checking '/home/luke/automobile_capstone/src/install/decision_making_pkg/lib/pkgconfig/decision_making_pkg.pc'
[3.021s] Level 1:colcon.colcon_core.environment:checking '/home/luke/automobile_capstone/src/install/decision_making_pkg/lib/python3.10/site-packages'
[3.021s] Level 1:colcon.colcon_core.shell:create_environment_hook('decision_making_pkg', 'pythonpath')
[3.021s] INFO:colcon.colcon_core.shell:Creating environment hook '/home/luke/automobile_capstone/src/install/decision_making_pkg/share/decision_making_pkg/hook/pythonpath.ps1'
[3.021s] INFO:colcon.colcon_core.shell:Creating environment descriptor '/home/luke/automobile_capstone/src/install/decision_making_pkg/share/decision_making_pkg/hook/pythonpath.dsv'
[3.021s] INFO:colcon.colcon_core.shell:Creating environment hook '/home/luke/automobile_capstone/src/install/decision_making_pkg/share/decision_making_pkg/hook/pythonpath.sh'
[3.022s] Level 1:colcon.colcon_core.environment:checking '/home/luke/automobile_capstone/src/install/decision_making_pkg/bin'
[3.022s] Level 1:colcon.colcon_core.environment:create_environment_scripts_only(decision_making_pkg)
[3.022s] INFO:colcon.colcon_core.shell:Creating package script '/home/luke/automobile_capstone/src/install/decision_making_pkg/share/decision_making_pkg/package.ps1'
[3.023s] INFO:colcon.colcon_core.shell:Creating package descriptor '/home/luke/automobile_capstone/src/install/decision_making_pkg/share/decision_making_pkg/package.dsv'
[3.023s] INFO:colcon.colcon_core.shell:Creating package script '/home/luke/automobile_capstone/src/install/decision_making_pkg/share/decision_making_pkg/package.sh'
[3.023s] INFO:colcon.colcon_core.shell:Creating package script '/home/luke/automobile_capstone/src/install/decision_making_pkg/share/decision_making_pkg/package.bash'
[3.024s] INFO:colcon.colcon_core.shell:Creating package script '/home/luke/automobile_capstone/src/install/decision_making_pkg/share/decision_making_pkg/package.zsh'
[3.024s] Level 1:colcon.colcon_core.environment:create_file_with_runtime_dependencies(/home/luke/automobile_capstone/src/install/decision_making_pkg/share/colcon-core/packages/decision_making_pkg)
[4.473s] DEBUG:colcon.colcon_core.event_handler.log_command:Invoked command in '/home/luke/automobile_capstone/src/build/interfaces_pkg' returned '0': CMAKE_PREFIX_PATH=/opt/ros/humble /usr/bin/cmake /home/luke/automobile_capstone/src/interfaces_pkg -DAMENT_CMAKE_SYMLINK_INSTALL=1 -DCMAKE_INSTALL_PREFIX=/home/luke/automobile_capstone/src/install/interfaces_pkg
[4.475s] DEBUG:colcon.colcon_core.event_handler.log_command:Invoking command in '/home/luke/automobile_capstone/src/build/interfaces_pkg': CMAKE_PREFIX_PATH=/opt/ros/humble /usr/bin/cmake --build /home/luke/automobile_capstone/src/build/interfaces_pkg -- -j12 -l12
[12.095s] DEBUG:colcon.colcon_core.event_handler.log_command:Invoked command in '/home/luke/automobile_capstone/src/build/interfaces_pkg' returned '0': CMAKE_PREFIX_PATH=/opt/ros/humble /usr/bin/cmake --build /home/luke/automobile_capstone/src/build/interfaces_pkg -- -j12 -l12
[12.102s] DEBUG:colcon.colcon_core.event_handler.log_command:Invoking command in '/home/luke/automobile_capstone/src/build/interfaces_pkg': CMAKE_PREFIX_PATH=/opt/ros/humble /usr/bin/cmake --install /home/luke/automobile_capstone/src/build/interfaces_pkg
[13.941s] Level 1:colcon.colcon_core.environment:create_environment_scripts_only(interfaces_pkg)
[13.941s] Level 1:colcon.colcon_core.environment:checking '/home/luke/automobile_capstone/src/install/interfaces_pkg' for CMake module files
[13.942s] DEBUG:colcon.colcon_core.event_handler.log_command:Invoked command in '/home/luke/automobile_capstone/src/build/interfaces_pkg' returned '0': CMAKE_PREFIX_PATH=/opt/ros/humble /usr/bin/cmake --install /home/luke/automobile_capstone/src/build/interfaces_pkg
[13.942s] Level 1:colcon.colcon_core.environment:checking '/home/luke/automobile_capstone/src/install/interfaces_pkg' for CMake config files
[13.943s] Level 1:colcon.colcon_core.shell:create_environment_hook('interfaces_pkg', 'cmake_prefix_path')
[13.943s] INFO:colcon.colcon_core.shell:Creating environment hook '/home/luke/automobile_capstone/src/install/interfaces_pkg/share/interfaces_pkg/hook/cmake_prefix_path.ps1'
[13.944s] INFO:colcon.colcon_core.shell:Creating environment descriptor '/home/luke/automobile_capstone/src/install/interfaces_pkg/share/interfaces_pkg/hook/cmake_prefix_path.dsv'
[13.944s] INFO:colcon.colcon_core.shell:Creating environment hook '/home/luke/automobile_capstone/src/install/interfaces_pkg/share/interfaces_pkg/hook/cmake_prefix_path.sh'
[13.944s] Level 1:colcon.colcon_core.environment:checking '/home/luke/automobile_capstone/src/install/interfaces_pkg/lib'
[13.945s] Level 1:colcon.colcon_core.shell:create_environment_hook('interfaces_pkg', 'ld_library_path_lib')
[13.945s] INFO:colcon.colcon_core.shell:Creating environment hook '/home/luke/automobile_capstone/src/install/interfaces_pkg/share/interfaces_pkg/hook/ld_library_path_lib.ps1'
[13.945s] INFO:colcon.colcon_core.shell:Creating environment descriptor '/home/luke/automobile_capstone/src/install/interfaces_pkg/share/interfaces_pkg/hook/ld_library_path_lib.dsv'
[13.945s] INFO:colcon.colcon_core.shell:Creating environment hook '/home/luke/automobile_capstone/src/install/interfaces_pkg/share/interfaces_pkg/hook/ld_library_path_lib.sh'
[13.945s] Level 1:colcon.colcon_core.environment:checking '/home/luke/automobile_capstone/src/install/interfaces_pkg/bin'
[13.946s] Level 1:colcon.colcon_core.environment:checking '/home/luke/automobile_capstone/src/install/interfaces_pkg/lib/pkgconfig/interfaces_pkg.pc'
[13.946s] Level 1:colcon.colcon_core.environment:checking '/home/luke/automobile_capstone/src/install/interfaces_pkg/lib/python3.10/site-packages'
[13.946s] Level 1:colcon.colcon_core.environment:checking '/home/luke/automobile_capstone/src/install/interfaces_pkg/bin'
[13.946s] INFO:colcon.colcon_core.shell:Creating package script '/home/luke/automobile_capstone/src/install/interfaces_pkg/share/interfaces_pkg/package.ps1'
[13.946s] INFO:colcon.colcon_core.shell:Creating package descriptor '/home/luke/automobile_capstone/src/install/interfaces_pkg/share/interfaces_pkg/package.dsv'
[13.947s] INFO:colcon.colcon_core.shell:Creating package script '/home/luke/automobile_capstone/src/install/interfaces_pkg/share/interfaces_pkg/package.sh'
[13.947s] INFO:colcon.colcon_core.shell:Creating package script '/home/luke/automobile_capstone/src/install/interfaces_pkg/share/interfaces_pkg/package.bash'
[13.947s] INFO:colcon.colcon_core.shell:Creating package script '/home/luke/automobile_capstone/src/install/interfaces_pkg/share/interfaces_pkg/package.zsh'
[13.948s] Level 1:colcon.colcon_core.environment:create_file_with_runtime_dependencies(/home/luke/automobile_capstone/src/install/interfaces_pkg/share/colcon-core/packages/interfaces_pkg)
[13.948s] Level 1:colcon.colcon_core.environment:create_environment_scripts_only(interfaces_pkg)
[13.948s] Level 1:colcon.colcon_core.environment:checking '/home/luke/automobile_capstone/src/install/interfaces_pkg' for CMake module files
[13.949s] Level 1:colcon.colcon_core.environment:checking '/home/luke/automobile_capstone/src/install/interfaces_pkg' for CMake config files
[13.950s] Level 1:colcon.colcon_core.shell:create_environment_hook('interfaces_pkg', 'cmake_prefix_path')
[13.950s] INFO:colcon.colcon_core.shell:Creating environment hook '/home/luke/automobile_capstone/src/install/interfaces_pkg/share/interfaces_pkg/hook/cmake_prefix_path.ps1'
[13.950s] INFO:colcon.colcon_core.shell:Creating environment descriptor '/home/luke/automobile_capstone/src/install/interfaces_pkg/share/interfaces_pkg/hook/cmake_prefix_path.dsv'
[13.950s] INFO:colcon.colcon_core.shell:Creating environment hook '/home/luke/automobile_capstone/src/install/interfaces_pkg/share/interfaces_pkg/hook/cmake_prefix_path.sh'
[13.951s] Level 1:colcon.colcon_core.environment:checking '/home/luke/automobile_capstone/src/install/interfaces_pkg/lib'
[13.951s] Level 1:colcon.colcon_core.shell:create_environment_hook('interfaces_pkg', 'ld_library_path_lib')
[13.951s] INFO:colcon.colcon_core.shell:Creating environment hook '/home/luke/automobile_capstone/src/install/interfaces_pkg/share/interfaces_pkg/hook/ld_library_path_lib.ps1'
[13.951s] INFO:colcon.colcon_core.shell:Creating environment descriptor '/home/luke/automobile_capstone/src/install/interfaces_pkg/share/interfaces_pkg/hook/ld_library_path_lib.dsv'
[13.952s] INFO:colcon.colcon_core.shell:Creating environment hook '/home/luke/automobile_capstone/src/install/interfaces_pkg/share/interfaces_pkg/hook/ld_library_path_lib.sh'
[13.952s] Level 1:colcon.colcon_core.environment:checking '/home/luke/automobile_capstone/src/install/interfaces_pkg/bin'
[13.952s] Level 1:colcon.colcon_core.environment:checking '/home/luke/automobile_capstone/src/install/interfaces_pkg/lib/pkgconfig/interfaces_pkg.pc'
[13.952s] Level 1:colcon.colcon_core.environment:checking '/home/luke/automobile_capstone/src/install/interfaces_pkg/lib/python3.10/site-packages'
[13.952s] Level 1:colcon.colcon_core.environment:checking '/home/luke/automobile_capstone/src/install/interfaces_pkg/bin'
[13.952s] INFO:colcon.colcon_core.shell:Creating package script '/home/luke/automobile_capstone/src/install/interfaces_pkg/share/interfaces_pkg/package.ps1'
[13.953s] INFO:colcon.colcon_core.shell:Creating package descriptor '/home/luke/automobile_capstone/src/install/interfaces_pkg/share/interfaces_pkg/package.dsv'
[13.953s] INFO:colcon.colcon_core.shell:Creating package script '/home/luke/automobile_capstone/src/install/interfaces_pkg/share/interfaces_pkg/package.sh'
[13.954s] INFO:colcon.colcon_core.shell:Creating package script '/home/luke/automobile_capstone/src/install/interfaces_pkg/share/interfaces_pkg/package.bash'
[13.954s] INFO:colcon.colcon_core.shell:Creating package script '/home/luke/automobile_capstone/src/install/interfaces_pkg/share/interfaces_pkg/package.zsh'
[13.954s] Level 1:colcon.colcon_core.environment:create_file_with_runtime_dependencies(/home/luke/automobile_capstone/src/install/interfaces_pkg/share/colcon-core/packages/interfaces_pkg)
[13.954s] DEBUG:colcon.colcon_parallel_executor.executor.parallel:closing loop
[13.954s] DEBUG:colcon.colcon_parallel_executor.executor.parallel:loop closed
[13.955s] DEBUG:colcon.colcon_parallel_executor.executor.parallel:run_until_complete finished with '0'
[13.955s] DEBUG:colcon.colcon_core.event_reactor:joining thread
[13.959s] INFO:colcon.colcon_core.plugin_system:Skipping extension 'colcon_notification.desktop_notification.terminal_notifier': Not used on non-Darwin systems
[13.959s] INFO:colcon.colcon_core.plugin_system:Skipping extension 'colcon_notification.desktop_notification.win32': Not used on non-Windows systems
[13.959s] INFO:colcon.colcon_notification.desktop_notification:Sending desktop notification using 'notify2'
[13.971s] DEBUG:colcon.colcon_core.event_reactor:joined thread
[13.971s] INFO:colcon.colcon_core.shell:Creating prefix script '/home/luke/automobile_capstone/src/install/local_setup.ps1'
[13.972s] INFO:colcon.colcon_core.shell:Creating prefix util module '/home/luke/automobile_capstone/src/install/_local_setup_util_ps1.py'
[13.974s] INFO:colcon.colcon_core.shell:Creating prefix chain script '/home/luke/automobile_capstone/src/install/setup.ps1'
[13.975s] INFO:colcon.colcon_core.shell:Creating prefix script '/home/luke/automobile_capstone/src/install/local_setup.sh'
[13.976s] INFO:colcon.colcon_core.shell:Creating prefix util module '/home/luke/automobile_capstone/src/install/_local_setup_util_sh.py'
[13.976s] INFO:colcon.colcon_core.shell:Creating prefix chain script '/home/luke/automobile_capstone/src/install/setup.sh'
[13.977s] INFO:colcon.colcon_core.shell:Creating prefix script '/home/luke/automobile_capstone/src/install/local_setup.bash'
[13.978s] INFO:colcon.colcon_core.shell:Creating prefix chain script '/home/luke/automobile_capstone/src/install/setup.bash'
[13.979s] INFO:colcon.colcon_core.shell:Creating prefix script '/home/luke/automobile_capstone/src/install/local_setup.zsh'
[13.979s] INFO:colcon.colcon_core.shell:Creating prefix chain script '/home/luke/automobile_capstone/src/install/setup.zsh'
