[1.769s] Invoking command in '/home/luke/automobile_capstone/src/build/camera_perception_pkg': PYTHONPATH=/home/luke/automobile_capstone/src/build/camera_perception_pkg/prefix_override:/usr/lib/python3/dist-packages/colcon_core/task/python/colcon_distutils_commands:/home/luke/automobile_capstone/src/install/camera_perception_pkg/lib/python3.10/site-packages:${PYTHONPATH} /usr/bin/python3 -W ignore:setup.py install is deprecated -W ignore:easy_install command is deprecated setup.py develop --editable --build-directory /home/luke/automobile_capstone/src/build/camera_perception_pkg/build --no-deps symlink_data
[2.001s] running develop
[2.142s] running egg_info
[2.142s] creating camera_perception_pkg.egg-info
[2.142s] writing camera_perception_pkg.egg-info/PKG-INFO
[2.142s] writing dependency_links to camera_perception_pkg.egg-info/dependency_links.txt
[2.142s] writing entry points to camera_perception_pkg.egg-info/entry_points.txt
[2.142s] writing requirements to camera_perception_pkg.egg-info/requires.txt
[2.142s] writing top-level names to camera_perception_pkg.egg-info/top_level.txt
[2.143s] writing manifest file 'camera_perception_pkg.egg-info/SOURCES.txt'
[2.144s] reading manifest file 'camera_perception_pkg.egg-info/SOURCES.txt'
[2.144s] writing manifest file 'camera_perception_pkg.egg-info/SOURCES.txt'
[2.145s] running build_ext
[2.145s] Creating /home/luke/automobile_capstone/src/install/camera_perception_pkg/lib/python3.10/site-packages/camera-perception-pkg.egg-link (link to .)
[2.146s] Installing image_publisher_node script to /home/luke/automobile_capstone/src/install/camera_perception_pkg/lib/camera_perception_pkg
[2.146s] Installing lane_info_extractor_node script to /home/luke/automobile_capstone/src/install/camera_perception_pkg/lib/camera_perception_pkg
[2.146s] Installing traffic_light_detector_node script to /home/luke/automobile_capstone/src/install/camera_perception_pkg/lib/camera_perception_pkg
[2.146s] Installing yolov8_node script to /home/luke/automobile_capstone/src/install/camera_perception_pkg/lib/camera_perception_pkg
[2.147s] 
[2.147s] Installed /home/luke/automobile_capstone/src/build/camera_perception_pkg
[2.147s] running symlink_data
[2.147s] creating /home/luke/automobile_capstone/src/install/camera_perception_pkg/share/ament_index
[2.147s] creating /home/luke/automobile_capstone/src/install/camera_perception_pkg/share/ament_index/resource_index
[2.147s] creating /home/luke/automobile_capstone/src/install/camera_perception_pkg/share/ament_index/resource_index/packages
[2.147s] symbolically linking /home/luke/automobile_capstone/src/build/camera_perception_pkg/resource/camera_perception_pkg -> /home/luke/automobile_capstone/src/install/camera_perception_pkg/share/ament_index/resource_index/packages
[2.147s] symbolically linking /home/luke/automobile_capstone/src/build/camera_perception_pkg/package.xml -> /home/luke/automobile_capstone/src/install/camera_perception_pkg/share/camera_perception_pkg
[2.192s] Invoked command in '/home/luke/automobile_capstone/src/build/camera_perception_pkg' returned '0': PYTHONPATH=/home/luke/automobile_capstone/src/build/camera_perception_pkg/prefix_override:/usr/lib/python3/dist-packages/colcon_core/task/python/colcon_distutils_commands:/home/luke/automobile_capstone/src/install/camera_perception_pkg/lib/python3.10/site-packages:${PYTHONPATH} /usr/bin/python3 -W ignore:setup.py install is deprecated -W ignore:easy_install command is deprecated setup.py develop --editable --build-directory /home/luke/automobile_capstone/src/build/camera_perception_pkg/build --no-deps symlink_data
