[1.774s] Invoking command in '/home/luke/automobile_capstone/src/build/lidar_perception_pkg': PYTHONPATH=/home/luke/automobile_capstone/src/build/lidar_perception_pkg/prefix_override:/usr/lib/python3/dist-packages/colcon_core/task/python/colcon_distutils_commands:/home/luke/automobile_capstone/src/install/lidar_perception_pkg/lib/python3.10/site-packages:${PYTHONPATH} /usr/bin/python3 -W ignore:setup.py install is deprecated -W ignore:easy_install command is deprecated setup.py develop --editable --build-directory /home/luke/automobile_capstone/src/build/lidar_perception_pkg/build --no-deps symlink_data
[1.999s] running develop
[2.138s] running egg_info
[2.139s] creating lidar_perception_pkg.egg-info
[2.139s] writing lidar_perception_pkg.egg-info/PKG-INFO
[2.139s] writing dependency_links to lidar_perception_pkg.egg-info/dependency_links.txt
[2.139s] writing entry points to lidar_perception_pkg.egg-info/entry_points.txt
[2.139s] writing requirements to lidar_perception_pkg.egg-info/requires.txt
[2.139s] writing top-level names to lidar_perception_pkg.egg-info/top_level.txt
[2.139s] writing manifest file 'lidar_perception_pkg.egg-info/SOURCES.txt'
[2.141s] reading manifest file 'lidar_perception_pkg.egg-info/SOURCES.txt'
[2.141s] writing manifest file 'lidar_perception_pkg.egg-info/SOURCES.txt'
[2.143s] running build_ext
[2.143s] Creating /home/luke/automobile_capstone/src/install/lidar_perception_pkg/lib/python3.10/site-packages/lidar-perception-pkg.egg-link (link to .)
[2.143s] Installing lidar_obstacle_detector_node script to /home/luke/automobile_capstone/src/install/lidar_perception_pkg/lib/lidar_perception_pkg
[2.143s] Installing lidar_processor_node script to /home/luke/automobile_capstone/src/install/lidar_perception_pkg/lib/lidar_perception_pkg
[2.144s] Installing lidar_publisher_node script to /home/luke/automobile_capstone/src/install/lidar_perception_pkg/lib/lidar_perception_pkg
[2.144s] 
[2.144s] Installed /home/luke/automobile_capstone/src/build/lidar_perception_pkg
[2.144s] running symlink_data
[2.145s] creating /home/luke/automobile_capstone/src/install/lidar_perception_pkg/share/ament_index
[2.145s] creating /home/luke/automobile_capstone/src/install/lidar_perception_pkg/share/ament_index/resource_index
[2.145s] creating /home/luke/automobile_capstone/src/install/lidar_perception_pkg/share/ament_index/resource_index/packages
[2.145s] symbolically linking /home/luke/automobile_capstone/src/build/lidar_perception_pkg/resource/lidar_perception_pkg -> /home/luke/automobile_capstone/src/install/lidar_perception_pkg/share/ament_index/resource_index/packages
[2.145s] symbolically linking /home/luke/automobile_capstone/src/build/lidar_perception_pkg/package.xml -> /home/luke/automobile_capstone/src/install/lidar_perception_pkg/share/lidar_perception_pkg
[2.203s] Invoked command in '/home/luke/automobile_capstone/src/build/lidar_perception_pkg' returned '0': PYTHONPATH=/home/luke/automobile_capstone/src/build/lidar_perception_pkg/prefix_override:/usr/lib/python3/dist-packages/colcon_core/task/python/colcon_distutils_commands:/home/luke/automobile_capstone/src/install/lidar_perception_pkg/lib/python3.10/site-packages:${PYTHONPATH} /usr/bin/python3 -W ignore:setup.py install is deprecated -W ignore:easy_install command is deprecated setup.py develop --editable --build-directory /home/luke/automobile_capstone/src/build/lidar_perception_pkg/build --no-deps symlink_data
