[1.753s] Invoking command in '/home/luke/automobile_capstone/src/build/serial_communication_pkg': PYTHONPATH=/home/luke/automobile_capstone/src/build/serial_communication_pkg/prefix_override:/usr/lib/python3/dist-packages/colcon_core/task/python/colcon_distutils_commands:/home/luke/automobile_capstone/src/install/serial_communication_pkg/lib/python3.10/site-packages:${PYTHONPATH} /usr/bin/python3 -W ignore:setup.py install is deprecated -W ignore:easy_install command is deprecated setup.py develop --editable --build-directory /home/luke/automobile_capstone/src/build/serial_communication_pkg/build --no-deps symlink_data
[1.996s] running develop
[2.138s] running egg_info
[2.139s] creating serial_communication_pkg.egg-info
[2.139s] writing serial_communication_pkg.egg-info/PKG-INFO
[2.139s] writing dependency_links to serial_communication_pkg.egg-info/dependency_links.txt
[2.139s] writing entry points to serial_communication_pkg.egg-info/entry_points.txt
[2.139s] writing requirements to serial_communication_pkg.egg-info/requires.txt
[2.139s] writing top-level names to serial_communication_pkg.egg-info/top_level.txt
[2.140s] writing manifest file 'serial_communication_pkg.egg-info/SOURCES.txt'
[2.141s] reading manifest file 'serial_communication_pkg.egg-info/SOURCES.txt'
[2.142s] writing manifest file 'serial_communication_pkg.egg-info/SOURCES.txt'
[2.143s] running build_ext
[2.143s] Creating /home/luke/automobile_capstone/src/install/serial_communication_pkg/lib/python3.10/site-packages/serial-communication-pkg.egg-link (link to .)
[2.143s] Installing serial_sender_node script to /home/luke/automobile_capstone/src/install/serial_communication_pkg/lib/serial_communication_pkg
[2.143s] 
[2.143s] Installed /home/luke/automobile_capstone/src/build/serial_communication_pkg
[2.143s] running symlink_data
[2.144s] creating /home/luke/automobile_capstone/src/install/serial_communication_pkg/share/ament_index
[2.144s] creating /home/luke/automobile_capstone/src/install/serial_communication_pkg/share/ament_index/resource_index
[2.144s] creating /home/luke/automobile_capstone/src/install/serial_communication_pkg/share/ament_index/resource_index/packages
[2.144s] symbolically linking /home/luke/automobile_capstone/src/build/serial_communication_pkg/resource/serial_communication_pkg -> /home/luke/automobile_capstone/src/install/serial_communication_pkg/share/ament_index/resource_index/packages
[2.145s] symbolically linking /home/luke/automobile_capstone/src/build/serial_communication_pkg/package.xml -> /home/luke/automobile_capstone/src/install/serial_communication_pkg/share/serial_communication_pkg
[2.214s] Invoked command in '/home/luke/automobile_capstone/src/build/serial_communication_pkg' returned '0': PYTHONPATH=/home/luke/automobile_capstone/src/build/serial_communication_pkg/prefix_override:/usr/lib/python3/dist-packages/colcon_core/task/python/colcon_distutils_commands:/home/luke/automobile_capstone/src/install/serial_communication_pkg/lib/python3.10/site-packages:${PYTHONPATH} /usr/bin/python3 -W ignore:setup.py install is deprecated -W ignore:easy_install command is deprecated setup.py develop --editable --build-directory /home/luke/automobile_capstone/src/build/serial_communication_pkg/build --no-deps symlink_data
