[0.939s] Invoking command in '/home/luke/automobile_capstone/src/build/interfaces_pkg': CMAKE_PREFIX_PATH=/opt/ros/humble /usr/bin/cmake /home/luke/automobile_capstone/src/interfaces_pkg -DAMENT_CMAKE_SYMLINK_INSTALL=1 -DCMAKE_INSTALL_PREFIX=/home/luke/automobile_capstone/src/install/interfaces_pkg
[1.165s] -- The C compiler identification is GNU 11.4.0
[1.166s] -- The CXX compiler identification is GNU 11.4.0
[1.166s] -- Detecting C compiler ABI info
[1.190s] -- Detecting C compiler ABI info - done
[1.196s] -- Check for working C compiler: /usr/bin/cc - skipped
[1.197s] -- Detecting C compile features
[1.197s] -- Detecting C compile features - done
[1.200s] -- Detecting CXX compiler ABI info
[1.271s] -- Detecting CXX compiler ABI info - done
[1.281s] -- Check for working CXX compiler: /usr/bin/c++ - skipped
[1.281s] -- Detecting CXX compile features
[1.281s] -- Detecting CXX compile features - done
[1.288s] -- Found ament_cmake: 1.3.11 (/opt/ros/humble/share/ament_cmake/cmake)
[1.401s] -- Found Python3: /usr/bin/python3 (found version "3.10.12") found components: Interpreter 
[1.471s] -- Override CMake install command with custom implementation using symlinks instead of copying resources
[1.503s] -- Found rosidl_default_generators: 1.2.0 (/opt/ros/humble/share/rosidl_default_generators/cmake)
[1.508s] -- Using all available rosidl_typesupport_c: rosidl_typesupport_fastrtps_c;rosidl_typesupport_introspection_c
[1.516s] -- Found rosidl_adapter: 3.1.6 (/opt/ros/humble/share/rosidl_adapter/cmake)
[1.557s] -- Using all available rosidl_typesupport_cpp: rosidl_typesupport_fastrtps_cpp;rosidl_typesupport_introspection_cpp
[1.588s] -- Found std_msgs: 4.2.4 (/opt/ros/humble/share/std_msgs/cmake)
[1.617s] -- Found geometry_msgs: 4.2.4 (/opt/ros/humble/share/geometry_msgs/cmake)
[1.951s] -- Found ament_cmake_ros: 0.10.0 (/opt/ros/humble/share/ament_cmake_ros/cmake)
[2.178s] -- Using all available rosidl_typesupport_c: rosidl_typesupport_fastrtps_c;rosidl_typesupport_introspection_c
[2.927s] -- Using all available rosidl_typesupport_cpp: rosidl_typesupport_fastrtps_cpp;rosidl_typesupport_introspection_cpp
[3.007s] -- Found PythonInterp: /usr/bin/python3 (found suitable version "3.10.12", minimum required is "3.6") 
[3.011s] -- Found python_cmake_module: 0.10.0 (/opt/ros/humble/share/python_cmake_module/cmake)
[3.099s] -- Found PythonLibs: /usr/lib/x86_64-linux-gnu/libpython3.10.so (found suitable version "3.10.12", minimum required is "3.5") 
[3.100s] -- Using PYTHON_EXECUTABLE: /usr/bin/python3
[3.100s] -- Using PYTHON_INCLUDE_DIRS: /usr/include/python3.10
[3.100s] -- Using PYTHON_LIBRARIES: /usr/lib/x86_64-linux-gnu/libpython3.10.so
[3.171s] -- Found PythonExtra: .so  
[3.443s] -- Configuring done
[3.648s] -- Generating done
[3.672s] -- Build files have been written to: /home/luke/automobile_capstone/src/build/interfaces_pkg
[3.679s] Invoked command in '/home/luke/automobile_capstone/src/build/interfaces_pkg' returned '0': CMAKE_PREFIX_PATH=/opt/ros/humble /usr/bin/cmake /home/luke/automobile_capstone/src/interfaces_pkg -DAMENT_CMAKE_SYMLINK_INSTALL=1 -DCMAKE_INSTALL_PREFIX=/home/luke/automobile_capstone/src/install/interfaces_pkg
[3.681s] Invoking command in '/home/luke/automobile_capstone/src/build/interfaces_pkg': CMAKE_PREFIX_PATH=/opt/ros/humble /usr/bin/cmake --build /home/luke/automobile_capstone/src/build/interfaces_pkg -- -j12 -l12
[3.734s] [  0%] [34m[1mGenerating C code for ROS interfaces[0m
[3.759s] [  0%] [34m[1mGenerating C++ code for ROS interfaces[0m
[3.777s] [  0%] Built target ament_cmake_python_symlink_interfaces_pkg
[4.197s] running egg_info
[4.197s] creating interfaces_pkg.egg-info
[4.197s] writing interfaces_pkg.egg-info/PKG-INFO
[4.197s] writing dependency_links to interfaces_pkg.egg-info/dependency_links.txt
[4.198s] writing top-level names to interfaces_pkg.egg-info/top_level.txt
[4.198s] writing manifest file 'interfaces_pkg.egg-info/SOURCES.txt'
[4.199s] reading manifest file 'interfaces_pkg.egg-info/SOURCES.txt'
[4.200s] writing manifest file 'interfaces_pkg.egg-info/SOURCES.txt'
[4.217s] [  0%] Built target ament_cmake_python_build_interfaces_pkg_egg
[4.973s] [  0%] Built target interfaces_pkg__cpp
[4.985s] [  1%] [34m[1mGenerating C++ type support dispatch for ROS interfaces[0m
[4.985s] [  2%] [34m[1mGenerating C++ type support for eProsima Fast-RTPS[0m
[4.993s] [  2%] [34m[1mGenerating C++ introspection for ROS interfaces[0m
[5.063s] [  6%] [32mBuilding C object CMakeFiles/interfaces_pkg__rosidl_generator_c.dir/rosidl_generator_c/interfaces_pkg/msg/detail/bounding_box2_d__functions.c.o[0m
[5.063s] [  6%] [32mBuilding C object CMakeFiles/interfaces_pkg__rosidl_generator_c.dir/rosidl_generator_c/interfaces_pkg/msg/detail/bounding_box3_d__functions.c.o[0m
[5.063s] [  6%] [32mBuilding C object CMakeFiles/interfaces_pkg__rosidl_generator_c.dir/rosidl_generator_c/interfaces_pkg/msg/detail/pose2_d__functions.c.o[0m
[5.063s] [  6%] [32mBuilding C object CMakeFiles/interfaces_pkg__rosidl_generator_c.dir/rosidl_generator_c/interfaces_pkg/msg/detail/point2_d__functions.c.o[0m
[5.063s] [  6%] [32mBuilding C object CMakeFiles/interfaces_pkg__rosidl_generator_c.dir/rosidl_generator_c/interfaces_pkg/msg/detail/vector2__functions.c.o[0m
[5.063s] [  6%] [32mBuilding C object CMakeFiles/interfaces_pkg__rosidl_generator_c.dir/rosidl_generator_c/interfaces_pkg/msg/detail/mask__functions.c.o[0m
[5.063s] [  7%] [32mBuilding C object CMakeFiles/interfaces_pkg__rosidl_generator_c.dir/rosidl_generator_c/interfaces_pkg/msg/detail/key_point2_d__functions.c.o[0m
[5.064s] [  7%] [32mBuilding C object CMakeFiles/interfaces_pkg__rosidl_generator_c.dir/rosidl_generator_c/interfaces_pkg/msg/detail/key_point3_d__functions.c.o[0m
[5.064s] [  8%] [32mBuilding C object CMakeFiles/interfaces_pkg__rosidl_generator_c.dir/rosidl_generator_c/interfaces_pkg/msg/detail/key_point2_d_array__functions.c.o[0m
[5.130s] [  9%] [32mBuilding C object CMakeFiles/interfaces_pkg__rosidl_generator_c.dir/rosidl_generator_c/interfaces_pkg/msg/detail/key_point3_d_array__functions.c.o[0m
[5.133s] [ 10%] [32mBuilding C object CMakeFiles/interfaces_pkg__rosidl_generator_c.dir/rosidl_generator_c/interfaces_pkg/msg/detail/detection__functions.c.o[0m
[5.133s] [ 10%] [32mBuilding C object CMakeFiles/interfaces_pkg__rosidl_generator_c.dir/rosidl_generator_c/interfaces_pkg/msg/detail/target_point__functions.c.o[0m
[5.133s] [ 11%] [32mBuilding C object CMakeFiles/interfaces_pkg__rosidl_generator_c.dir/rosidl_generator_c/interfaces_pkg/msg/detail/motion_command__functions.c.o[0m
[5.133s] [ 12%] [32mBuilding C object CMakeFiles/interfaces_pkg__rosidl_generator_c.dir/rosidl_generator_c/interfaces_pkg/msg/detail/lane_info__functions.c.o[0m
[5.136s] [ 13%] [32mBuilding C object CMakeFiles/interfaces_pkg__rosidl_generator_c.dir/rosidl_generator_c/interfaces_pkg/msg/detail/path_planning_result__functions.c.o[0m
[5.137s] [ 13%] [32mBuilding C object CMakeFiles/interfaces_pkg__rosidl_generator_c.dir/rosidl_generator_c/interfaces_pkg/msg/detail/detection_array__functions.c.o[0m
[5.187s] [ 14%] [32m[1mLinking C shared library libinterfaces_pkg__rosidl_generator_c.so[0m
[5.217s] [ 14%] Built target interfaces_pkg__rosidl_generator_c
[5.224s] [ 17%] [34m[1mGenerating C introspection for ROS interfaces[0m
[5.224s] [ 17%] [34m[1mGenerating C type support for eProsima Fast-RTPS[0m
[5.224s] [ 17%] [34m[1mGenerating C type support dispatch for ROS interfaces[0m
[5.717s] [ 19%] [32mBuilding CXX object CMakeFiles/interfaces_pkg__rosidl_typesupport_cpp.dir/rosidl_typesupport_cpp/interfaces_pkg/msg/bounding_box2_d__type_support.cpp.o[0m
[5.717s] [ 19%] [32mBuilding CXX object CMakeFiles/interfaces_pkg__rosidl_typesupport_cpp.dir/rosidl_typesupport_cpp/interfaces_pkg/msg/vector2__type_support.cpp.o[0m
[5.717s] [ 19%] [32mBuilding CXX object CMakeFiles/interfaces_pkg__rosidl_typesupport_cpp.dir/rosidl_typesupport_cpp/interfaces_pkg/msg/bounding_box3_d__type_support.cpp.o[0m
[5.717s] [ 19%] [32mBuilding CXX object CMakeFiles/interfaces_pkg__rosidl_typesupport_cpp.dir/rosidl_typesupport_cpp/interfaces_pkg/msg/pose2_d__type_support.cpp.o[0m
[5.718s] [ 20%] [32mBuilding CXX object CMakeFiles/interfaces_pkg__rosidl_typesupport_cpp.dir/rosidl_typesupport_cpp/interfaces_pkg/msg/point2_d__type_support.cpp.o[0m
[5.718s] [ 21%] [32mBuilding CXX object CMakeFiles/interfaces_pkg__rosidl_typesupport_cpp.dir/rosidl_typesupport_cpp/interfaces_pkg/msg/mask__type_support.cpp.o[0m
[5.720s] [ 22%] [32mBuilding CXX object CMakeFiles/interfaces_pkg__rosidl_typesupport_cpp.dir/rosidl_typesupport_cpp/interfaces_pkg/msg/key_point2_d__type_support.cpp.o[0m
[6.104s] [ 22%] [32mBuilding CXX object CMakeFiles/interfaces_pkg__rosidl_typesupport_cpp.dir/rosidl_typesupport_cpp/interfaces_pkg/msg/key_point2_d_array__type_support.cpp.o[0m
[6.104s] [ 23%] [32mBuilding CXX object CMakeFiles/interfaces_pkg__rosidl_typesupport_cpp.dir/rosidl_typesupport_cpp/interfaces_pkg/msg/key_point3_d__type_support.cpp.o[0m
[6.105s] [ 24%] [32mBuilding CXX object CMakeFiles/interfaces_pkg__rosidl_typesupport_cpp.dir/rosidl_typesupport_cpp/interfaces_pkg/msg/key_point3_d_array__type_support.cpp.o[0m
[6.107s] [ 24%] [32mBuilding CXX object CMakeFiles/interfaces_pkg__rosidl_typesupport_cpp.dir/rosidl_typesupport_cpp/interfaces_pkg/msg/detection__type_support.cpp.o[0m
[6.118s] [ 24%] [32mBuilding CXX object CMakeFiles/interfaces_pkg__rosidl_typesupport_c.dir/rosidl_typesupport_c/interfaces_pkg/msg/point2_d__type_support.cpp.o[0m
[6.123s] [ 25%] [32mBuilding CXX object CMakeFiles/interfaces_pkg__rosidl_typesupport_cpp.dir/rosidl_typesupport_cpp/interfaces_pkg/msg/detection_array__type_support.cpp.o[0m
[6.126s] [ 26%] [32mBuilding CXX object CMakeFiles/interfaces_pkg__rosidl_typesupport_cpp.dir/rosidl_typesupport_cpp/interfaces_pkg/msg/lane_info__type_support.cpp.o[0m
[6.127s] [ 26%] [32mBuilding CXX object CMakeFiles/interfaces_pkg__rosidl_typesupport_cpp.dir/rosidl_typesupport_cpp/interfaces_pkg/msg/motion_command__type_support.cpp.o[0m
[6.151s] [ 27%] [32mBuilding CXX object CMakeFiles/interfaces_pkg__rosidl_typesupport_c.dir/rosidl_typesupport_c/interfaces_pkg/msg/vector2__type_support.cpp.o[0m
[6.181s] [ 28%] [32mBuilding CXX object CMakeFiles/interfaces_pkg__rosidl_typesupport_introspection_cpp.dir/rosidl_typesupport_introspection_cpp/interfaces_pkg/msg/detail/point2_d__type_support.cpp.o[0m
[6.182s] [ 29%] [32mBuilding CXX object CMakeFiles/interfaces_pkg__rosidl_typesupport_c.dir/rosidl_typesupport_c/interfaces_pkg/msg/pose2_d__type_support.cpp.o[0m
[6.214s] [ 29%] [32mBuilding CXX object CMakeFiles/interfaces_pkg__rosidl_typesupport_c.dir/rosidl_typesupport_c/interfaces_pkg/msg/bounding_box2_d__type_support.cpp.o[0m
[6.248s] [ 30%] [32mBuilding CXX object CMakeFiles/interfaces_pkg__rosidl_typesupport_c.dir/rosidl_typesupport_c/interfaces_pkg/msg/bounding_box3_d__type_support.cpp.o[0m
[6.282s] [ 31%] [32mBuilding CXX object CMakeFiles/interfaces_pkg__rosidl_typesupport_c.dir/rosidl_typesupport_c/interfaces_pkg/msg/mask__type_support.cpp.o[0m
[6.317s] [ 31%] [32mBuilding CXX object CMakeFiles/interfaces_pkg__rosidl_typesupport_c.dir/rosidl_typesupport_c/interfaces_pkg/msg/key_point2_d__type_support.cpp.o[0m
[6.355s] [ 32%] [32mBuilding CXX object CMakeFiles/interfaces_pkg__rosidl_typesupport_c.dir/rosidl_typesupport_c/interfaces_pkg/msg/key_point2_d_array__type_support.cpp.o[0m
[6.390s] [ 33%] [32mBuilding CXX object CMakeFiles/interfaces_pkg__rosidl_typesupport_c.dir/rosidl_typesupport_c/interfaces_pkg/msg/key_point3_d__type_support.cpp.o[0m
[6.424s] [ 33%] [32mBuilding CXX object CMakeFiles/interfaces_pkg__rosidl_typesupport_c.dir/rosidl_typesupport_c/interfaces_pkg/msg/key_point3_d_array__type_support.cpp.o[0m
[6.455s] [ 34%] [32mBuilding CXX object CMakeFiles/interfaces_pkg__rosidl_typesupport_c.dir/rosidl_typesupport_c/interfaces_pkg/msg/detection__type_support.cpp.o[0m
[6.459s] [ 34%] [32mBuilding CXX object CMakeFiles/interfaces_pkg__rosidl_typesupport_introspection_cpp.dir/rosidl_typesupport_introspection_cpp/interfaces_pkg/msg/detail/pose2_d__type_support.cpp.o[0m
[6.459s] [ 35%] [32mBuilding CXX object CMakeFiles/interfaces_pkg__rosidl_typesupport_introspection_cpp.dir/rosidl_typesupport_introspection_cpp/interfaces_pkg/msg/detail/vector2__type_support.cpp.o[0m
[6.460s] [ 36%] [32mBuilding CXX object CMakeFiles/interfaces_pkg__rosidl_typesupport_cpp.dir/rosidl_typesupport_cpp/interfaces_pkg/msg/target_point__type_support.cpp.o[0m
[6.471s] [ 37%] [32mBuilding CXX object CMakeFiles/interfaces_pkg__rosidl_typesupport_fastrtps_cpp.dir/rosidl_typesupport_fastrtps_cpp/interfaces_pkg/msg/detail/dds_fastrtps/point2_d__type_support.cpp.o[0m
[6.475s] [ 39%] [32mBuilding CXX object CMakeFiles/interfaces_pkg__rosidl_typesupport_cpp.dir/rosidl_typesupport_cpp/interfaces_pkg/msg/path_planning_result__type_support.cpp.o[0m
[6.475s] [ 39%] [32mBuilding CXX object CMakeFiles/interfaces_pkg__rosidl_typesupport_c.dir/rosidl_typesupport_c/interfaces_pkg/msg/detection_array__type_support.cpp.o[0m
[6.482s] [ 39%] [32mBuilding CXX object CMakeFiles/interfaces_pkg__rosidl_typesupport_fastrtps_cpp.dir/rosidl_typesupport_fastrtps_cpp/interfaces_pkg/msg/detail/dds_fastrtps/vector2__type_support.cpp.o[0m
[6.488s] [ 40%] [32mBuilding CXX object CMakeFiles/interfaces_pkg__rosidl_typesupport_introspection_cpp.dir/rosidl_typesupport_introspection_cpp/interfaces_pkg/msg/detail/bounding_box2_d__type_support.cpp.o[0m
[6.499s] [ 41%] [32mBuilding CXX object CMakeFiles/interfaces_pkg__rosidl_typesupport_fastrtps_cpp.dir/rosidl_typesupport_fastrtps_cpp/interfaces_pkg/msg/detail/dds_fastrtps/pose2_d__type_support.cpp.o[0m
[6.514s] [ 41%] [32mBuilding CXX object CMakeFiles/interfaces_pkg__rosidl_typesupport_c.dir/rosidl_typesupport_c/interfaces_pkg/msg/lane_info__type_support.cpp.o[0m
[6.547s] [ 42%] [32mBuilding CXX object CMakeFiles/interfaces_pkg__rosidl_typesupport_c.dir/rosidl_typesupport_c/interfaces_pkg/msg/motion_command__type_support.cpp.o[0m
[6.562s] [ 43%] [32mBuilding C object CMakeFiles/interfaces_pkg__rosidl_typesupport_introspection_c.dir/rosidl_typesupport_introspection_c/interfaces_pkg/msg/detail/point2_d__type_support.c.o[0m
[6.575s] [ 44%] [32mBuilding CXX object CMakeFiles/interfaces_pkg__rosidl_typesupport_c.dir/rosidl_typesupport_c/interfaces_pkg/msg/target_point__type_support.cpp.o[0m
[6.603s] [ 44%] [32mBuilding C object CMakeFiles/interfaces_pkg__rosidl_typesupport_introspection_c.dir/rosidl_typesupport_introspection_c/interfaces_pkg/msg/detail/vector2__type_support.c.o[0m
[6.608s] [ 44%] [32mBuilding CXX object CMakeFiles/interfaces_pkg__rosidl_typesupport_c.dir/rosidl_typesupport_c/interfaces_pkg/msg/path_planning_result__type_support.cpp.o[0m
[6.638s] [ 45%] [32m[1mLinking CXX shared library libinterfaces_pkg__rosidl_typesupport_c.so[0m
[6.640s] [ 46%] [32mBuilding C object CMakeFiles/interfaces_pkg__rosidl_typesupport_introspection_c.dir/rosidl_typesupport_introspection_c/interfaces_pkg/msg/detail/pose2_d__type_support.c.o[0m
[6.664s] [ 47%] [32mBuilding C object CMakeFiles/interfaces_pkg__rosidl_typesupport_introspection_c.dir/rosidl_typesupport_introspection_c/interfaces_pkg/msg/detail/bounding_box2_d__type_support.c.o[0m
[6.679s] [ 47%] [32mBuilding CXX object CMakeFiles/interfaces_pkg__rosidl_typesupport_fastrtps_c.dir/rosidl_typesupport_fastrtps_c/interfaces_pkg/msg/detail/point2_d__type_support_c.cpp.o[0m
[6.683s] [ 47%] [32mBuilding C object CMakeFiles/interfaces_pkg__rosidl_typesupport_introspection_c.dir/rosidl_typesupport_introspection_c/interfaces_pkg/msg/detail/bounding_box3_d__type_support.c.o[0m
[6.694s] [ 47%] Built target interfaces_pkg__rosidl_typesupport_c
[6.706s] [ 48%] [32mBuilding CXX object CMakeFiles/interfaces_pkg__rosidl_typesupport_fastrtps_c.dir/rosidl_typesupport_fastrtps_c/interfaces_pkg/msg/detail/vector2__type_support_c.cpp.o[0m
[6.714s] [ 49%] [32mBuilding CXX object CMakeFiles/interfaces_pkg__rosidl_typesupport_fastrtps_cpp.dir/rosidl_typesupport_fastrtps_cpp/interfaces_pkg/msg/detail/dds_fastrtps/bounding_box2_d__type_support.cpp.o[0m
[6.729s] [ 50%] [32mBuilding C object CMakeFiles/interfaces_pkg__rosidl_typesupport_introspection_c.dir/rosidl_typesupport_introspection_c/interfaces_pkg/msg/detail/mask__type_support.c.o[0m
[6.772s] [ 51%] [32mBuilding C object CMakeFiles/interfaces_pkg__rosidl_typesupport_introspection_c.dir/rosidl_typesupport_introspection_c/interfaces_pkg/msg/detail/key_point2_d__type_support.c.o[0m
[6.805s] [ 52%] [32mBuilding CXX object CMakeFiles/interfaces_pkg__rosidl_typesupport_introspection_cpp.dir/rosidl_typesupport_introspection_cpp/interfaces_pkg/msg/detail/bounding_box3_d__type_support.cpp.o[0m
[6.811s] [ 52%] [32mBuilding C object CMakeFiles/interfaces_pkg__rosidl_typesupport_introspection_c.dir/rosidl_typesupport_introspection_c/interfaces_pkg/msg/detail/key_point2_d_array__type_support.c.o[0m
[6.834s] [ 52%] [32m[1mLinking CXX shared library libinterfaces_pkg__rosidl_typesupport_cpp.so[0m
[6.855s] [ 53%] [32mBuilding C object CMakeFiles/interfaces_pkg__rosidl_typesupport_introspection_c.dir/rosidl_typesupport_introspection_c/interfaces_pkg/msg/detail/key_point3_d__type_support.c.o[0m
[6.892s] [ 53%] Built target interfaces_pkg__rosidl_typesupport_cpp
[6.896s] [ 54%] [32mBuilding C object CMakeFiles/interfaces_pkg__rosidl_typesupport_introspection_c.dir/rosidl_typesupport_introspection_c/interfaces_pkg/msg/detail/key_point3_d_array__type_support.c.o[0m
[6.904s] [ 55%] [32mBuilding CXX object CMakeFiles/interfaces_pkg__rosidl_typesupport_fastrtps_c.dir/rosidl_typesupport_fastrtps_c/interfaces_pkg/msg/detail/pose2_d__type_support_c.cpp.o[0m
[6.943s] [ 55%] [32mBuilding C object CMakeFiles/interfaces_pkg__rosidl_typesupport_introspection_c.dir/rosidl_typesupport_introspection_c/interfaces_pkg/msg/detail/detection__type_support.c.o[0m
[6.957s] [ 55%] [32mBuilding CXX object CMakeFiles/interfaces_pkg__rosidl_typesupport_fastrtps_cpp.dir/rosidl_typesupport_fastrtps_cpp/interfaces_pkg/msg/detail/dds_fastrtps/bounding_box3_d__type_support.cpp.o[0m
[6.966s] [ 56%] [32mBuilding CXX object CMakeFiles/interfaces_pkg__rosidl_typesupport_fastrtps_cpp.dir/rosidl_typesupport_fastrtps_cpp/interfaces_pkg/msg/detail/dds_fastrtps/mask__type_support.cpp.o[0m
[6.983s] [ 57%] [32mBuilding C object CMakeFiles/interfaces_pkg__rosidl_typesupport_introspection_c.dir/rosidl_typesupport_introspection_c/interfaces_pkg/msg/detail/detection_array__type_support.c.o[0m
[6.986s] [ 58%] [32mBuilding CXX object CMakeFiles/interfaces_pkg__rosidl_typesupport_fastrtps_cpp.dir/rosidl_typesupport_fastrtps_cpp/interfaces_pkg/msg/detail/dds_fastrtps/key_point2_d__type_support.cpp.o[0m
[6.991s] [ 58%] [32mBuilding CXX object CMakeFiles/interfaces_pkg__rosidl_typesupport_fastrtps_c.dir/rosidl_typesupport_fastrtps_c/interfaces_pkg/msg/detail/bounding_box2_d__type_support_c.cpp.o[0m
[6.991s] [ 59%] [32mBuilding CXX object CMakeFiles/interfaces_pkg__rosidl_typesupport_fastrtps_c.dir/rosidl_typesupport_fastrtps_c/interfaces_pkg/msg/detail/bounding_box3_d__type_support_c.cpp.o[0m
[7.016s] [ 60%] [32mBuilding C object CMakeFiles/interfaces_pkg__rosidl_typesupport_introspection_c.dir/rosidl_typesupport_introspection_c/interfaces_pkg/msg/detail/lane_info__type_support.c.o[0m
[7.037s] [ 60%] [32mBuilding CXX object CMakeFiles/interfaces_pkg__rosidl_typesupport_fastrtps_cpp.dir/rosidl_typesupport_fastrtps_cpp/interfaces_pkg/msg/detail/dds_fastrtps/key_point2_d_array__type_support.cpp.o[0m
[7.058s] [ 60%] [32mBuilding C object CMakeFiles/interfaces_pkg__rosidl_typesupport_introspection_c.dir/rosidl_typesupport_introspection_c/interfaces_pkg/msg/detail/motion_command__type_support.c.o[0m
[7.097s] [ 61%] [32mBuilding C object CMakeFiles/interfaces_pkg__rosidl_typesupport_introspection_c.dir/rosidl_typesupport_introspection_c/interfaces_pkg/msg/detail/target_point__type_support.c.o[0m
[7.126s] [ 61%] [32mBuilding CXX object CMakeFiles/interfaces_pkg__rosidl_typesupport_introspection_cpp.dir/rosidl_typesupport_introspection_cpp/interfaces_pkg/msg/detail/mask__type_support.cpp.o[0m
[7.138s] [ 62%] [32mBuilding C object CMakeFiles/interfaces_pkg__rosidl_typesupport_introspection_c.dir/rosidl_typesupport_introspection_c/interfaces_pkg/msg/detail/path_planning_result__type_support.c.o[0m
[7.142s] [ 63%] [32mBuilding CXX object CMakeFiles/interfaces_pkg__rosidl_typesupport_fastrtps_cpp.dir/rosidl_typesupport_fastrtps_cpp/interfaces_pkg/msg/detail/dds_fastrtps/key_point3_d__type_support.cpp.o[0m
[7.183s] [ 63%] [32m[1mLinking C shared library libinterfaces_pkg__rosidl_typesupport_introspection_c.so[0m
[7.226s] [ 64%] [32mBuilding CXX object CMakeFiles/interfaces_pkg__rosidl_typesupport_fastrtps_c.dir/rosidl_typesupport_fastrtps_c/interfaces_pkg/msg/detail/mask__type_support_c.cpp.o[0m
[7.227s] [ 64%] Built target interfaces_pkg__rosidl_typesupport_introspection_c
[7.237s] [ 65%] [32mBuilding CXX object CMakeFiles/interfaces_pkg__rosidl_typesupport_introspection_cpp.dir/rosidl_typesupport_introspection_cpp/interfaces_pkg/msg/detail/key_point2_d__type_support.cpp.o[0m
[7.311s] [ 65%] [32mBuilding CXX object CMakeFiles/interfaces_pkg__rosidl_typesupport_fastrtps_c.dir/rosidl_typesupport_fastrtps_c/interfaces_pkg/msg/detail/key_point2_d__type_support_c.cpp.o[0m
[7.351s] [ 66%] [32mBuilding CXX object CMakeFiles/interfaces_pkg__rosidl_typesupport_introspection_cpp.dir/rosidl_typesupport_introspection_cpp/interfaces_pkg/msg/detail/key_point2_d_array__type_support.cpp.o[0m
[7.429s] [ 67%] [32mBuilding CXX object CMakeFiles/interfaces_pkg__rosidl_typesupport_fastrtps_cpp.dir/rosidl_typesupport_fastrtps_cpp/interfaces_pkg/msg/detail/dds_fastrtps/key_point3_d_array__type_support.cpp.o[0m
[7.437s] [ 67%] [32mBuilding CXX object CMakeFiles/interfaces_pkg__rosidl_typesupport_fastrtps_cpp.dir/rosidl_typesupport_fastrtps_cpp/interfaces_pkg/msg/detail/dds_fastrtps/detection__type_support.cpp.o[0m
[7.472s] [ 68%] [32mBuilding CXX object CMakeFiles/interfaces_pkg__rosidl_typesupport_fastrtps_cpp.dir/rosidl_typesupport_fastrtps_cpp/interfaces_pkg/msg/detail/dds_fastrtps/detection_array__type_support.cpp.o[0m
[7.502s] [ 68%] [32mBuilding CXX object CMakeFiles/interfaces_pkg__rosidl_typesupport_introspection_cpp.dir/rosidl_typesupport_introspection_cpp/interfaces_pkg/msg/detail/key_point3_d__type_support.cpp.o[0m
[7.553s] [ 69%] [32mBuilding CXX object CMakeFiles/interfaces_pkg__rosidl_typesupport_fastrtps_c.dir/rosidl_typesupport_fastrtps_c/interfaces_pkg/msg/detail/key_point2_d_array__type_support_c.cpp.o[0m
[7.606s] [ 70%] [32mBuilding CXX object CMakeFiles/interfaces_pkg__rosidl_typesupport_fastrtps_c.dir/rosidl_typesupport_fastrtps_c/interfaces_pkg/msg/detail/key_point3_d__type_support_c.cpp.o[0m
[7.653s] [ 71%] [32mBuilding CXX object CMakeFiles/interfaces_pkg__rosidl_typesupport_introspection_cpp.dir/rosidl_typesupport_introspection_cpp/interfaces_pkg/msg/detail/key_point3_d_array__type_support.cpp.o[0m
[7.667s] [ 72%] [32mBuilding CXX object CMakeFiles/interfaces_pkg__rosidl_typesupport_fastrtps_cpp.dir/rosidl_typesupport_fastrtps_cpp/interfaces_pkg/msg/detail/dds_fastrtps/lane_info__type_support.cpp.o[0m
[7.679s] [ 72%] [32mBuilding CXX object CMakeFiles/interfaces_pkg__rosidl_typesupport_fastrtps_c.dir/rosidl_typesupport_fastrtps_c/interfaces_pkg/msg/detail/key_point3_d_array__type_support_c.cpp.o[0m
[7.737s] [ 72%] [32mBuilding CXX object CMakeFiles/interfaces_pkg__rosidl_typesupport_fastrtps_cpp.dir/rosidl_typesupport_fastrtps_cpp/interfaces_pkg/msg/detail/dds_fastrtps/motion_command__type_support.cpp.o[0m
[7.747s] [ 73%] [32mBuilding CXX object CMakeFiles/interfaces_pkg__rosidl_typesupport_introspection_cpp.dir/rosidl_typesupport_introspection_cpp/interfaces_pkg/msg/detail/detection__type_support.cpp.o[0m
[7.922s] [ 74%] [32mBuilding CXX object CMakeFiles/interfaces_pkg__rosidl_typesupport_fastrtps_c.dir/rosidl_typesupport_fastrtps_c/interfaces_pkg/msg/detail/detection__type_support_c.cpp.o[0m
[7.997s] [ 76%] [32mBuilding CXX object CMakeFiles/interfaces_pkg__rosidl_typesupport_fastrtps_c.dir/rosidl_typesupport_fastrtps_c/interfaces_pkg/msg/detail/detection_array__type_support_c.cpp.o[0m
[7.997s] [ 76%] [32mBuilding CXX object CMakeFiles/interfaces_pkg__rosidl_typesupport_fastrtps_cpp.dir/rosidl_typesupport_fastrtps_cpp/interfaces_pkg/msg/detail/dds_fastrtps/target_point__type_support.cpp.o[0m
[8.001s] [ 77%] [32mBuilding CXX object CMakeFiles/interfaces_pkg__rosidl_typesupport_fastrtps_cpp.dir/rosidl_typesupport_fastrtps_cpp/interfaces_pkg/msg/detail/dds_fastrtps/path_planning_result__type_support.cpp.o[0m
[8.019s] [ 77%] [32mBuilding CXX object CMakeFiles/interfaces_pkg__rosidl_typesupport_fastrtps_c.dir/rosidl_typesupport_fastrtps_c/interfaces_pkg/msg/detail/lane_info__type_support_c.cpp.o[0m
[8.046s] [ 77%] [32mBuilding CXX object CMakeFiles/interfaces_pkg__rosidl_typesupport_introspection_cpp.dir/rosidl_typesupport_introspection_cpp/interfaces_pkg/msg/detail/detection_array__type_support.cpp.o[0m
[8.164s] [ 78%] [32mBuilding CXX object CMakeFiles/interfaces_pkg__rosidl_typesupport_introspection_cpp.dir/rosidl_typesupport_introspection_cpp/interfaces_pkg/msg/detail/lane_info__type_support.cpp.o[0m
[8.211s] [ 79%] [32mBuilding CXX object CMakeFiles/interfaces_pkg__rosidl_typesupport_introspection_cpp.dir/rosidl_typesupport_introspection_cpp/interfaces_pkg/msg/detail/motion_command__type_support.cpp.o[0m
[8.225s] [ 79%] [32mBuilding CXX object CMakeFiles/interfaces_pkg__rosidl_typesupport_introspection_cpp.dir/rosidl_typesupport_introspection_cpp/interfaces_pkg/msg/detail/target_point__type_support.cpp.o[0m
[8.263s] [ 80%] [32mBuilding CXX object CMakeFiles/interfaces_pkg__rosidl_typesupport_fastrtps_c.dir/rosidl_typesupport_fastrtps_c/interfaces_pkg/msg/detail/motion_command__type_support_c.cpp.o[0m
[8.263s] [ 81%] [32mBuilding CXX object CMakeFiles/interfaces_pkg__rosidl_typesupport_introspection_cpp.dir/rosidl_typesupport_introspection_cpp/interfaces_pkg/msg/detail/path_planning_result__type_support.cpp.o[0m
[8.327s] [ 82%] [32mBuilding CXX object CMakeFiles/interfaces_pkg__rosidl_typesupport_fastrtps_c.dir/rosidl_typesupport_fastrtps_c/interfaces_pkg/msg/detail/target_point__type_support_c.cpp.o[0m
[8.411s] [ 82%] [32mBuilding CXX object CMakeFiles/interfaces_pkg__rosidl_typesupport_fastrtps_c.dir/rosidl_typesupport_fastrtps_c/interfaces_pkg/msg/detail/path_planning_result__type_support_c.cpp.o[0m
[8.593s] [ 82%] [32m[1mLinking CXX shared library libinterfaces_pkg__rosidl_typesupport_fastrtps_cpp.so[0m
[8.711s] [ 82%] Built target interfaces_pkg__rosidl_typesupport_fastrtps_cpp
[8.758s] [ 83%] [32m[1mLinking CXX shared library libinterfaces_pkg__rosidl_typesupport_fastrtps_c.so[0m
[8.791s] [ 84%] [32m[1mLinking CXX shared library libinterfaces_pkg__rosidl_typesupport_introspection_cpp.so[0m
[8.819s] [ 84%] Built target interfaces_pkg__rosidl_typesupport_fastrtps_c
[8.858s] [ 84%] Built target interfaces_pkg__rosidl_typesupport_introspection_cpp
[8.871s] [ 84%] Built target interfaces_pkg
[8.886s] [ 85%] [34m[1mGenerating Python code for ROS interfaces[0m
[10.812s] [ 85%] Built target interfaces_pkg__py
[10.830s] [ 88%] [32mBuilding C object CMakeFiles/interfaces_pkg__rosidl_generator_py.dir/rosidl_generator_py/interfaces_pkg/msg/_bounding_box3_d_s.c.o[0m
[10.830s] [ 88%] [32mBuilding C object CMakeFiles/interfaces_pkg__rosidl_generator_py.dir/rosidl_generator_py/interfaces_pkg/msg/_point2_d_s.c.o[0m
[10.830s] [ 88%] [32mBuilding C object CMakeFiles/interfaces_pkg__rosidl_generator_py.dir/rosidl_generator_py/interfaces_pkg/msg/_bounding_box2_d_s.c.o[0m
[10.830s] [ 88%] [32mBuilding C object CMakeFiles/interfaces_pkg__rosidl_generator_py.dir/rosidl_generator_py/interfaces_pkg/msg/_pose2_d_s.c.o[0m
[10.830s] [ 88%] [32mBuilding C object CMakeFiles/interfaces_pkg__rosidl_generator_py.dir/rosidl_generator_py/interfaces_pkg/msg/_key_point2_d_s.c.o[0m
[10.830s] [ 88%] [32mBuilding C object CMakeFiles/interfaces_pkg__rosidl_generator_py.dir/rosidl_generator_py/interfaces_pkg/msg/_mask_s.c.o[0m
[10.830s] [ 89%] [32mBuilding C object CMakeFiles/interfaces_pkg__rosidl_generator_py.dir/rosidl_generator_py/interfaces_pkg/msg/_key_point3_d_s.c.o[0m
[10.831s] [ 89%] [32mBuilding C object CMakeFiles/interfaces_pkg__rosidl_generator_py.dir/rosidl_generator_py/interfaces_pkg/msg/_key_point3_d_array_s.c.o[0m
[10.831s] [ 90%] [32mBuilding C object CMakeFiles/interfaces_pkg__rosidl_generator_py.dir/rosidl_generator_py/interfaces_pkg/msg/_detection_s.c.o[0m
[10.831s] [ 91%] [32mBuilding C object CMakeFiles/interfaces_pkg__rosidl_generator_py.dir/rosidl_generator_py/interfaces_pkg/msg/_key_point2_d_array_s.c.o[0m
[10.831s] [ 92%] [32mBuilding C object CMakeFiles/interfaces_pkg__rosidl_generator_py.dir/rosidl_generator_py/interfaces_pkg/msg/_vector2_s.c.o[0m
[10.831s] [ 93%] [32mBuilding C object CMakeFiles/interfaces_pkg__rosidl_generator_py.dir/rosidl_generator_py/interfaces_pkg/msg/_detection_array_s.c.o[0m
[10.994s] [ 93%] [32mBuilding C object CMakeFiles/interfaces_pkg__rosidl_generator_py.dir/rosidl_generator_py/interfaces_pkg/msg/_lane_info_s.c.o[0m
[10.995s] [ 95%] [32mBuilding C object CMakeFiles/interfaces_pkg__rosidl_generator_py.dir/rosidl_generator_py/interfaces_pkg/msg/_motion_command_s.c.o[0m
[10.995s] [ 95%] [32mBuilding C object CMakeFiles/interfaces_pkg__rosidl_generator_py.dir/rosidl_generator_py/interfaces_pkg/msg/_target_point_s.c.o[0m
[10.997s] [ 95%] [32mBuilding C object CMakeFiles/interfaces_pkg__rosidl_generator_py.dir/rosidl_generator_py/interfaces_pkg/msg/_path_planning_result_s.c.o[0m
[11.097s] [ 96%] [32m[1mLinking C shared library rosidl_generator_py/interfaces_pkg/libinterfaces_pkg__rosidl_generator_py.so[0m
[11.138s] [ 96%] Built target interfaces_pkg__rosidl_generator_py
[11.151s] [ 98%] [32mBuilding C object CMakeFiles/interfaces_pkg__rosidl_typesupport_introspection_c__pyext.dir/rosidl_generator_py/interfaces_pkg/_interfaces_pkg_s.ep.rosidl_typesupport_introspection_c.c.o[0m
[11.152s] [ 98%] [32mBuilding C object CMakeFiles/interfaces_pkg__rosidl_typesupport_c__pyext.dir/rosidl_generator_py/interfaces_pkg/_interfaces_pkg_s.ep.rosidl_typesupport_c.c.o[0m
[11.152s] [ 99%] [32mBuilding C object CMakeFiles/interfaces_pkg__rosidl_typesupport_fastrtps_c__pyext.dir/rosidl_generator_py/interfaces_pkg/_interfaces_pkg_s.ep.rosidl_typesupport_fastrtps_c.c.o[0m
[11.261s] [100%] [32m[1mLinking C shared library rosidl_generator_py/interfaces_pkg/interfaces_pkg_s__rosidl_typesupport_fastrtps_c.cpython-310-x86_64-linux-gnu.so[0m
[11.261s] [100%] [32m[1mLinking C shared library rosidl_generator_py/interfaces_pkg/interfaces_pkg_s__rosidl_typesupport_introspection_c.cpython-310-x86_64-linux-gnu.so[0m
[11.264s] [100%] [32m[1mLinking C shared library rosidl_generator_py/interfaces_pkg/interfaces_pkg_s__rosidl_typesupport_c.cpython-310-x86_64-linux-gnu.so[0m
[11.291s] [100%] Built target interfaces_pkg__rosidl_typesupport_fastrtps_c__pyext
[11.291s] [100%] Built target interfaces_pkg__rosidl_typesupport_introspection_c__pyext
[11.293s] [100%] Built target interfaces_pkg__rosidl_typesupport_c__pyext
[11.301s] Invoked command in '/home/luke/automobile_capstone/src/build/interfaces_pkg' returned '0': CMAKE_PREFIX_PATH=/opt/ros/humble /usr/bin/cmake --build /home/luke/automobile_capstone/src/build/interfaces_pkg -- -j12 -l12
[11.308s] Invoking command in '/home/luke/automobile_capstone/src/build/interfaces_pkg': CMAKE_PREFIX_PATH=/opt/ros/humble /usr/bin/cmake --install /home/luke/automobile_capstone/src/build/interfaces_pkg
[11.313s] -- Install configuration: ""
[11.313s] -- Execute custom install script
[11.313s] -- Symlinking: /home/luke/automobile_capstone/src/install/interfaces_pkg/share/ament_index/resource_index/rosidl_interfaces/interfaces_pkg
[11.320s] -- Symlinking: /home/luke/automobile_capstone/src/install/interfaces_pkg/include/interfaces_pkg/interfaces_pkg/msg/bounding_box2_d.h
[11.326s] -- Symlinking: /home/luke/automobile_capstone/src/install/interfaces_pkg/include/interfaces_pkg/interfaces_pkg/msg/bounding_box3_d.h
[11.331s] -- Symlinking: /home/luke/automobile_capstone/src/install/interfaces_pkg/include/interfaces_pkg/interfaces_pkg/msg/detail/bounding_box2_d__functions.h
[11.337s] -- Symlinking: /home/luke/automobile_capstone/src/install/interfaces_pkg/include/interfaces_pkg/interfaces_pkg/msg/detail/bounding_box2_d__struct.h
[11.342s] -- Symlinking: /home/luke/automobile_capstone/src/install/interfaces_pkg/include/interfaces_pkg/interfaces_pkg/msg/detail/bounding_box2_d__type_support.h
[11.348s] -- Symlinking: /home/luke/automobile_capstone/src/install/interfaces_pkg/include/interfaces_pkg/interfaces_pkg/msg/detail/bounding_box3_d__functions.h
[11.354s] -- Symlinking: /home/luke/automobile_capstone/src/install/interfaces_pkg/include/interfaces_pkg/interfaces_pkg/msg/detail/bounding_box3_d__struct.h
[11.360s] -- Symlinking: /home/luke/automobile_capstone/src/install/interfaces_pkg/include/interfaces_pkg/interfaces_pkg/msg/detail/bounding_box3_d__type_support.h
[11.365s] -- Symlinking: /home/luke/automobile_capstone/src/install/interfaces_pkg/include/interfaces_pkg/interfaces_pkg/msg/detail/detection__functions.h
[11.371s] -- Symlinking: /home/luke/automobile_capstone/src/install/interfaces_pkg/include/interfaces_pkg/interfaces_pkg/msg/detail/detection__struct.h
[11.377s] -- Symlinking: /home/luke/automobile_capstone/src/install/interfaces_pkg/include/interfaces_pkg/interfaces_pkg/msg/detail/detection__type_support.h
[11.382s] -- Symlinking: /home/luke/automobile_capstone/src/install/interfaces_pkg/include/interfaces_pkg/interfaces_pkg/msg/detail/detection_array__functions.h
[11.388s] -- Symlinking: /home/luke/automobile_capstone/src/install/interfaces_pkg/include/interfaces_pkg/interfaces_pkg/msg/detail/detection_array__struct.h
[11.393s] -- Symlinking: /home/luke/automobile_capstone/src/install/interfaces_pkg/include/interfaces_pkg/interfaces_pkg/msg/detail/detection_array__type_support.h
[11.399s] -- Symlinking: /home/luke/automobile_capstone/src/install/interfaces_pkg/include/interfaces_pkg/interfaces_pkg/msg/detail/key_point2_d__functions.h
[11.405s] -- Symlinking: /home/luke/automobile_capstone/src/install/interfaces_pkg/include/interfaces_pkg/interfaces_pkg/msg/detail/key_point2_d__struct.h
[11.410s] -- Symlinking: /home/luke/automobile_capstone/src/install/interfaces_pkg/include/interfaces_pkg/interfaces_pkg/msg/detail/key_point2_d__type_support.h
[11.416s] -- Symlinking: /home/luke/automobile_capstone/src/install/interfaces_pkg/include/interfaces_pkg/interfaces_pkg/msg/detail/key_point2_d_array__functions.h
[11.421s] -- Symlinking: /home/luke/automobile_capstone/src/install/interfaces_pkg/include/interfaces_pkg/interfaces_pkg/msg/detail/key_point2_d_array__struct.h
[11.427s] -- Symlinking: /home/luke/automobile_capstone/src/install/interfaces_pkg/include/interfaces_pkg/interfaces_pkg/msg/detail/key_point2_d_array__type_support.h
[11.433s] -- Symlinking: /home/luke/automobile_capstone/src/install/interfaces_pkg/include/interfaces_pkg/interfaces_pkg/msg/detail/key_point3_d__functions.h
[11.438s] -- Symlinking: /home/luke/automobile_capstone/src/install/interfaces_pkg/include/interfaces_pkg/interfaces_pkg/msg/detail/key_point3_d__struct.h
[11.444s] -- Symlinking: /home/luke/automobile_capstone/src/install/interfaces_pkg/include/interfaces_pkg/interfaces_pkg/msg/detail/key_point3_d__type_support.h
[11.449s] -- Symlinking: /home/luke/automobile_capstone/src/install/interfaces_pkg/include/interfaces_pkg/interfaces_pkg/msg/detail/key_point3_d_array__functions.h
[11.455s] -- Symlinking: /home/luke/automobile_capstone/src/install/interfaces_pkg/include/interfaces_pkg/interfaces_pkg/msg/detail/key_point3_d_array__struct.h
[11.461s] -- Symlinking: /home/luke/automobile_capstone/src/install/interfaces_pkg/include/interfaces_pkg/interfaces_pkg/msg/detail/key_point3_d_array__type_support.h
[11.466s] -- Symlinking: /home/luke/automobile_capstone/src/install/interfaces_pkg/include/interfaces_pkg/interfaces_pkg/msg/detail/lane_info__functions.h
[11.472s] -- Symlinking: /home/luke/automobile_capstone/src/install/interfaces_pkg/include/interfaces_pkg/interfaces_pkg/msg/detail/lane_info__struct.h
[11.478s] -- Symlinking: /home/luke/automobile_capstone/src/install/interfaces_pkg/include/interfaces_pkg/interfaces_pkg/msg/detail/lane_info__type_support.h
[11.484s] -- Symlinking: /home/luke/automobile_capstone/src/install/interfaces_pkg/include/interfaces_pkg/interfaces_pkg/msg/detail/mask__functions.h
[11.489s] -- Symlinking: /home/luke/automobile_capstone/src/install/interfaces_pkg/include/interfaces_pkg/interfaces_pkg/msg/detail/mask__struct.h
[11.495s] -- Symlinking: /home/luke/automobile_capstone/src/install/interfaces_pkg/include/interfaces_pkg/interfaces_pkg/msg/detail/mask__type_support.h
[11.500s] -- Symlinking: /home/luke/automobile_capstone/src/install/interfaces_pkg/include/interfaces_pkg/interfaces_pkg/msg/detail/motion_command__functions.h
[11.506s] -- Symlinking: /home/luke/automobile_capstone/src/install/interfaces_pkg/include/interfaces_pkg/interfaces_pkg/msg/detail/motion_command__struct.h
[11.511s] -- Symlinking: /home/luke/automobile_capstone/src/install/interfaces_pkg/include/interfaces_pkg/interfaces_pkg/msg/detail/motion_command__type_support.h
[11.517s] -- Symlinking: /home/luke/automobile_capstone/src/install/interfaces_pkg/include/interfaces_pkg/interfaces_pkg/msg/detail/path_planning_result__functions.h
[11.523s] -- Symlinking: /home/luke/automobile_capstone/src/install/interfaces_pkg/include/interfaces_pkg/interfaces_pkg/msg/detail/path_planning_result__struct.h
[11.528s] -- Symlinking: /home/luke/automobile_capstone/src/install/interfaces_pkg/include/interfaces_pkg/interfaces_pkg/msg/detail/path_planning_result__type_support.h
[11.534s] -- Symlinking: /home/luke/automobile_capstone/src/install/interfaces_pkg/include/interfaces_pkg/interfaces_pkg/msg/detail/point2_d__functions.h
[11.539s] -- Symlinking: /home/luke/automobile_capstone/src/install/interfaces_pkg/include/interfaces_pkg/interfaces_pkg/msg/detail/point2_d__struct.h
[11.545s] -- Symlinking: /home/luke/automobile_capstone/src/install/interfaces_pkg/include/interfaces_pkg/interfaces_pkg/msg/detail/point2_d__type_support.h
[11.551s] -- Symlinking: /home/luke/automobile_capstone/src/install/interfaces_pkg/include/interfaces_pkg/interfaces_pkg/msg/detail/pose2_d__functions.h
[11.556s] -- Symlinking: /home/luke/automobile_capstone/src/install/interfaces_pkg/include/interfaces_pkg/interfaces_pkg/msg/detail/pose2_d__struct.h
[11.562s] -- Symlinking: /home/luke/automobile_capstone/src/install/interfaces_pkg/include/interfaces_pkg/interfaces_pkg/msg/detail/pose2_d__type_support.h
[11.568s] -- Symlinking: /home/luke/automobile_capstone/src/install/interfaces_pkg/include/interfaces_pkg/interfaces_pkg/msg/detail/target_point__functions.h
[11.573s] -- Symlinking: /home/luke/automobile_capstone/src/install/interfaces_pkg/include/interfaces_pkg/interfaces_pkg/msg/detail/target_point__struct.h
[11.579s] -- Symlinking: /home/luke/automobile_capstone/src/install/interfaces_pkg/include/interfaces_pkg/interfaces_pkg/msg/detail/target_point__type_support.h
[11.585s] -- Symlinking: /home/luke/automobile_capstone/src/install/interfaces_pkg/include/interfaces_pkg/interfaces_pkg/msg/detail/vector2__functions.h
[11.590s] -- Symlinking: /home/luke/automobile_capstone/src/install/interfaces_pkg/include/interfaces_pkg/interfaces_pkg/msg/detail/vector2__struct.h
[11.596s] -- Symlinking: /home/luke/automobile_capstone/src/install/interfaces_pkg/include/interfaces_pkg/interfaces_pkg/msg/detail/vector2__type_support.h
[11.601s] -- Symlinking: /home/luke/automobile_capstone/src/install/interfaces_pkg/include/interfaces_pkg/interfaces_pkg/msg/detection.h
[11.607s] -- Symlinking: /home/luke/automobile_capstone/src/install/interfaces_pkg/include/interfaces_pkg/interfaces_pkg/msg/detection_array.h
[11.613s] -- Symlinking: /home/luke/automobile_capstone/src/install/interfaces_pkg/include/interfaces_pkg/interfaces_pkg/msg/key_point2_d.h
[11.618s] -- Symlinking: /home/luke/automobile_capstone/src/install/interfaces_pkg/include/interfaces_pkg/interfaces_pkg/msg/key_point2_d_array.h
[11.624s] -- Symlinking: /home/luke/automobile_capstone/src/install/interfaces_pkg/include/interfaces_pkg/interfaces_pkg/msg/key_point3_d.h
[11.630s] -- Symlinking: /home/luke/automobile_capstone/src/install/interfaces_pkg/include/interfaces_pkg/interfaces_pkg/msg/key_point3_d_array.h
[11.636s] -- Symlinking: /home/luke/automobile_capstone/src/install/interfaces_pkg/include/interfaces_pkg/interfaces_pkg/msg/lane_info.h
[11.642s] -- Symlinking: /home/luke/automobile_capstone/src/install/interfaces_pkg/include/interfaces_pkg/interfaces_pkg/msg/mask.h
[11.648s] -- Symlinking: /home/luke/automobile_capstone/src/install/interfaces_pkg/include/interfaces_pkg/interfaces_pkg/msg/motion_command.h
[11.654s] -- Symlinking: /home/luke/automobile_capstone/src/install/interfaces_pkg/include/interfaces_pkg/interfaces_pkg/msg/path_planning_result.h
[11.659s] -- Symlinking: /home/luke/automobile_capstone/src/install/interfaces_pkg/include/interfaces_pkg/interfaces_pkg/msg/point2_d.h
[11.665s] -- Symlinking: /home/luke/automobile_capstone/src/install/interfaces_pkg/include/interfaces_pkg/interfaces_pkg/msg/pose2_d.h
[11.671s] -- Symlinking: /home/luke/automobile_capstone/src/install/interfaces_pkg/include/interfaces_pkg/interfaces_pkg/msg/rosidl_generator_c__visibility_control.h
[11.676s] -- Symlinking: /home/luke/automobile_capstone/src/install/interfaces_pkg/include/interfaces_pkg/interfaces_pkg/msg/target_point.h
[11.682s] -- Symlinking: /home/luke/automobile_capstone/src/install/interfaces_pkg/include/interfaces_pkg/interfaces_pkg/msg/vector2.h
[11.687s] -- Symlinking: /home/luke/automobile_capstone/src/install/interfaces_pkg/share/interfaces_pkg/environment/library_path.sh
[11.693s] -- Symlinking: /home/luke/automobile_capstone/src/install/interfaces_pkg/share/interfaces_pkg/environment/library_path.dsv
[11.699s] -- Symlinking: /home/luke/automobile_capstone/src/install/interfaces_pkg/include/interfaces_pkg/interfaces_pkg/msg/detail/bounding_box2_d__rosidl_typesupport_fastrtps_c.h
[11.705s] -- Symlinking: /home/luke/automobile_capstone/src/install/interfaces_pkg/include/interfaces_pkg/interfaces_pkg/msg/detail/bounding_box3_d__rosidl_typesupport_fastrtps_c.h
[11.710s] -- Symlinking: /home/luke/automobile_capstone/src/install/interfaces_pkg/include/interfaces_pkg/interfaces_pkg/msg/detail/detection__rosidl_typesupport_fastrtps_c.h
[11.716s] -- Symlinking: /home/luke/automobile_capstone/src/install/interfaces_pkg/include/interfaces_pkg/interfaces_pkg/msg/detail/detection_array__rosidl_typesupport_fastrtps_c.h
[11.721s] -- Symlinking: /home/luke/automobile_capstone/src/install/interfaces_pkg/include/interfaces_pkg/interfaces_pkg/msg/detail/key_point2_d__rosidl_typesupport_fastrtps_c.h
[11.728s] -- Symlinking: /home/luke/automobile_capstone/src/install/interfaces_pkg/include/interfaces_pkg/interfaces_pkg/msg/detail/key_point2_d_array__rosidl_typesupport_fastrtps_c.h
[11.734s] -- Symlinking: /home/luke/automobile_capstone/src/install/interfaces_pkg/include/interfaces_pkg/interfaces_pkg/msg/detail/key_point3_d__rosidl_typesupport_fastrtps_c.h
[11.741s] -- Symlinking: /home/luke/automobile_capstone/src/install/interfaces_pkg/include/interfaces_pkg/interfaces_pkg/msg/detail/key_point3_d_array__rosidl_typesupport_fastrtps_c.h
[11.747s] -- Symlinking: /home/luke/automobile_capstone/src/install/interfaces_pkg/include/interfaces_pkg/interfaces_pkg/msg/detail/lane_info__rosidl_typesupport_fastrtps_c.h
[11.754s] -- Symlinking: /home/luke/automobile_capstone/src/install/interfaces_pkg/include/interfaces_pkg/interfaces_pkg/msg/detail/mask__rosidl_typesupport_fastrtps_c.h
[11.760s] -- Symlinking: /home/luke/automobile_capstone/src/install/interfaces_pkg/include/interfaces_pkg/interfaces_pkg/msg/detail/motion_command__rosidl_typesupport_fastrtps_c.h
[11.766s] -- Symlinking: /home/luke/automobile_capstone/src/install/interfaces_pkg/include/interfaces_pkg/interfaces_pkg/msg/detail/path_planning_result__rosidl_typesupport_fastrtps_c.h
[11.772s] -- Symlinking: /home/luke/automobile_capstone/src/install/interfaces_pkg/include/interfaces_pkg/interfaces_pkg/msg/detail/point2_d__rosidl_typesupport_fastrtps_c.h
[11.778s] -- Symlinking: /home/luke/automobile_capstone/src/install/interfaces_pkg/include/interfaces_pkg/interfaces_pkg/msg/detail/pose2_d__rosidl_typesupport_fastrtps_c.h
[11.784s] -- Symlinking: /home/luke/automobile_capstone/src/install/interfaces_pkg/include/interfaces_pkg/interfaces_pkg/msg/detail/target_point__rosidl_typesupport_fastrtps_c.h
[11.790s] -- Symlinking: /home/luke/automobile_capstone/src/install/interfaces_pkg/include/interfaces_pkg/interfaces_pkg/msg/detail/vector2__rosidl_typesupport_fastrtps_c.h
[11.796s] -- Symlinking: /home/luke/automobile_capstone/src/install/interfaces_pkg/include/interfaces_pkg/interfaces_pkg/msg/rosidl_typesupport_fastrtps_c__visibility_control.h
[11.803s] -- Symlinking: /home/luke/automobile_capstone/src/install/interfaces_pkg/include/interfaces_pkg/interfaces_pkg/msg/detail/bounding_box2_d__rosidl_typesupport_introspection_c.h
[11.809s] -- Symlinking: /home/luke/automobile_capstone/src/install/interfaces_pkg/include/interfaces_pkg/interfaces_pkg/msg/detail/bounding_box3_d__rosidl_typesupport_introspection_c.h
[11.815s] -- Symlinking: /home/luke/automobile_capstone/src/install/interfaces_pkg/include/interfaces_pkg/interfaces_pkg/msg/detail/detection__rosidl_typesupport_introspection_c.h
[11.821s] -- Symlinking: /home/luke/automobile_capstone/src/install/interfaces_pkg/include/interfaces_pkg/interfaces_pkg/msg/detail/detection_array__rosidl_typesupport_introspection_c.h
[11.827s] -- Symlinking: /home/luke/automobile_capstone/src/install/interfaces_pkg/include/interfaces_pkg/interfaces_pkg/msg/detail/key_point2_d__rosidl_typesupport_introspection_c.h
[11.833s] -- Symlinking: /home/luke/automobile_capstone/src/install/interfaces_pkg/include/interfaces_pkg/interfaces_pkg/msg/detail/key_point2_d_array__rosidl_typesupport_introspection_c.h
[11.839s] -- Symlinking: /home/luke/automobile_capstone/src/install/interfaces_pkg/include/interfaces_pkg/interfaces_pkg/msg/detail/key_point3_d__rosidl_typesupport_introspection_c.h
[11.845s] -- Symlinking: /home/luke/automobile_capstone/src/install/interfaces_pkg/include/interfaces_pkg/interfaces_pkg/msg/detail/key_point3_d_array__rosidl_typesupport_introspection_c.h
[11.850s] -- Symlinking: /home/luke/automobile_capstone/src/install/interfaces_pkg/include/interfaces_pkg/interfaces_pkg/msg/detail/lane_info__rosidl_typesupport_introspection_c.h
[11.857s] -- Symlinking: /home/luke/automobile_capstone/src/install/interfaces_pkg/include/interfaces_pkg/interfaces_pkg/msg/detail/mask__rosidl_typesupport_introspection_c.h
[11.862s] -- Symlinking: /home/luke/automobile_capstone/src/install/interfaces_pkg/include/interfaces_pkg/interfaces_pkg/msg/detail/motion_command__rosidl_typesupport_introspection_c.h
[11.868s] -- Symlinking: /home/luke/automobile_capstone/src/install/interfaces_pkg/include/interfaces_pkg/interfaces_pkg/msg/detail/path_planning_result__rosidl_typesupport_introspection_c.h
[11.874s] -- Symlinking: /home/luke/automobile_capstone/src/install/interfaces_pkg/include/interfaces_pkg/interfaces_pkg/msg/detail/point2_d__rosidl_typesupport_introspection_c.h
[11.880s] -- Symlinking: /home/luke/automobile_capstone/src/install/interfaces_pkg/include/interfaces_pkg/interfaces_pkg/msg/detail/pose2_d__rosidl_typesupport_introspection_c.h
[11.886s] -- Symlinking: /home/luke/automobile_capstone/src/install/interfaces_pkg/include/interfaces_pkg/interfaces_pkg/msg/detail/target_point__rosidl_typesupport_introspection_c.h
[11.892s] -- Symlinking: /home/luke/automobile_capstone/src/install/interfaces_pkg/include/interfaces_pkg/interfaces_pkg/msg/detail/vector2__rosidl_typesupport_introspection_c.h
[11.898s] -- Symlinking: /home/luke/automobile_capstone/src/install/interfaces_pkg/include/interfaces_pkg/interfaces_pkg/msg/rosidl_typesupport_introspection_c__visibility_control.h
[11.905s] -- Symlinking: /home/luke/automobile_capstone/src/install/interfaces_pkg/include/interfaces_pkg/interfaces_pkg/msg/bounding_box2_d.hpp
[11.911s] -- Symlinking: /home/luke/automobile_capstone/src/install/interfaces_pkg/include/interfaces_pkg/interfaces_pkg/msg/bounding_box3_d.hpp
[11.917s] -- Symlinking: /home/luke/automobile_capstone/src/install/interfaces_pkg/include/interfaces_pkg/interfaces_pkg/msg/detail/bounding_box2_d__builder.hpp
[11.923s] -- Symlinking: /home/luke/automobile_capstone/src/install/interfaces_pkg/include/interfaces_pkg/interfaces_pkg/msg/detail/bounding_box2_d__struct.hpp
[11.928s] -- Symlinking: /home/luke/automobile_capstone/src/install/interfaces_pkg/include/interfaces_pkg/interfaces_pkg/msg/detail/bounding_box2_d__traits.hpp
[11.935s] -- Symlinking: /home/luke/automobile_capstone/src/install/interfaces_pkg/include/interfaces_pkg/interfaces_pkg/msg/detail/bounding_box2_d__type_support.hpp
[11.941s] -- Symlinking: /home/luke/automobile_capstone/src/install/interfaces_pkg/include/interfaces_pkg/interfaces_pkg/msg/detail/bounding_box3_d__builder.hpp
[11.946s] -- Symlinking: /home/luke/automobile_capstone/src/install/interfaces_pkg/include/interfaces_pkg/interfaces_pkg/msg/detail/bounding_box3_d__struct.hpp
[11.952s] -- Symlinking: /home/luke/automobile_capstone/src/install/interfaces_pkg/include/interfaces_pkg/interfaces_pkg/msg/detail/bounding_box3_d__traits.hpp
[11.958s] -- Symlinking: /home/luke/automobile_capstone/src/install/interfaces_pkg/include/interfaces_pkg/interfaces_pkg/msg/detail/bounding_box3_d__type_support.hpp
[11.963s] -- Symlinking: /home/luke/automobile_capstone/src/install/interfaces_pkg/include/interfaces_pkg/interfaces_pkg/msg/detail/detection__builder.hpp
[11.969s] -- Symlinking: /home/luke/automobile_capstone/src/install/interfaces_pkg/include/interfaces_pkg/interfaces_pkg/msg/detail/detection__struct.hpp
[11.974s] -- Symlinking: /home/luke/automobile_capstone/src/install/interfaces_pkg/include/interfaces_pkg/interfaces_pkg/msg/detail/detection__traits.hpp
[11.980s] -- Symlinking: /home/luke/automobile_capstone/src/install/interfaces_pkg/include/interfaces_pkg/interfaces_pkg/msg/detail/detection__type_support.hpp
[11.985s] -- Symlinking: /home/luke/automobile_capstone/src/install/interfaces_pkg/include/interfaces_pkg/interfaces_pkg/msg/detail/detection_array__builder.hpp
[11.991s] -- Symlinking: /home/luke/automobile_capstone/src/install/interfaces_pkg/include/interfaces_pkg/interfaces_pkg/msg/detail/detection_array__struct.hpp
[11.997s] -- Symlinking: /home/luke/automobile_capstone/src/install/interfaces_pkg/include/interfaces_pkg/interfaces_pkg/msg/detail/detection_array__traits.hpp
[12.002s] -- Symlinking: /home/luke/automobile_capstone/src/install/interfaces_pkg/include/interfaces_pkg/interfaces_pkg/msg/detail/detection_array__type_support.hpp
[12.008s] -- Symlinking: /home/luke/automobile_capstone/src/install/interfaces_pkg/include/interfaces_pkg/interfaces_pkg/msg/detail/key_point2_d__builder.hpp
[12.013s] -- Symlinking: /home/luke/automobile_capstone/src/install/interfaces_pkg/include/interfaces_pkg/interfaces_pkg/msg/detail/key_point2_d__struct.hpp
[12.019s] -- Symlinking: /home/luke/automobile_capstone/src/install/interfaces_pkg/include/interfaces_pkg/interfaces_pkg/msg/detail/key_point2_d__traits.hpp
[12.025s] -- Symlinking: /home/luke/automobile_capstone/src/install/interfaces_pkg/include/interfaces_pkg/interfaces_pkg/msg/detail/key_point2_d__type_support.hpp
[12.030s] -- Symlinking: /home/luke/automobile_capstone/src/install/interfaces_pkg/include/interfaces_pkg/interfaces_pkg/msg/detail/key_point2_d_array__builder.hpp
[12.036s] -- Symlinking: /home/luke/automobile_capstone/src/install/interfaces_pkg/include/interfaces_pkg/interfaces_pkg/msg/detail/key_point2_d_array__struct.hpp
[12.041s] -- Symlinking: /home/luke/automobile_capstone/src/install/interfaces_pkg/include/interfaces_pkg/interfaces_pkg/msg/detail/key_point2_d_array__traits.hpp
[12.047s] -- Symlinking: /home/luke/automobile_capstone/src/install/interfaces_pkg/include/interfaces_pkg/interfaces_pkg/msg/detail/key_point2_d_array__type_support.hpp
[12.053s] -- Symlinking: /home/luke/automobile_capstone/src/install/interfaces_pkg/include/interfaces_pkg/interfaces_pkg/msg/detail/key_point3_d__builder.hpp
[12.058s] -- Symlinking: /home/luke/automobile_capstone/src/install/interfaces_pkg/include/interfaces_pkg/interfaces_pkg/msg/detail/key_point3_d__struct.hpp
[12.063s] -- Symlinking: /home/luke/automobile_capstone/src/install/interfaces_pkg/include/interfaces_pkg/interfaces_pkg/msg/detail/key_point3_d__traits.hpp
[12.069s] -- Symlinking: /home/luke/automobile_capstone/src/install/interfaces_pkg/include/interfaces_pkg/interfaces_pkg/msg/detail/key_point3_d__type_support.hpp
[12.074s] -- Symlinking: /home/luke/automobile_capstone/src/install/interfaces_pkg/include/interfaces_pkg/interfaces_pkg/msg/detail/key_point3_d_array__builder.hpp
[12.080s] -- Symlinking: /home/luke/automobile_capstone/src/install/interfaces_pkg/include/interfaces_pkg/interfaces_pkg/msg/detail/key_point3_d_array__struct.hpp
[12.085s] -- Symlinking: /home/luke/automobile_capstone/src/install/interfaces_pkg/include/interfaces_pkg/interfaces_pkg/msg/detail/key_point3_d_array__traits.hpp
[12.090s] -- Symlinking: /home/luke/automobile_capstone/src/install/interfaces_pkg/include/interfaces_pkg/interfaces_pkg/msg/detail/key_point3_d_array__type_support.hpp
[12.096s] -- Symlinking: /home/luke/automobile_capstone/src/install/interfaces_pkg/include/interfaces_pkg/interfaces_pkg/msg/detail/lane_info__builder.hpp
[12.101s] -- Symlinking: /home/luke/automobile_capstone/src/install/interfaces_pkg/include/interfaces_pkg/interfaces_pkg/msg/detail/lane_info__struct.hpp
[12.107s] -- Symlinking: /home/luke/automobile_capstone/src/install/interfaces_pkg/include/interfaces_pkg/interfaces_pkg/msg/detail/lane_info__traits.hpp
[12.113s] -- Symlinking: /home/luke/automobile_capstone/src/install/interfaces_pkg/include/interfaces_pkg/interfaces_pkg/msg/detail/lane_info__type_support.hpp
[12.118s] -- Symlinking: /home/luke/automobile_capstone/src/install/interfaces_pkg/include/interfaces_pkg/interfaces_pkg/msg/detail/mask__builder.hpp
[12.124s] -- Symlinking: /home/luke/automobile_capstone/src/install/interfaces_pkg/include/interfaces_pkg/interfaces_pkg/msg/detail/mask__struct.hpp
[12.129s] -- Symlinking: /home/luke/automobile_capstone/src/install/interfaces_pkg/include/interfaces_pkg/interfaces_pkg/msg/detail/mask__traits.hpp
[12.135s] -- Symlinking: /home/luke/automobile_capstone/src/install/interfaces_pkg/include/interfaces_pkg/interfaces_pkg/msg/detail/mask__type_support.hpp
[12.140s] -- Symlinking: /home/luke/automobile_capstone/src/install/interfaces_pkg/include/interfaces_pkg/interfaces_pkg/msg/detail/motion_command__builder.hpp
[12.146s] -- Symlinking: /home/luke/automobile_capstone/src/install/interfaces_pkg/include/interfaces_pkg/interfaces_pkg/msg/detail/motion_command__struct.hpp
[12.151s] -- Symlinking: /home/luke/automobile_capstone/src/install/interfaces_pkg/include/interfaces_pkg/interfaces_pkg/msg/detail/motion_command__traits.hpp
[12.157s] -- Symlinking: /home/luke/automobile_capstone/src/install/interfaces_pkg/include/interfaces_pkg/interfaces_pkg/msg/detail/motion_command__type_support.hpp
[12.162s] -- Symlinking: /home/luke/automobile_capstone/src/install/interfaces_pkg/include/interfaces_pkg/interfaces_pkg/msg/detail/path_planning_result__builder.hpp
[12.168s] -- Symlinking: /home/luke/automobile_capstone/src/install/interfaces_pkg/include/interfaces_pkg/interfaces_pkg/msg/detail/path_planning_result__struct.hpp
[12.173s] -- Symlinking: /home/luke/automobile_capstone/src/install/interfaces_pkg/include/interfaces_pkg/interfaces_pkg/msg/detail/path_planning_result__traits.hpp
[12.179s] -- Symlinking: /home/luke/automobile_capstone/src/install/interfaces_pkg/include/interfaces_pkg/interfaces_pkg/msg/detail/path_planning_result__type_support.hpp
[12.184s] -- Symlinking: /home/luke/automobile_capstone/src/install/interfaces_pkg/include/interfaces_pkg/interfaces_pkg/msg/detail/point2_d__builder.hpp
[12.189s] -- Symlinking: /home/luke/automobile_capstone/src/install/interfaces_pkg/include/interfaces_pkg/interfaces_pkg/msg/detail/point2_d__struct.hpp
[12.195s] -- Symlinking: /home/luke/automobile_capstone/src/install/interfaces_pkg/include/interfaces_pkg/interfaces_pkg/msg/detail/point2_d__traits.hpp
[12.200s] -- Symlinking: /home/luke/automobile_capstone/src/install/interfaces_pkg/include/interfaces_pkg/interfaces_pkg/msg/detail/point2_d__type_support.hpp
[12.206s] -- Symlinking: /home/luke/automobile_capstone/src/install/interfaces_pkg/include/interfaces_pkg/interfaces_pkg/msg/detail/pose2_d__builder.hpp
[12.212s] -- Symlinking: /home/luke/automobile_capstone/src/install/interfaces_pkg/include/interfaces_pkg/interfaces_pkg/msg/detail/pose2_d__struct.hpp
[12.218s] -- Symlinking: /home/luke/automobile_capstone/src/install/interfaces_pkg/include/interfaces_pkg/interfaces_pkg/msg/detail/pose2_d__traits.hpp
[12.223s] -- Symlinking: /home/luke/automobile_capstone/src/install/interfaces_pkg/include/interfaces_pkg/interfaces_pkg/msg/detail/pose2_d__type_support.hpp
[12.229s] -- Symlinking: /home/luke/automobile_capstone/src/install/interfaces_pkg/include/interfaces_pkg/interfaces_pkg/msg/detail/target_point__builder.hpp
[12.234s] -- Symlinking: /home/luke/automobile_capstone/src/install/interfaces_pkg/include/interfaces_pkg/interfaces_pkg/msg/detail/target_point__struct.hpp
[12.239s] -- Symlinking: /home/luke/automobile_capstone/src/install/interfaces_pkg/include/interfaces_pkg/interfaces_pkg/msg/detail/target_point__traits.hpp
[12.244s] -- Symlinking: /home/luke/automobile_capstone/src/install/interfaces_pkg/include/interfaces_pkg/interfaces_pkg/msg/detail/target_point__type_support.hpp
[12.250s] -- Symlinking: /home/luke/automobile_capstone/src/install/interfaces_pkg/include/interfaces_pkg/interfaces_pkg/msg/detail/vector2__builder.hpp
[12.255s] -- Symlinking: /home/luke/automobile_capstone/src/install/interfaces_pkg/include/interfaces_pkg/interfaces_pkg/msg/detail/vector2__struct.hpp
[12.260s] -- Symlinking: /home/luke/automobile_capstone/src/install/interfaces_pkg/include/interfaces_pkg/interfaces_pkg/msg/detail/vector2__traits.hpp
[12.266s] -- Symlinking: /home/luke/automobile_capstone/src/install/interfaces_pkg/include/interfaces_pkg/interfaces_pkg/msg/detail/vector2__type_support.hpp
[12.271s] -- Symlinking: /home/luke/automobile_capstone/src/install/interfaces_pkg/include/interfaces_pkg/interfaces_pkg/msg/detection.hpp
[12.276s] -- Symlinking: /home/luke/automobile_capstone/src/install/interfaces_pkg/include/interfaces_pkg/interfaces_pkg/msg/detection_array.hpp
[12.281s] -- Symlinking: /home/luke/automobile_capstone/src/install/interfaces_pkg/include/interfaces_pkg/interfaces_pkg/msg/key_point2_d.hpp
[12.286s] -- Symlinking: /home/luke/automobile_capstone/src/install/interfaces_pkg/include/interfaces_pkg/interfaces_pkg/msg/key_point2_d_array.hpp
[12.292s] -- Symlinking: /home/luke/automobile_capstone/src/install/interfaces_pkg/include/interfaces_pkg/interfaces_pkg/msg/key_point3_d.hpp
[12.297s] -- Symlinking: /home/luke/automobile_capstone/src/install/interfaces_pkg/include/interfaces_pkg/interfaces_pkg/msg/key_point3_d_array.hpp
[12.302s] -- Symlinking: /home/luke/automobile_capstone/src/install/interfaces_pkg/include/interfaces_pkg/interfaces_pkg/msg/lane_info.hpp
[12.307s] -- Symlinking: /home/luke/automobile_capstone/src/install/interfaces_pkg/include/interfaces_pkg/interfaces_pkg/msg/mask.hpp
[12.313s] -- Symlinking: /home/luke/automobile_capstone/src/install/interfaces_pkg/include/interfaces_pkg/interfaces_pkg/msg/motion_command.hpp
[12.318s] -- Symlinking: /home/luke/automobile_capstone/src/install/interfaces_pkg/include/interfaces_pkg/interfaces_pkg/msg/path_planning_result.hpp
[12.323s] -- Symlinking: /home/luke/automobile_capstone/src/install/interfaces_pkg/include/interfaces_pkg/interfaces_pkg/msg/point2_d.hpp
[12.328s] -- Symlinking: /home/luke/automobile_capstone/src/install/interfaces_pkg/include/interfaces_pkg/interfaces_pkg/msg/pose2_d.hpp
[12.334s] -- Symlinking: /home/luke/automobile_capstone/src/install/interfaces_pkg/include/interfaces_pkg/interfaces_pkg/msg/rosidl_generator_cpp__visibility_control.hpp
[12.339s] -- Symlinking: /home/luke/automobile_capstone/src/install/interfaces_pkg/include/interfaces_pkg/interfaces_pkg/msg/target_point.hpp
[12.344s] -- Symlinking: /home/luke/automobile_capstone/src/install/interfaces_pkg/include/interfaces_pkg/interfaces_pkg/msg/vector2.hpp
[12.350s] -- Symlinking: /home/luke/automobile_capstone/src/install/interfaces_pkg/include/interfaces_pkg/interfaces_pkg/msg/detail/bounding_box2_d__rosidl_typesupport_fastrtps_cpp.hpp
[12.355s] -- Symlinking: /home/luke/automobile_capstone/src/install/interfaces_pkg/include/interfaces_pkg/interfaces_pkg/msg/detail/bounding_box3_d__rosidl_typesupport_fastrtps_cpp.hpp
[12.361s] -- Symlinking: /home/luke/automobile_capstone/src/install/interfaces_pkg/include/interfaces_pkg/interfaces_pkg/msg/detail/detection__rosidl_typesupport_fastrtps_cpp.hpp
[12.366s] -- Symlinking: /home/luke/automobile_capstone/src/install/interfaces_pkg/include/interfaces_pkg/interfaces_pkg/msg/detail/detection_array__rosidl_typesupport_fastrtps_cpp.hpp
[12.371s] -- Symlinking: /home/luke/automobile_capstone/src/install/interfaces_pkg/include/interfaces_pkg/interfaces_pkg/msg/detail/key_point2_d__rosidl_typesupport_fastrtps_cpp.hpp
[12.377s] -- Symlinking: /home/luke/automobile_capstone/src/install/interfaces_pkg/include/interfaces_pkg/interfaces_pkg/msg/detail/key_point2_d_array__rosidl_typesupport_fastrtps_cpp.hpp
[12.382s] -- Symlinking: /home/luke/automobile_capstone/src/install/interfaces_pkg/include/interfaces_pkg/interfaces_pkg/msg/detail/key_point3_d__rosidl_typesupport_fastrtps_cpp.hpp
[12.387s] -- Symlinking: /home/luke/automobile_capstone/src/install/interfaces_pkg/include/interfaces_pkg/interfaces_pkg/msg/detail/key_point3_d_array__rosidl_typesupport_fastrtps_cpp.hpp
[12.392s] -- Symlinking: /home/luke/automobile_capstone/src/install/interfaces_pkg/include/interfaces_pkg/interfaces_pkg/msg/detail/lane_info__rosidl_typesupport_fastrtps_cpp.hpp
[12.398s] -- Symlinking: /home/luke/automobile_capstone/src/install/interfaces_pkg/include/interfaces_pkg/interfaces_pkg/msg/detail/mask__rosidl_typesupport_fastrtps_cpp.hpp
[12.403s] -- Symlinking: /home/luke/automobile_capstone/src/install/interfaces_pkg/include/interfaces_pkg/interfaces_pkg/msg/detail/motion_command__rosidl_typesupport_fastrtps_cpp.hpp
[12.408s] -- Symlinking: /home/luke/automobile_capstone/src/install/interfaces_pkg/include/interfaces_pkg/interfaces_pkg/msg/detail/path_planning_result__rosidl_typesupport_fastrtps_cpp.hpp
[12.414s] -- Symlinking: /home/luke/automobile_capstone/src/install/interfaces_pkg/include/interfaces_pkg/interfaces_pkg/msg/detail/point2_d__rosidl_typesupport_fastrtps_cpp.hpp
[12.419s] -- Symlinking: /home/luke/automobile_capstone/src/install/interfaces_pkg/include/interfaces_pkg/interfaces_pkg/msg/detail/pose2_d__rosidl_typesupport_fastrtps_cpp.hpp
[12.424s] -- Symlinking: /home/luke/automobile_capstone/src/install/interfaces_pkg/include/interfaces_pkg/interfaces_pkg/msg/detail/target_point__rosidl_typesupport_fastrtps_cpp.hpp
[12.429s] -- Symlinking: /home/luke/automobile_capstone/src/install/interfaces_pkg/include/interfaces_pkg/interfaces_pkg/msg/detail/vector2__rosidl_typesupport_fastrtps_cpp.hpp
[12.435s] -- Symlinking: /home/luke/automobile_capstone/src/install/interfaces_pkg/include/interfaces_pkg/interfaces_pkg/msg/rosidl_typesupport_fastrtps_cpp__visibility_control.h
[12.440s] -- Symlinking: /home/luke/automobile_capstone/src/install/interfaces_pkg/include/interfaces_pkg/interfaces_pkg/msg/detail/bounding_box2_d__rosidl_typesupport_introspection_cpp.hpp
[12.446s] -- Symlinking: /home/luke/automobile_capstone/src/install/interfaces_pkg/include/interfaces_pkg/interfaces_pkg/msg/detail/bounding_box3_d__rosidl_typesupport_introspection_cpp.hpp
[12.454s] -- Symlinking: /home/luke/automobile_capstone/src/install/interfaces_pkg/include/interfaces_pkg/interfaces_pkg/msg/detail/detection__rosidl_typesupport_introspection_cpp.hpp
[12.460s] -- Symlinking: /home/luke/automobile_capstone/src/install/interfaces_pkg/include/interfaces_pkg/interfaces_pkg/msg/detail/detection_array__rosidl_typesupport_introspection_cpp.hpp
[12.465s] -- Symlinking: /home/luke/automobile_capstone/src/install/interfaces_pkg/include/interfaces_pkg/interfaces_pkg/msg/detail/key_point2_d__rosidl_typesupport_introspection_cpp.hpp
[12.470s] -- Symlinking: /home/luke/automobile_capstone/src/install/interfaces_pkg/include/interfaces_pkg/interfaces_pkg/msg/detail/key_point2_d_array__rosidl_typesupport_introspection_cpp.hpp
[12.476s] -- Symlinking: /home/luke/automobile_capstone/src/install/interfaces_pkg/include/interfaces_pkg/interfaces_pkg/msg/detail/key_point3_d__rosidl_typesupport_introspection_cpp.hpp
[12.481s] -- Symlinking: /home/luke/automobile_capstone/src/install/interfaces_pkg/include/interfaces_pkg/interfaces_pkg/msg/detail/key_point3_d_array__rosidl_typesupport_introspection_cpp.hpp
[12.486s] -- Symlinking: /home/luke/automobile_capstone/src/install/interfaces_pkg/include/interfaces_pkg/interfaces_pkg/msg/detail/lane_info__rosidl_typesupport_introspection_cpp.hpp
[12.492s] -- Symlinking: /home/luke/automobile_capstone/src/install/interfaces_pkg/include/interfaces_pkg/interfaces_pkg/msg/detail/mask__rosidl_typesupport_introspection_cpp.hpp
[12.497s] -- Symlinking: /home/luke/automobile_capstone/src/install/interfaces_pkg/include/interfaces_pkg/interfaces_pkg/msg/detail/motion_command__rosidl_typesupport_introspection_cpp.hpp
[12.502s] -- Symlinking: /home/luke/automobile_capstone/src/install/interfaces_pkg/include/interfaces_pkg/interfaces_pkg/msg/detail/path_planning_result__rosidl_typesupport_introspection_cpp.hpp
[12.508s] -- Symlinking: /home/luke/automobile_capstone/src/install/interfaces_pkg/include/interfaces_pkg/interfaces_pkg/msg/detail/point2_d__rosidl_typesupport_introspection_cpp.hpp
[12.513s] -- Symlinking: /home/luke/automobile_capstone/src/install/interfaces_pkg/include/interfaces_pkg/interfaces_pkg/msg/detail/pose2_d__rosidl_typesupport_introspection_cpp.hpp
[12.518s] -- Symlinking: /home/luke/automobile_capstone/src/install/interfaces_pkg/include/interfaces_pkg/interfaces_pkg/msg/detail/target_point__rosidl_typesupport_introspection_cpp.hpp
[12.524s] -- Symlinking: /home/luke/automobile_capstone/src/install/interfaces_pkg/include/interfaces_pkg/interfaces_pkg/msg/detail/vector2__rosidl_typesupport_introspection_cpp.hpp
[12.529s] -- Symlinking: /home/luke/automobile_capstone/src/install/interfaces_pkg/share/interfaces_pkg/environment/pythonpath.sh
[12.535s] -- Symlinking: /home/luke/automobile_capstone/src/install/interfaces_pkg/share/interfaces_pkg/environment/pythonpath.dsv
[12.541s] -- Symlinking: /home/luke/automobile_capstone/src/install/interfaces_pkg/local/lib/python3.10/dist-packages/interfaces_pkg-0.0.0-py3.10.egg-info/PKG-INFO
[12.547s] -- Symlinking: /home/luke/automobile_capstone/src/install/interfaces_pkg/local/lib/python3.10/dist-packages/interfaces_pkg-0.0.0-py3.10.egg-info/SOURCES.txt
[12.554s] -- Symlinking: /home/luke/automobile_capstone/src/install/interfaces_pkg/local/lib/python3.10/dist-packages/interfaces_pkg-0.0.0-py3.10.egg-info/dependency_links.txt
[12.560s] -- Symlinking: /home/luke/automobile_capstone/src/install/interfaces_pkg/local/lib/python3.10/dist-packages/interfaces_pkg-0.0.0-py3.10.egg-info/top_level.txt
[12.566s] -- Symlinking: /home/luke/automobile_capstone/src/install/interfaces_pkg/local/lib/python3.10/dist-packages/interfaces_pkg/__init__.py
[12.571s] -- Symlinking: /home/luke/automobile_capstone/src/install/interfaces_pkg/local/lib/python3.10/dist-packages/interfaces_pkg/_interfaces_pkg_s.ep.rosidl_typesupport_c.c
[12.576s] -- Symlinking: /home/luke/automobile_capstone/src/install/interfaces_pkg/local/lib/python3.10/dist-packages/interfaces_pkg/_interfaces_pkg_s.ep.rosidl_typesupport_fastrtps_c.c
[12.582s] -- Symlinking: /home/luke/automobile_capstone/src/install/interfaces_pkg/local/lib/python3.10/dist-packages/interfaces_pkg/_interfaces_pkg_s.ep.rosidl_typesupport_introspection_c.c
[12.588s] -- Symlinking: /home/luke/automobile_capstone/src/install/interfaces_pkg/local/lib/python3.10/dist-packages/interfaces_pkg/interfaces_pkg_s__rosidl_typesupport_c.cpython-310-x86_64-linux-gnu.so
[12.593s] -- Symlinking: /home/luke/automobile_capstone/src/install/interfaces_pkg/local/lib/python3.10/dist-packages/interfaces_pkg/interfaces_pkg_s__rosidl_typesupport_fastrtps_c.cpython-310-x86_64-linux-gnu.so
[12.599s] -- Symlinking: /home/luke/automobile_capstone/src/install/interfaces_pkg/local/lib/python3.10/dist-packages/interfaces_pkg/interfaces_pkg_s__rosidl_typesupport_introspection_c.cpython-310-x86_64-linux-gnu.so
[12.605s] -- Symlinking: /home/luke/automobile_capstone/src/install/interfaces_pkg/local/lib/python3.10/dist-packages/interfaces_pkg/libinterfaces_pkg__rosidl_generator_py.so
[12.610s] -- Symlinking: /home/luke/automobile_capstone/src/install/interfaces_pkg/local/lib/python3.10/dist-packages/interfaces_pkg/msg/__init__.py
[12.616s] -- Symlinking: /home/luke/automobile_capstone/src/install/interfaces_pkg/local/lib/python3.10/dist-packages/interfaces_pkg/msg/_bounding_box2_d.py
[12.621s] -- Symlinking: /home/luke/automobile_capstone/src/install/interfaces_pkg/local/lib/python3.10/dist-packages/interfaces_pkg/msg/_bounding_box2_d_s.c
[12.627s] -- Symlinking: /home/luke/automobile_capstone/src/install/interfaces_pkg/local/lib/python3.10/dist-packages/interfaces_pkg/msg/_bounding_box3_d.py
[12.633s] -- Symlinking: /home/luke/automobile_capstone/src/install/interfaces_pkg/local/lib/python3.10/dist-packages/interfaces_pkg/msg/_bounding_box3_d_s.c
[12.638s] -- Symlinking: /home/luke/automobile_capstone/src/install/interfaces_pkg/local/lib/python3.10/dist-packages/interfaces_pkg/msg/_detection.py
[12.644s] -- Symlinking: /home/luke/automobile_capstone/src/install/interfaces_pkg/local/lib/python3.10/dist-packages/interfaces_pkg/msg/_detection_array.py
[12.650s] -- Symlinking: /home/luke/automobile_capstone/src/install/interfaces_pkg/local/lib/python3.10/dist-packages/interfaces_pkg/msg/_detection_array_s.c
[12.655s] -- Symlinking: /home/luke/automobile_capstone/src/install/interfaces_pkg/local/lib/python3.10/dist-packages/interfaces_pkg/msg/_detection_s.c
[12.661s] -- Symlinking: /home/luke/automobile_capstone/src/install/interfaces_pkg/local/lib/python3.10/dist-packages/interfaces_pkg/msg/_key_point2_d.py
[12.666s] -- Symlinking: /home/luke/automobile_capstone/src/install/interfaces_pkg/local/lib/python3.10/dist-packages/interfaces_pkg/msg/_key_point2_d_array.py
[12.672s] -- Symlinking: /home/luke/automobile_capstone/src/install/interfaces_pkg/local/lib/python3.10/dist-packages/interfaces_pkg/msg/_key_point2_d_array_s.c
[12.677s] -- Symlinking: /home/luke/automobile_capstone/src/install/interfaces_pkg/local/lib/python3.10/dist-packages/interfaces_pkg/msg/_key_point2_d_s.c
[12.683s] -- Symlinking: /home/luke/automobile_capstone/src/install/interfaces_pkg/local/lib/python3.10/dist-packages/interfaces_pkg/msg/_key_point3_d.py
[12.689s] -- Symlinking: /home/luke/automobile_capstone/src/install/interfaces_pkg/local/lib/python3.10/dist-packages/interfaces_pkg/msg/_key_point3_d_array.py
[12.694s] -- Symlinking: /home/luke/automobile_capstone/src/install/interfaces_pkg/local/lib/python3.10/dist-packages/interfaces_pkg/msg/_key_point3_d_array_s.c
[12.700s] -- Symlinking: /home/luke/automobile_capstone/src/install/interfaces_pkg/local/lib/python3.10/dist-packages/interfaces_pkg/msg/_key_point3_d_s.c
[12.705s] -- Symlinking: /home/luke/automobile_capstone/src/install/interfaces_pkg/local/lib/python3.10/dist-packages/interfaces_pkg/msg/_lane_info.py
[12.711s] -- Symlinking: /home/luke/automobile_capstone/src/install/interfaces_pkg/local/lib/python3.10/dist-packages/interfaces_pkg/msg/_lane_info_s.c
[12.716s] -- Symlinking: /home/luke/automobile_capstone/src/install/interfaces_pkg/local/lib/python3.10/dist-packages/interfaces_pkg/msg/_mask.py
[12.722s] -- Symlinking: /home/luke/automobile_capstone/src/install/interfaces_pkg/local/lib/python3.10/dist-packages/interfaces_pkg/msg/_mask_s.c
[12.728s] -- Symlinking: /home/luke/automobile_capstone/src/install/interfaces_pkg/local/lib/python3.10/dist-packages/interfaces_pkg/msg/_motion_command.py
[12.733s] -- Symlinking: /home/luke/automobile_capstone/src/install/interfaces_pkg/local/lib/python3.10/dist-packages/interfaces_pkg/msg/_motion_command_s.c
[12.739s] -- Symlinking: /home/luke/automobile_capstone/src/install/interfaces_pkg/local/lib/python3.10/dist-packages/interfaces_pkg/msg/_path_planning_result.py
[12.744s] -- Symlinking: /home/luke/automobile_capstone/src/install/interfaces_pkg/local/lib/python3.10/dist-packages/interfaces_pkg/msg/_path_planning_result_s.c
[12.750s] -- Symlinking: /home/luke/automobile_capstone/src/install/interfaces_pkg/local/lib/python3.10/dist-packages/interfaces_pkg/msg/_point2_d.py
[12.756s] -- Symlinking: /home/luke/automobile_capstone/src/install/interfaces_pkg/local/lib/python3.10/dist-packages/interfaces_pkg/msg/_point2_d_s.c
[12.761s] -- Symlinking: /home/luke/automobile_capstone/src/install/interfaces_pkg/local/lib/python3.10/dist-packages/interfaces_pkg/msg/_pose2_d.py
[12.767s] -- Symlinking: /home/luke/automobile_capstone/src/install/interfaces_pkg/local/lib/python3.10/dist-packages/interfaces_pkg/msg/_pose2_d_s.c
[12.772s] -- Symlinking: /home/luke/automobile_capstone/src/install/interfaces_pkg/local/lib/python3.10/dist-packages/interfaces_pkg/msg/_target_point.py
[12.778s] -- Symlinking: /home/luke/automobile_capstone/src/install/interfaces_pkg/local/lib/python3.10/dist-packages/interfaces_pkg/msg/_target_point_s.c
[12.783s] -- Symlinking: /home/luke/automobile_capstone/src/install/interfaces_pkg/local/lib/python3.10/dist-packages/interfaces_pkg/msg/_vector2.py
[12.789s] -- Symlinking: /home/luke/automobile_capstone/src/install/interfaces_pkg/local/lib/python3.10/dist-packages/interfaces_pkg/msg/_vector2_s.c
[12.795s] -- Up-to-date symlink: /home/luke/automobile_capstone/src/install/interfaces_pkg/local/lib/python3.10/dist-packages/interfaces_pkg/interfaces_pkg_s__rosidl_typesupport_fastrtps_c.cpython-310-x86_64-linux-gnu.so
[12.795s] -- Up-to-date symlink: /home/luke/automobile_capstone/src/install/interfaces_pkg/local/lib/python3.10/dist-packages/interfaces_pkg/interfaces_pkg_s__rosidl_typesupport_introspection_c.cpython-310-x86_64-linux-gnu.so
[12.795s] -- Up-to-date symlink: /home/luke/automobile_capstone/src/install/interfaces_pkg/local/lib/python3.10/dist-packages/interfaces_pkg/interfaces_pkg_s__rosidl_typesupport_c.cpython-310-x86_64-linux-gnu.so
[12.795s] -- Symlinking: /home/luke/automobile_capstone/src/install/interfaces_pkg/share/interfaces_pkg/msg/Point2D.idl
[12.801s] -- Symlinking: /home/luke/automobile_capstone/src/install/interfaces_pkg/share/interfaces_pkg/msg/Vector2.idl
[12.806s] -- Symlinking: /home/luke/automobile_capstone/src/install/interfaces_pkg/share/interfaces_pkg/msg/Pose2D.idl
[12.812s] -- Symlinking: /home/luke/automobile_capstone/src/install/interfaces_pkg/share/interfaces_pkg/msg/BoundingBox2D.idl
[12.817s] -- Symlinking: /home/luke/automobile_capstone/src/install/interfaces_pkg/share/interfaces_pkg/msg/BoundingBox3D.idl
[12.823s] -- Symlinking: /home/luke/automobile_capstone/src/install/interfaces_pkg/share/interfaces_pkg/msg/Mask.idl
[12.829s] -- Symlinking: /home/luke/automobile_capstone/src/install/interfaces_pkg/share/interfaces_pkg/msg/KeyPoint2D.idl
[12.834s] -- Symlinking: /home/luke/automobile_capstone/src/install/interfaces_pkg/share/interfaces_pkg/msg/KeyPoint2DArray.idl
[12.840s] -- Symlinking: /home/luke/automobile_capstone/src/install/interfaces_pkg/share/interfaces_pkg/msg/KeyPoint3D.idl
[12.845s] -- Symlinking: /home/luke/automobile_capstone/src/install/interfaces_pkg/share/interfaces_pkg/msg/KeyPoint3DArray.idl
[12.851s] -- Symlinking: /home/luke/automobile_capstone/src/install/interfaces_pkg/share/interfaces_pkg/msg/Detection.idl
[12.856s] -- Symlinking: /home/luke/automobile_capstone/src/install/interfaces_pkg/share/interfaces_pkg/msg/DetectionArray.idl
[12.862s] -- Symlinking: /home/luke/automobile_capstone/src/install/interfaces_pkg/share/interfaces_pkg/msg/LaneInfo.idl
[12.867s] -- Symlinking: /home/luke/automobile_capstone/src/install/interfaces_pkg/share/interfaces_pkg/msg/MotionCommand.idl
[12.873s] -- Symlinking: /home/luke/automobile_capstone/src/install/interfaces_pkg/share/interfaces_pkg/msg/TargetPoint.idl
[12.879s] -- Symlinking: /home/luke/automobile_capstone/src/install/interfaces_pkg/share/interfaces_pkg/msg/PathPlanningResult.idl
[12.884s] -- Symlinking: /home/luke/automobile_capstone/src/install/interfaces_pkg/share/interfaces_pkg/msg/Point2D.msg
[12.890s] -- Symlinking: /home/luke/automobile_capstone/src/install/interfaces_pkg/share/interfaces_pkg/msg/Vector2.msg
[12.895s] -- Symlinking: /home/luke/automobile_capstone/src/install/interfaces_pkg/share/interfaces_pkg/msg/Pose2D.msg
[12.901s] -- Symlinking: /home/luke/automobile_capstone/src/install/interfaces_pkg/share/interfaces_pkg/msg/BoundingBox2D.msg
[12.906s] -- Symlinking: /home/luke/automobile_capstone/src/install/interfaces_pkg/share/interfaces_pkg/msg/BoundingBox3D.msg
[12.912s] -- Symlinking: /home/luke/automobile_capstone/src/install/interfaces_pkg/share/interfaces_pkg/msg/Mask.msg
[12.917s] -- Symlinking: /home/luke/automobile_capstone/src/install/interfaces_pkg/share/interfaces_pkg/msg/KeyPoint2D.msg
[12.923s] -- Symlinking: /home/luke/automobile_capstone/src/install/interfaces_pkg/share/interfaces_pkg/msg/KeyPoint2DArray.msg
[12.929s] -- Symlinking: /home/luke/automobile_capstone/src/install/interfaces_pkg/share/interfaces_pkg/msg/KeyPoint3D.msg
[12.934s] -- Symlinking: /home/luke/automobile_capstone/src/install/interfaces_pkg/share/interfaces_pkg/msg/KeyPoint3DArray.msg
[12.940s] -- Symlinking: /home/luke/automobile_capstone/src/install/interfaces_pkg/share/interfaces_pkg/msg/Detection.msg
[12.945s] -- Symlinking: /home/luke/automobile_capstone/src/install/interfaces_pkg/share/interfaces_pkg/msg/DetectionArray.msg
[12.951s] -- Symlinking: /home/luke/automobile_capstone/src/install/interfaces_pkg/share/interfaces_pkg/msg/LaneInfo.msg
[12.957s] -- Symlinking: /home/luke/automobile_capstone/src/install/interfaces_pkg/share/interfaces_pkg/msg/MotionCommand.msg
[12.963s] -- Symlinking: /home/luke/automobile_capstone/src/install/interfaces_pkg/share/interfaces_pkg/msg/TargetPoint.msg
[12.968s] -- Symlinking: /home/luke/automobile_capstone/src/install/interfaces_pkg/share/interfaces_pkg/msg/PathPlanningResult.msg
[12.974s] -- Symlinking: /home/luke/automobile_capstone/src/install/interfaces_pkg/share/ament_index/resource_index/package_run_dependencies/interfaces_pkg
[12.979s] -- Symlinking: /home/luke/automobile_capstone/src/install/interfaces_pkg/share/ament_index/resource_index/parent_prefix_path/interfaces_pkg
[12.985s] -- Symlinking: /home/luke/automobile_capstone/src/install/interfaces_pkg/share/interfaces_pkg/environment/ament_prefix_path.sh
[12.991s] -- Symlinking: /home/luke/automobile_capstone/src/install/interfaces_pkg/share/interfaces_pkg/environment/ament_prefix_path.dsv
[12.996s] -- Symlinking: /home/luke/automobile_capstone/src/install/interfaces_pkg/share/interfaces_pkg/environment/path.sh
[13.002s] -- Symlinking: /home/luke/automobile_capstone/src/install/interfaces_pkg/share/interfaces_pkg/environment/path.dsv
[13.007s] -- Symlinking: /home/luke/automobile_capstone/src/install/interfaces_pkg/share/interfaces_pkg/local_setup.bash
[13.013s] -- Symlinking: /home/luke/automobile_capstone/src/install/interfaces_pkg/share/interfaces_pkg/local_setup.sh
[13.018s] -- Symlinking: /home/luke/automobile_capstone/src/install/interfaces_pkg/share/interfaces_pkg/local_setup.zsh
[13.024s] -- Symlinking: /home/luke/automobile_capstone/src/install/interfaces_pkg/share/interfaces_pkg/local_setup.dsv
[13.029s] -- Symlinking: /home/luke/automobile_capstone/src/install/interfaces_pkg/share/interfaces_pkg/package.dsv
[13.035s] -- Symlinking: /home/luke/automobile_capstone/src/install/interfaces_pkg/share/ament_index/resource_index/packages/interfaces_pkg
[13.041s] -- Symlinking: /home/luke/automobile_capstone/src/install/interfaces_pkg/share/interfaces_pkg/cmake/rosidl_cmake-extras.cmake
[13.046s] -- Symlinking: /home/luke/automobile_capstone/src/install/interfaces_pkg/share/interfaces_pkg/cmake/ament_cmake_export_dependencies-extras.cmake
[13.052s] -- Symlinking: /home/luke/automobile_capstone/src/install/interfaces_pkg/share/interfaces_pkg/cmake/ament_cmake_export_include_directories-extras.cmake
[13.058s] -- Symlinking: /home/luke/automobile_capstone/src/install/interfaces_pkg/share/interfaces_pkg/cmake/ament_cmake_export_libraries-extras.cmake
[13.064s] -- Symlinking: /home/luke/automobile_capstone/src/install/interfaces_pkg/share/interfaces_pkg/cmake/ament_cmake_export_targets-extras.cmake
[13.069s] -- Symlinking: /home/luke/automobile_capstone/src/install/interfaces_pkg/share/interfaces_pkg/cmake/rosidl_cmake_export_typesupport_targets-extras.cmake
[13.075s] -- Symlinking: /home/luke/automobile_capstone/src/install/interfaces_pkg/share/interfaces_pkg/cmake/rosidl_cmake_export_typesupport_libraries-extras.cmake
[13.081s] -- Symlinking: /home/luke/automobile_capstone/src/install/interfaces_pkg/share/interfaces_pkg/cmake/interfaces_pkgConfig.cmake
[13.086s] -- Symlinking: /home/luke/automobile_capstone/src/install/interfaces_pkg/share/interfaces_pkg/cmake/interfaces_pkgConfig-version.cmake
[13.092s] -- Symlinking: /home/luke/automobile_capstone/src/install/interfaces_pkg/share/interfaces_pkg/package.xml
[13.097s] -- Installing: /home/luke/automobile_capstone/src/install/interfaces_pkg/lib/libinterfaces_pkg__rosidl_generator_c.so
[13.098s] -- Set runtime path of "/home/luke/automobile_capstone/src/install/interfaces_pkg/lib/libinterfaces_pkg__rosidl_generator_c.so" to ""
[13.098s] -- Installing: /home/luke/automobile_capstone/src/install/interfaces_pkg/lib/libinterfaces_pkg__rosidl_typesupport_fastrtps_c.so
[13.098s] -- Set runtime path of "/home/luke/automobile_capstone/src/install/interfaces_pkg/lib/libinterfaces_pkg__rosidl_typesupport_fastrtps_c.so" to ""
[13.098s] -- Installing: /home/luke/automobile_capstone/src/install/interfaces_pkg/lib/libinterfaces_pkg__rosidl_typesupport_introspection_c.so
[13.098s] -- Set runtime path of "/home/luke/automobile_capstone/src/install/interfaces_pkg/lib/libinterfaces_pkg__rosidl_typesupport_introspection_c.so" to ""
[13.098s] -- Installing: /home/luke/automobile_capstone/src/install/interfaces_pkg/lib/libinterfaces_pkg__rosidl_typesupport_c.so
[13.098s] -- Set runtime path of "/home/luke/automobile_capstone/src/install/interfaces_pkg/lib/libinterfaces_pkg__rosidl_typesupport_c.so" to ""
[13.098s] -- Installing: /home/luke/automobile_capstone/src/install/interfaces_pkg/lib/libinterfaces_pkg__rosidl_typesupport_fastrtps_cpp.so
[13.099s] -- Set runtime path of "/home/luke/automobile_capstone/src/install/interfaces_pkg/lib/libinterfaces_pkg__rosidl_typesupport_fastrtps_cpp.so" to ""
[13.099s] -- Installing: /home/luke/automobile_capstone/src/install/interfaces_pkg/lib/libinterfaces_pkg__rosidl_typesupport_introspection_cpp.so
[13.099s] -- Set runtime path of "/home/luke/automobile_capstone/src/install/interfaces_pkg/lib/libinterfaces_pkg__rosidl_typesupport_introspection_cpp.so" to ""
[13.099s] -- Installing: /home/luke/automobile_capstone/src/install/interfaces_pkg/lib/libinterfaces_pkg__rosidl_typesupport_cpp.so
[13.099s] -- Set runtime path of "/home/luke/automobile_capstone/src/install/interfaces_pkg/lib/libinterfaces_pkg__rosidl_typesupport_cpp.so" to ""
[13.140s] Listing '/home/luke/automobile_capstone/src/install/interfaces_pkg/local/lib/python3.10/dist-packages/interfaces_pkg'...
[13.140s] Compiling '/home/luke/automobile_capstone/src/install/interfaces_pkg/local/lib/python3.10/dist-packages/interfaces_pkg/__init__.py'...
[13.140s] Listing '/home/luke/automobile_capstone/src/install/interfaces_pkg/local/lib/python3.10/dist-packages/interfaces_pkg/msg'...
[13.140s] Compiling '/home/luke/automobile_capstone/src/install/interfaces_pkg/local/lib/python3.10/dist-packages/interfaces_pkg/msg/__init__.py'...
[13.141s] Compiling '/home/luke/automobile_capstone/src/install/interfaces_pkg/local/lib/python3.10/dist-packages/interfaces_pkg/msg/_bounding_box2_d.py'...
[13.141s] Compiling '/home/luke/automobile_capstone/src/install/interfaces_pkg/local/lib/python3.10/dist-packages/interfaces_pkg/msg/_bounding_box3_d.py'...
[13.141s] Compiling '/home/luke/automobile_capstone/src/install/interfaces_pkg/local/lib/python3.10/dist-packages/interfaces_pkg/msg/_detection.py'...
[13.141s] Compiling '/home/luke/automobile_capstone/src/install/interfaces_pkg/local/lib/python3.10/dist-packages/interfaces_pkg/msg/_detection_array.py'...
[13.141s] Compiling '/home/luke/automobile_capstone/src/install/interfaces_pkg/local/lib/python3.10/dist-packages/interfaces_pkg/msg/_key_point2_d.py'...
[13.141s] Compiling '/home/luke/automobile_capstone/src/install/interfaces_pkg/local/lib/python3.10/dist-packages/interfaces_pkg/msg/_key_point2_d_array.py'...
[13.141s] Compiling '/home/luke/automobile_capstone/src/install/interfaces_pkg/local/lib/python3.10/dist-packages/interfaces_pkg/msg/_key_point3_d.py'...
[13.141s] Compiling '/home/luke/automobile_capstone/src/install/interfaces_pkg/local/lib/python3.10/dist-packages/interfaces_pkg/msg/_key_point3_d_array.py'...
[13.141s] Compiling '/home/luke/automobile_capstone/src/install/interfaces_pkg/local/lib/python3.10/dist-packages/interfaces_pkg/msg/_lane_info.py'...
[13.141s] Compiling '/home/luke/automobile_capstone/src/install/interfaces_pkg/local/lib/python3.10/dist-packages/interfaces_pkg/msg/_mask.py'...
[13.141s] Compiling '/home/luke/automobile_capstone/src/install/interfaces_pkg/local/lib/python3.10/dist-packages/interfaces_pkg/msg/_motion_command.py'...
[13.141s] Compiling '/home/luke/automobile_capstone/src/install/interfaces_pkg/local/lib/python3.10/dist-packages/interfaces_pkg/msg/_path_planning_result.py'...
[13.141s] Compiling '/home/luke/automobile_capstone/src/install/interfaces_pkg/local/lib/python3.10/dist-packages/interfaces_pkg/msg/_point2_d.py'...
[13.141s] Compiling '/home/luke/automobile_capstone/src/install/interfaces_pkg/local/lib/python3.10/dist-packages/interfaces_pkg/msg/_pose2_d.py'...
[13.141s] Compiling '/home/luke/automobile_capstone/src/install/interfaces_pkg/local/lib/python3.10/dist-packages/interfaces_pkg/msg/_target_point.py'...
[13.141s] Compiling '/home/luke/automobile_capstone/src/install/interfaces_pkg/local/lib/python3.10/dist-packages/interfaces_pkg/msg/_vector2.py'...
[13.144s] -- Installing: /home/luke/automobile_capstone/src/install/interfaces_pkg/lib/libinterfaces_pkg__rosidl_generator_py.so
[13.144s] -- Set runtime path of "/home/luke/automobile_capstone/src/install/interfaces_pkg/lib/libinterfaces_pkg__rosidl_generator_py.so" to ""
[13.144s] -- Installing: /home/luke/automobile_capstone/src/install/interfaces_pkg/share/interfaces_pkg/cmake/export_interfaces_pkg__rosidl_generator_cExport.cmake
[13.144s] -- Installing: /home/luke/automobile_capstone/src/install/interfaces_pkg/share/interfaces_pkg/cmake/export_interfaces_pkg__rosidl_generator_cExport-noconfig.cmake
[13.145s] -- Installing: /home/luke/automobile_capstone/src/install/interfaces_pkg/share/interfaces_pkg/cmake/export_interfaces_pkg__rosidl_typesupport_fastrtps_cExport.cmake
[13.145s] -- Installing: /home/luke/automobile_capstone/src/install/interfaces_pkg/share/interfaces_pkg/cmake/export_interfaces_pkg__rosidl_typesupport_fastrtps_cExport-noconfig.cmake
[13.145s] -- Installing: /home/luke/automobile_capstone/src/install/interfaces_pkg/share/interfaces_pkg/cmake/interfaces_pkg__rosidl_typesupport_introspection_cExport.cmake
[13.145s] -- Installing: /home/luke/automobile_capstone/src/install/interfaces_pkg/share/interfaces_pkg/cmake/interfaces_pkg__rosidl_typesupport_introspection_cExport-noconfig.cmake
[13.145s] -- Installing: /home/luke/automobile_capstone/src/install/interfaces_pkg/share/interfaces_pkg/cmake/interfaces_pkg__rosidl_typesupport_cExport.cmake
[13.145s] -- Installing: /home/luke/automobile_capstone/src/install/interfaces_pkg/share/interfaces_pkg/cmake/interfaces_pkg__rosidl_typesupport_cExport-noconfig.cmake
[13.145s] -- Installing: /home/luke/automobile_capstone/src/install/interfaces_pkg/share/interfaces_pkg/cmake/export_interfaces_pkg__rosidl_generator_cppExport.cmake
[13.145s] -- Installing: /home/luke/automobile_capstone/src/install/interfaces_pkg/share/interfaces_pkg/cmake/export_interfaces_pkg__rosidl_typesupport_fastrtps_cppExport.cmake
[13.145s] -- Installing: /home/luke/automobile_capstone/src/install/interfaces_pkg/share/interfaces_pkg/cmake/export_interfaces_pkg__rosidl_typesupport_fastrtps_cppExport-noconfig.cmake
[13.145s] -- Installing: /home/luke/automobile_capstone/src/install/interfaces_pkg/share/interfaces_pkg/cmake/interfaces_pkg__rosidl_typesupport_introspection_cppExport.cmake
[13.145s] -- Installing: /home/luke/automobile_capstone/src/install/interfaces_pkg/share/interfaces_pkg/cmake/interfaces_pkg__rosidl_typesupport_introspection_cppExport-noconfig.cmake
[13.145s] -- Installing: /home/luke/automobile_capstone/src/install/interfaces_pkg/share/interfaces_pkg/cmake/interfaces_pkg__rosidl_typesupport_cppExport.cmake
[13.146s] -- Installing: /home/luke/automobile_capstone/src/install/interfaces_pkg/share/interfaces_pkg/cmake/interfaces_pkg__rosidl_typesupport_cppExport-noconfig.cmake
[13.146s] -- Installing: /home/luke/automobile_capstone/src/install/interfaces_pkg/share/interfaces_pkg/cmake/export_interfaces_pkg__rosidl_generator_pyExport.cmake
[13.146s] -- Installing: /home/luke/automobile_capstone/src/install/interfaces_pkg/share/interfaces_pkg/cmake/export_interfaces_pkg__rosidl_generator_pyExport-noconfig.cmake
[13.148s] Invoked command in '/home/luke/automobile_capstone/src/build/interfaces_pkg' returned '0': CMAKE_PREFIX_PATH=/opt/ros/humble /usr/bin/cmake --install /home/luke/automobile_capstone/src/build/interfaces_pkg
