[1.767s] Invoking command in '/home/luke/automobile_capstone/src/build/debug_pkg': PYTHONPATH=/home/luke/automobile_capstone/src/build/debug_pkg/prefix_override:/usr/lib/python3/dist-packages/colcon_core/task/python/colcon_distutils_commands:/home/luke/automobile_capstone/src/install/debug_pkg/lib/python3.10/site-packages:${PYTHONPATH} /usr/bin/python3 -W ignore:setup.py install is deprecated -W ignore:easy_install command is deprecated setup.py develop --editable --build-directory /home/luke/automobile_capstone/src/build/debug_pkg/build --no-deps symlink_data
[2.011s] running develop
[2.150s] running egg_info
[2.150s] creating debug_pkg.egg-info
[2.150s] writing debug_pkg.egg-info/PKG-INFO
[2.150s] writing dependency_links to debug_pkg.egg-info/dependency_links.txt
[2.151s] writing entry points to debug_pkg.egg-info/entry_points.txt
[2.151s] writing requirements to debug_pkg.egg-info/requires.txt
[2.151s] writing top-level names to debug_pkg.egg-info/top_level.txt
[2.151s] writing manifest file 'debug_pkg.egg-info/SOURCES.txt'
[2.153s] reading manifest file 'debug_pkg.egg-info/SOURCES.txt'
[2.153s] writing manifest file 'debug_pkg.egg-info/SOURCES.txt'
[2.154s] running build_ext
[2.154s] Creating /home/luke/automobile_capstone/src/install/debug_pkg/lib/python3.10/site-packages/debug-pkg.egg-link (link to .)
[2.154s] Installing path_visualizer_node script to /home/luke/automobile_capstone/src/install/debug_pkg/lib/debug_pkg
[2.155s] Installing yolov8_visualizer_node script to /home/luke/automobile_capstone/src/install/debug_pkg/lib/debug_pkg
[2.155s] 
[2.155s] Installed /home/luke/automobile_capstone/src/build/debug_pkg
[2.155s] running symlink_data
[2.156s] creating /home/luke/automobile_capstone/src/install/debug_pkg/share/ament_index
[2.156s] creating /home/luke/automobile_capstone/src/install/debug_pkg/share/ament_index/resource_index
[2.156s] creating /home/luke/automobile_capstone/src/install/debug_pkg/share/ament_index/resource_index/packages
[2.156s] symbolically linking /home/luke/automobile_capstone/src/build/debug_pkg/resource/debug_pkg -> /home/luke/automobile_capstone/src/install/debug_pkg/share/ament_index/resource_index/packages
[2.156s] symbolically linking /home/luke/automobile_capstone/src/build/debug_pkg/package.xml -> /home/luke/automobile_capstone/src/install/debug_pkg/share/debug_pkg
[2.219s] Invoked command in '/home/luke/automobile_capstone/src/build/debug_pkg' returned '0': PYTHONPATH=/home/luke/automobile_capstone/src/build/debug_pkg/prefix_override:/usr/lib/python3/dist-packages/colcon_core/task/python/colcon_distutils_commands:/home/luke/automobile_capstone/src/install/debug_pkg/lib/python3.10/site-packages:${PYTHONPATH} /usr/bin/python3 -W ignore:setup.py install is deprecated -W ignore:easy_install command is deprecated setup.py develop --editable --build-directory /home/luke/automobile_capstone/src/build/debug_pkg/build --no-deps symlink_data
